INFO:root: a bit error in 6 in fundamental symmetry caused a 4 stab error: [0 1 2 3] errors
INFO:root: original code baord is  [0 0 1 0 0 1 1 1]
INFO:root: original_errors_board is  [0 0 1 0 0 1 1 1]
INFO:root: error board is code [0 0 1 0 0 1 1 1]
INFO:root: initial symmetry is: [0 0 1 0 0 1 1 1]
INFO:root:fundamental_stabilizer_parity_check_matrix is : [[0 1 1 1 0 0 1 0]
 [0 1 0 0 1 1 1 0]
 [0 0 1 0 0 1 1 1]
 [0 0 0 1 1 0 1 1]]
INFO:root:fundamental_single_error_syndromes is : {(2, 3, 6), (1, 3, 4), (0, 3, 3), (0, 1, 6), (1, 2, 5), (2, 3, 7), (0, 2, 2), (0, 1, 1)}
INFO:root: Hx [[0 0 0 1 0 0 0 0]
 [1 0 0 0 0 0 0 0]
 [0 1 0 0 0 0 0 0]
 [0 0 1 0 0 0 0 0]
 [0 0 0 0 0 0 0 1]
 [0 0 0 0 1 0 0 0]
 [0 0 0 0 0 1 0 0]
 [0 0 0 0 0 0 1 0]]
INFO:root: Hy is code [[0 0 0 0 1 0 0 0]
 [0 0 0 0 0 1 0 0]
 [0 0 0 0 0 0 1 0]
 [0 0 0 0 0 0 0 1]
 [1 0 0 0 0 0 0 0]
 [0 1 0 0 0 0 0 0]
 [0 0 1 0 0 0 0 0]
 [0 0 0 1 0 0 0 0]]
INFO:root: a bit error in 7 in fundamental symmetry caused a 4 stab error: [0 1 2 3] errors
INFO:root: a bit error in 1 in fundamental symmetry caused a 4 stab error: [0 1 2 3] errors
INFO:root:initial correction correction information: f[0, array([0, 0, 1, 0, 0, 1, 1, 1]), 'hori']
