INFO:root: a bit error in 6 in fundamental symmetry caused a 4 stab error: [2 3 4 5] errors
INFO:root: original code baord is  [0 0 1 0 0 1 1 1]
INFO:root: error board is code [0 0 1 0 0 1 1 1]
INFO:root: initial symmetry is: [0 0 1 0 0 1 1 1]
INFO:root:fundamental_stabilizer_parity_check_matrix is : [[0 0 0 0 0 0 0 0]
 [0 0 0 0 0 0 0 0]
 [0 1 1 1 0 0 1 0]
 [0 1 0 0 1 1 1 0]
 [0 0 1 0 0 1 1 1]
 [0 0 0 1 1 0 1 1]]
INFO:root:fundamental_matching_graph is : {(2, 3, 6), (4, 5, 7), (3, 4, 5), (4, 5, 6), (2, 3, 1), (2, 5, 3), (3, 5, 4), (2, 4, 2)}
INFO:root: Hx [[0 0 0 1 0 0 0 0]
 [1 0 0 0 0 0 0 0]
 [0 1 0 0 0 0 0 0]
 [0 0 1 0 0 0 0 0]
 [0 0 0 0 0 0 0 1]
 [0 0 0 0 1 0 0 0]
 [0 0 0 0 0 1 0 0]
 [0 0 0 0 0 0 1 0]]
INFO:root: Hy is code [[0 0 0 0 1 0 0 0]
 [0 0 0 0 0 1 0 0]
 [0 0 0 0 0 0 1 0]
 [0 0 0 0 0 0 0 1]
 [1 0 0 0 0 0 0 0]
 [0 1 0 0 0 0 0 0]
 [0 0 1 0 0 0 0 0]
 [0 0 0 1 0 0 0 0]]
