INFO:root:on bit: 0 and error set looks like: set()
INFO:root:on bit: 3 and error set looks like: set()
INFO:root:on bit: 6 and error set looks like: {(2, 4, 4), (2, 3, 3), (2, 5, 5)}
INFO:root:on bit: 9 and error set looks like: {(2, 4, 4), (2, 3, 3), (2, 5, 5)}
INFO:root:on bit: 12 and error set looks like: {(3, 6, 10), (2, 3, 3), (2, 5, 5), (2, 4, 4), (3, 4, 11)}
INFO:root:bit error in 12 in fundamental symmetry caused 4 errors
INFO:root:on bit: 15 and error set looks like: {(3, 6, 10), (5, 7, 12), (2, 3, 3), (2, 5, 5), (3, 4, 12), (2, 4, 4), (4, 5, 13), (5, 8, 14), (3, 4, 11)}
INFO:root:on bit: 18 and error set looks like: {(3, 6, 10), (5, 7, 12), (2, 3, 3), (2, 5, 5), (3, 4, 12), (2, 4, 4), (4, 5, 13), (5, 8, 14), (3, 4, 11), (6, 9, 17)}
INFO:root:on bit: 21 and error set looks like: {(3, 6, 10), (5, 7, 12), (2, 3, 3), (2, 5, 5), (7, 11, 20), (3, 4, 12), (6, 10, 18), (2, 4, 4), (4, 5, 13), (5, 8, 14), (3, 4, 11), (6, 9, 17), (6, 7, 19)}
INFO:root:on bit: 24 and error set looks like: {(3, 6, 10), (5, 7, 12), (2, 3, 3), (7, 8, 21), (2, 5, 5), (8, 12, 22), (7, 11, 20), (3, 4, 12), (6, 10, 18), (2, 4, 4), (4, 5, 13), (5, 8, 14), (3, 4, 11), (6, 9, 17), (8, 13, 23), (6, 7, 19)}
INFO:root:on bit: 27 and error set looks like: {(8, 12, 22), (9, 10, 25), (5, 8, 14), (8, 13, 23), (3, 6, 10), (5, 7, 12), (2, 3, 3), (6, 9, 17), (7, 8, 21), (7, 11, 20), (3, 4, 12), (6, 10, 18), (2, 4, 4), (6, 7, 19), (9, 10, 26), (2, 5, 5), (4, 5, 13), (3, 4, 11), (9, 13, 24)}
INFO:root:on bit: 30 and error set looks like: {(8, 12, 22), (9, 10, 25), (5, 8, 14), (10, 11, 27), (8, 13, 23), (3, 6, 10), (5, 7, 12), (2, 3, 3), (6, 9, 17), (2, 11, 28), (7, 8, 21), (7, 11, 20), (3, 4, 12), (6, 10, 18), (2, 4, 4), (6, 7, 19), (9, 10, 26), (2, 5, 5), (4, 5, 13), (3, 4, 11), (11, 12, 29), (9, 13, 24)}
INFO:root: original code baord is  [0 0 0 0 1 0 0 0 0 0 0 1 1 1 0 0 0 0 1 0 1 0 1 0 0 1 1 0 1 0 1 1]
INFO:root: error board is code [0 0 0 0 1 0 0 0 0 0 0 1 1 1 0 0 0 0 1 0 1 0 1 0 0 1 1 0 1 0 1 1]
INFO:root: initial symmetry is: [0 0 0 0 1 0 0 0 0 0 0 1 1 1 0 0 0 0 1 0 1 0 1 0 0 1 1 0 1 0 1 1]
INFO:root:fundamental_stabilizer_parity_check_matrix is : [[0 0 0 0 0 0 0 0 0 0 0 0 0 0 0 0 0 0 0 0 0 0 0 0 0 0 0 0 0 0 0 0]
 [0 0 0 0 0 0 0 0 0 0 0 0 0 0 0 0 0 0 0 0 0 0 0 0 0 0 0 0 0 0 0 0]
 [0 0 0 1 1 1 0 0 0 0 0 0 0 0 0 0 0 0 0 0 0 0 0 0 0 0 0 0 1 0 0 0]
 [0 0 0 1 0 0 0 0 0 0 1 1 1 0 0 0 0 0 0 0 0 0 0 0 0 0 0 0 0 0 0 0]
 [0 0 0 0 1 0 0 0 0 0 0 1 1 1 0 0 0 0 0 0 0 0 0 0 0 0 0 0 0 0 0 0]
 [0 0 0 0 0 1 0 0 0 0 0 0 1 1 1 0 0 0 0 0 0 0 0 0 0 0 0 0 0 0 0 0]
 [0 0 0 0 0 0 0 0 0 0 1 0 0 0 0 0 0 1 1 1 0 0 0 0 0 0 0 0 0 0 0 0]
 [0 0 0 0 0 0 0 0 0 0 0 0 1 0 0 0 0 0 0 1 1 1 0 0 0 0 0 0 0 0 0 0]
 [0 0 0 0 0 0 0 0 0 0 0 0 0 0 1 0 0 0 0 0 0 1 1 1 0 0 0 0 0 0 0 0]
 [0 0 0 0 0 0 0 0 0 0 0 0 0 0 0 0 0 1 0 0 0 0 0 0 1 1 1 0 0 0 0 0]
 [0 0 0 0 0 0 0 0 0 0 0 0 0 0 0 0 0 0 1 0 0 0 0 0 0 1 1 1 0 0 0 0]
 [0 0 0 0 0 0 0 0 0 0 0 0 0 0 0 0 0 0 0 0 1 0 0 0 0 0 0 1 1 1 0 0]
 [0 0 0 0 0 0 0 0 0 0 0 0 0 0 0 0 0 0 0 0 0 0 1 0 0 0 0 0 0 1 1 1]
 [0 0 0 0 0 0 0 0 0 0 0 0 0 0 0 0 0 0 0 0 0 0 0 1 1 0 0 0 0 0 1 1]]
INFO:root:fundamental_matching_graph is : {(8, 12, 22), (9, 10, 25), (5, 8, 14), (10, 11, 27), (8, 13, 23), (3, 6, 10), (5, 7, 12), (2, 3, 3), (12, 13, 31), (6, 9, 17), (2, 11, 28), (7, 8, 21), (7, 11, 20), (3, 4, 12), (6, 10, 18), (2, 4, 4), (12, 13, 30), (6, 7, 19), (9, 10, 26), (2, 5, 5), (4, 5, 13), (3, 4, 11), (11, 12, 29), (9, 13, 24)}
INFO:root: Hx [[0 0 0 ... 0 0 0]
 [1 0 0 ... 0 0 0]
 [0 1 0 ... 0 0 0]
 ...
 [0 0 0 ... 0 0 0]
 [0 0 0 ... 1 0 0]
 [0 0 0 ... 0 1 0]]
INFO:root: Hy is code [[0 0 0 ... 0 0 0]
 [0 0 0 ... 0 0 0]
 [0 0 0 ... 0 0 0]
 ...
 [0 0 0 ... 0 0 0]
 [0 0 0 ... 0 0 0]
 [0 0 0 ... 0 0 0]]
INFO:root:on bit: 0 and error set looks like: set()
INFO:root:bit error in 48 in fundamental symmetry caused 4 errors
INFO:root:on bit: 51 and error set looks like: {(3, 4, 48), (4, 5, 49), (5, 8, 50), (2, 3, 15), (2, 5, 17), (3, 4, 47), (2, 4, 16), (3, 6, 46), (5, 7, 48)}
INFO:root:on bit: 102 and error set looks like: {(3, 4, 48), (4, 5, 49), (8, 13, 83), (5, 8, 50), (2, 3, 15), (6, 7, 79), (2, 5, 17), (3, 4, 47), (7, 11, 80), (7, 8, 81), (8, 12, 82), (2, 4, 16), (6, 10, 78), (3, 6, 46), (5, 7, 48), (6, 9, 77)}
INFO:root:on bit: 153 and error set looks like: {(13, 16, 116), (4, 5, 49), (6, 7, 79), (16, 25, 149), (3, 4, 47), (9, 14, 108), (12, 13, 114), (9, 10, 110), (11, 15, 112), (5, 8, 50), (2, 3, 15), (8, 12, 82), (14, 17, 139), (15, 20, 143), (11, 12, 113), (3, 6, 46), (5, 7, 48), (9, 10, 109), (8, 13, 83), (15, 21, 144), (10, 11, 111), (2, 4, 16), (14, 18, 140), (6, 9, 77), (15, 22, 145), (3, 4, 48), (16, 23, 147), (2, 5, 17), (7, 11, 80), (7, 8, 81), (16, 24, 148), (12, 13, 115), (14, 19, 141), (6, 10, 78)}
INFO:root:bit error in 172 in fundamental symmetry caused 4 errors
INFO:root:bit error in 176 in fundamental symmetry caused 4 errors
INFO:root:bit error in 180 in fundamental symmetry caused 4 errors
INFO:root:on bit: 204 and error set looks like: {(13, 16, 116), (4, 5, 49), (19, 20, 174), (24, 25, 181), (6, 7, 79), (16, 25, 149), (26, 32, 202), (3, 4, 47), (9, 14, 108), (23, 24, 180), (22, 23, 178), (12, 13, 114), (25, 30, 182), (9, 10, 110), (18, 19, 173), (11, 15, 112), (5, 8, 50), (2, 3, 15), (8, 12, 82), (14, 17, 139), (15, 20, 143), (17, 18, 172), (11, 12, 113), (17, 26, 170), (23, 24, 179), (19, 27, 172), (3, 6, 46), (5, 7, 48), (25, 29, 180), (9, 10, 109), (22, 28, 176), (8, 13, 83), (15, 21, 144), (20, 21, 176), (10, 11, 111), (2, 4, 16), (17, 18, 171), (14, 18, 140), (6, 9, 77), (15, 22, 145), (3, 4, 48), (21, 22, 177), (26, 31, 201), (16, 23, 147), (2, 5, 17), (7, 11, 80), (7, 8, 81), (16, 24, 148), (26, 27, 203), (12, 13, 115), (14, 19, 141), (6, 10, 78), (20, 21, 175)}
INFO:root:bit error in 240 in fundamental symmetry caused 4 errors
INFO:root:on bit: 255 and error set looks like: {(31, 32, 234), (6, 7, 79), (35, 36, 239), (11, 15, 112), (17, 18, 172), (5, 7, 48), (37, 43, 240), (20, 21, 176), (10, 11, 111), (3, 4, 48), (32, 33, 235), (16, 23, 147), (7, 8, 81), (12, 13, 115), (14, 19, 141), (13, 16, 116), (4, 5, 49), (39, 40, 245), (24, 25, 181), (33, 34, 236), (16, 25, 149), (9, 14, 108), (23, 24, 180), (2, 3, 15), (11, 12, 113), (17, 26, 170), (3, 6, 46), (25, 29, 180), (27, 33, 204), (2, 4, 16), (17, 18, 171), (6, 9, 77), (40, 41, 247), (2, 5, 17), (41, 44, 248), (22, 23, 178), (12, 13, 114), (9, 10, 110), (18, 19, 173), (30, 40, 214), (8, 12, 82), (31, 32, 233), (23, 24, 179), (19, 27, 172), (15, 21, 144), (38, 39, 244), (28, 35, 207), (29, 38, 211), (15, 22, 145), (26, 31, 201), (27, 34, 205), (7, 11, 80), (36, 37, 241), (35, 36, 240), (6, 10, 78), (20, 21, 175), (19, 20, 174), (26, 32, 202), (3, 4, 47), (40, 41, 246), (37, 38, 242), (31, 42, 232), (28, 37, 209), (25, 30, 182), (5, 8, 50), (14, 17, 139), (15, 20, 143), (30, 41, 215), (9, 10, 109), (22, 28, 176), (8, 13, 83), (29, 30, 213), (14, 18, 140), (34, 35, 238), (21, 22, 177), (33, 34, 237), (16, 24, 148), (26, 27, 203), (28, 36, 208), (29, 39, 212), (38, 39, 243)}
INFO:root:bit error in 296 in fundamental symmetry caused 4 errors
INFO:root:bit error in 304 in fundamental symmetry caused 4 errors
INFO:root:on bit: 306 and error set looks like: {(49, 50, 305), (31, 32, 234), (47, 56, 298), (6, 7, 79), (35, 36, 239), (11, 15, 112), (17, 18, 172), (42, 45, 263), (5, 7, 48), (37, 43, 240), (20, 21, 176), (10, 11, 111), (3, 4, 48), (32, 33, 235), (16, 23, 147), (7, 8, 81), (48, 49, 304), (12, 13, 115), (14, 19, 141), (42, 47, 265), (45, 54, 294), (13, 16, 116), (4, 5, 49), (39, 40, 245), (24, 25, 181), (33, 34, 236), (16, 25, 149), (9, 14, 108), (23, 24, 180), (45, 46, 295), (2, 3, 15), (11, 12, 113), (17, 26, 170), (3, 6, 46), (25, 29, 180), (27, 33, 204), (42, 46, 264), (2, 4, 16), (17, 18, 171), (6, 9, 77), (44, 51, 279), (40, 41, 247), (2, 5, 17), (41, 44, 248), (44, 53, 281), (47, 55, 296), (22, 23, 178), (12, 13, 114), (9, 10, 110), (18, 19, 173), (30, 40, 214), (8, 12, 82), (31, 32, 233), (50, 58, 304), (23, 24, 179), (19, 27, 172), (15, 21, 144), (38, 39, 244), (28, 35, 207), (29, 38, 211), (15, 22, 145), (26, 31, 201), (27, 34, 205), (7, 11, 80), (36, 37, 241), (45, 46, 296), (35, 36, 240), (6, 10, 78), (44, 52, 280), (20, 21, 175), (43, 50, 273), (19, 20, 174), (26, 32, 202), (3, 4, 47), (40, 41, 246), (37, 38, 242), (31, 42, 232), (28, 37, 209), (25, 30, 182), (48, 49, 303), (5, 8, 50), (14, 17, 139), (15, 20, 143), (30, 41, 215), (9, 10, 109), (22, 28, 176), (8, 13, 83), (43, 48, 271), (29, 30, 213), (14, 18, 140), (34, 35, 238), (21, 22, 177), (33, 34, 237), (48, 57, 302), (16, 24, 148), (26, 27, 203), (28, 36, 208), (29, 39, 212), (46, 47, 297), (38, 39, 243), (43, 49, 272)}
INFO:root:bit error in 312 in fundamental symmetry caused 4 errors
INFO:root:on bit: 357 and error set looks like: {(49, 50, 305), (31, 32, 234), (47, 56, 298), (6, 7, 79), (54, 63, 325), (35, 36, 239), (11, 15, 112), (55, 65, 328), (63, 78, 356), (50, 59, 306), (17, 18, 172), (42, 45, 263), (5, 7, 48), (37, 43, 240), (20, 21, 176), (10, 11, 111), (60, 61, 343), (51, 60, 310), (3, 4, 48), (32, 33, 235), (16, 23, 147), (7, 8, 81), (48, 49, 304), (12, 13, 115), (51, 52, 311), (14, 19, 141), (54, 55, 327), (42, 47, 265), (45, 54, 294), (13, 16, 116), (4, 5, 49), (39, 40, 245), (24, 25, 181), (33, 34, 236), (16, 25, 149), (61, 75, 344), (57, 69, 334), (9, 14, 108), (23, 24, 180), (45, 46, 295), (2, 3, 15), (11, 12, 113), (17, 26, 170), (3, 6, 46), (25, 29, 180), (27, 33, 204), (59, 71, 338), (42, 46, 264), (2, 4, 16), (17, 18, 171), (60, 73, 341), (6, 9, 77), (44, 51, 279), (40, 41, 247), (2, 5, 17), (41, 44, 248), (44, 53, 281), (47, 55, 296), (55, 56, 329), (53, 62, 314), (57, 68, 333), (22, 23, 178), (12, 13, 114), (9, 10, 110), (18, 19, 173), (30, 40, 214), (56, 67, 331), (8, 12, 82), (31, 32, 233), (50, 58, 304), (23, 24, 179), (58, 59, 337), (19, 27, 172), (61, 62, 345), (51, 52, 312), (15, 21, 144), (38, 39, 244), (28, 35, 207), (29, 38, 211), (15, 22, 145), (26, 31, 201), (27, 34, 205), (52, 53, 313), (7, 11, 80), (59, 72, 339), (36, 37, 241), (45, 46, 296), (57, 58, 335), (35, 36, 240), (6, 10, 78), (44, 52, 280), (20, 21, 175), (43, 50, 273), (60, 74, 342), (19, 20, 174), (26, 32, 202), (3, 4, 47), (40, 41, 246), (37, 38, 242), (31, 42, 232), (28, 37, 209), (53, 61, 312), (25, 30, 182), (48, 49, 303), (54, 64, 326), (56, 66, 330), (5, 8, 50), (14, 17, 139), (15, 20, 143), (30, 41, 215), (62, 76, 346), (9, 10, 109), (22, 28, 176), (8, 13, 83), (43, 48, 271), (29, 30, 213), (14, 18, 140), (34, 35, 238), (58, 70, 336), (21, 22, 177), (33, 34, 237), (48, 57, 302), (16, 24, 148), (26, 27, 203), (28, 36, 208), (29, 39, 212), (46, 47, 297), (62, 77, 347), (38, 39, 243), (43, 49, 272)}
INFO:root:on bit: 408 and error set looks like: {(49, 50, 305), (31, 32, 234), (47, 56, 298), (6, 7, 79), (66, 67, 362), (63, 64, 358), (54, 63, 325), (35, 36, 239), (11, 15, 112), (55, 65, 328), (63, 78, 356), (50, 59, 306), (17, 18, 172), (42, 45, 263), (5, 7, 48), (80, 90, 400), (37, 43, 240), (20, 21, 176), (10, 11, 111), (60, 61, 343), (74, 75, 375), (51, 60, 310), (3, 4, 48), (32, 33, 235), (16, 23, 147), (7, 8, 81), (48, 49, 304), (73, 74, 373), (12, 13, 115), (70, 71, 369), (51, 52, 311), (14, 19, 141), (54, 55, 327), (42, 47, 265), (45, 54, 294), (13, 16, 116), (4, 5, 49), (39, 40, 245), (24, 25, 181), (33, 34, 236), (16, 25, 149), (61, 75, 344), (57, 69, 334), (9, 14, 108), (23, 24, 180), (45, 46, 295), (2, 3, 15), (11, 12, 113), (75, 76, 377), (17, 26, 170), (64, 65, 359), (3, 6, 46), (63, 64, 357), (25, 29, 180), (75, 81, 376), (27, 33, 204), (59, 71, 338), (42, 46, 264), (2, 4, 16), (17, 18, 171), (60, 73, 341), (71, 72, 370), (6, 9, 77), (72, 73, 372), (44, 51, 279), (40, 41, 247), (2, 5, 17), (41, 44, 248), (69, 70, 367), (44, 53, 281), (47, 55, 296), (68, 69, 366), (55, 56, 329), (53, 62, 314), (57, 68, 333), (22, 23, 178), (12, 13, 114), (9, 10, 110), (18, 19, 173), (30, 40, 214), (56, 67, 331), (8, 12, 82), (31, 32, 233), (50, 58, 304), (65, 79, 360), (23, 24, 179), (58, 59, 337), (19, 27, 172), (76, 77, 379), (77, 82, 380), (61, 62, 345), (51, 52, 312), (15, 21, 144), (38, 39, 244), (28, 35, 207), (29, 38, 211), (79, 86, 391), (15, 22, 145), (26, 31, 201), (27, 34, 205), (67, 68, 364), (52, 53, 313), (66, 67, 363), (7, 11, 80), (59, 72, 339), (36, 37, 241), (45, 46, 296), (57, 58, 335), (35, 36, 240), (6, 10, 78), (44, 52, 280), (20, 21, 175), (43, 50, 273), (60, 74, 342), (78, 84, 388), (79, 87, 392), (19, 20, 174), (26, 32, 202), (3, 4, 47), (40, 41, 246), (37, 38, 242), (31, 42, 232), (28, 37, 209), (70, 80, 368), (78, 85, 389), (79, 88, 393), (53, 61, 312), (25, 30, 182), (48, 49, 303), (54, 64, 326), (56, 66, 330), (80, 89, 399), (68, 69, 365), (5, 8, 50), (71, 72, 371), (14, 17, 139), (15, 20, 143), (30, 41, 215), (62, 76, 346), (9, 10, 109), (22, 28, 176), (8, 13, 83), (73, 74, 374), (43, 48, 271), (29, 30, 213), (14, 18, 140), (34, 35, 238), (58, 70, 336), (21, 22, 177), (33, 34, 237), (78, 83, 387), (76, 77, 378), (80, 91, 401), (48, 57, 302), (16, 24, 148), (26, 27, 203), (28, 36, 208), (29, 39, 212), (46, 47, 297), (62, 77, 347), (65, 66, 361), (38, 39, 243), (43, 49, 272), (81, 92, 407)}
INFO:root:bit error in 420 in fundamental symmetry caused 4 errors
INFO:root:bit error in 424 in fundamental symmetry caused 4 errors
INFO:root:bit error in 432 in fundamental symmetry caused 4 errors
INFO:root:bit error in 440 in fundamental symmetry caused 4 errors
INFO:root:bit error in 444 in fundamental symmetry caused 4 errors
INFO:root:on bit: 459 and error set looks like: {(49, 50, 305), (31, 32, 234), (47, 56, 298), (6, 7, 79), (94, 95, 442), (66, 67, 362), (63, 64, 358), (54, 63, 325), (35, 36, 239), (11, 15, 112), (55, 65, 328), (63, 78, 356), (50, 59, 306), (17, 18, 172), (101, 115, 458), (89, 102, 430), (42, 45, 263), (5, 7, 48), (82, 96, 412), (80, 90, 400), (37, 43, 240), (89, 90, 431), (20, 21, 176), (10, 11, 111), (60, 61, 343), (74, 75, 375), (51, 60, 310), (3, 4, 48), (92, 105, 438), (91, 103, 432), (32, 33, 235), (88, 101, 426), (16, 23, 147), (7, 8, 81), (48, 49, 304), (73, 74, 373), (98, 109, 449), (12, 13, 115), (70, 71, 369), (51, 52, 311), (14, 19, 141), (92, 93, 439), (54, 55, 327), (42, 47, 265), (45, 54, 294), (13, 16, 116), (4, 5, 49), (39, 40, 245), (24, 25, 181), (33, 34, 236), (16, 25, 149), (61, 75, 344), (95, 96, 443), (57, 69, 334), (9, 14, 108), (23, 24, 180), (98, 110, 450), (45, 46, 295), (2, 3, 15), (11, 12, 113), (75, 76, 377), (17, 26, 170), (64, 65, 359), (3, 6, 46), (63, 64, 357), (25, 29, 180), (75, 81, 376), (27, 33, 204), (59, 71, 338), (42, 46, 264), (2, 4, 16), (17, 18, 171), (82, 97, 413), (60, 73, 341), (71, 72, 370), (6, 9, 77), (72, 73, 372), (44, 51, 279), (97, 107, 444), (40, 41, 247), (2, 5, 17), (100, 113, 455), (41, 44, 248), (69, 70, 367), (44, 53, 281), (47, 55, 296), (68, 69, 366), (93, 94, 441), (100, 114, 456), (55, 56, 329), (53, 62, 314), (57, 68, 333), (86, 87, 424), (83, 84, 420), (22, 23, 178), (12, 13, 114), (9, 10, 110), (18, 19, 173), (30, 40, 214), (83, 98, 418), (56, 67, 331), (82, 95, 411), (8, 12, 82), (31, 32, 233), (87, 88, 425), (50, 58, 304), (65, 79, 360), (23, 24, 179), (58, 59, 337), (19, 27, 172), (76, 77, 379), (91, 104, 434), (77, 82, 380), (61, 62, 345), (51, 52, 312), (15, 21, 144), (85, 86, 422), (38, 39, 244), (28, 35, 207), (29, 38, 211), (79, 86, 391), (95, 96, 444), (15, 22, 145), (26, 31, 201), (27, 34, 205), (67, 68, 364), (88, 100, 424), (52, 53, 313), (66, 67, 363), (7, 11, 80), (59, 72, 339), (36, 37, 241), (45, 46, 296), (84, 85, 421), (57, 58, 335), (35, 36, 240), (6, 10, 78), (44, 52, 280), (20, 21, 175), (43, 50, 273), (60, 74, 342), (78, 84, 388), (79, 87, 392), (19, 20, 174), (26, 32, 202), (3, 4, 47), (40, 41, 246), (37, 38, 242), (31, 42, 232), (99, 111, 452), (28, 37, 209), (70, 80, 368), (78, 85, 389), (79, 88, 393), (53, 61, 312), (25, 30, 182), (48, 49, 303), (54, 64, 326), (81, 93, 408), (90, 91, 433), (99, 112, 453), (89, 90, 432), (56, 66, 330), (80, 89, 399), (85, 99, 420), (68, 69, 365), (5, 8, 50), (71, 72, 371), (14, 17, 139), (15, 20, 143), (81, 94, 409), (86, 87, 423), (83, 84, 419), (30, 41, 215), (62, 76, 346), (96, 97, 445), (9, 10, 109), (22, 28, 176), (8, 13, 83), (73, 74, 374), (43, 48, 271), (92, 93, 440), (100, 101, 457), (29, 30, 213), (14, 18, 140), (34, 35, 238), (58, 70, 336), (97, 108, 446), (21, 22, 177), (33, 34, 237), (94, 106, 440), (78, 83, 387), (76, 77, 378), (80, 91, 401), (48, 57, 302), (16, 24, 148), (26, 27, 203), (28, 36, 208), (29, 39, 212), (46, 47, 297), (62, 77, 347), (65, 66, 361), (98, 99, 451), (38, 39, 243), (43, 49, 272), (81, 92, 407)}
INFO:root:on bit: 510 and error set looks like: {(49, 50, 305), (31, 32, 234), (47, 56, 298), (6, 7, 79), (94, 95, 442), (66, 67, 362), (63, 64, 358), (54, 63, 325), (102, 117, 461), (35, 36, 239), (11, 15, 112), (55, 65, 328), (63, 78, 356), (50, 59, 306), (17, 18, 172), (101, 115, 458), (89, 102, 430), (102, 118, 462), (106, 124, 472), (121, 122, 500), (124, 125, 504), (126, 127, 508), (42, 45, 263), (5, 7, 48), (82, 96, 412), (120, 121, 499), (80, 90, 400), (37, 43, 240), (89, 90, 431), (20, 21, 176), (10, 11, 111), (60, 61, 343), (74, 75, 375), (51, 60, 310), (3, 4, 48), (92, 105, 438), (105, 122, 469), (112, 113, 486), (91, 103, 432), (32, 33, 235), (88, 101, 426), (16, 23, 147), (7, 8, 81), (48, 49, 304), (73, 74, 373), (98, 109, 449), (12, 13, 115), (70, 71, 369), (51, 52, 311), (14, 19, 141), (92, 93, 439), (2, 119, 496), (54, 55, 327), (42, 47, 265), (109, 110, 481), (45, 54, 294), (13, 16, 116), (104, 121, 467), (4, 5, 49), (114, 115, 489), (39, 40, 245), (24, 25, 181), (33, 34, 236), (16, 25, 149), (61, 75, 344), (95, 96, 443), (57, 69, 334), (9, 14, 108), (23, 24, 180), (108, 128, 478), (98, 110, 450), (45, 46, 295), (115, 116, 490), (2, 3, 15), (11, 12, 113), (75, 76, 377), (17, 26, 170), (64, 65, 359), (3, 6, 46), (63, 64, 357), (25, 29, 180), (119, 120, 497), (75, 81, 376), (27, 33, 204), (107, 108, 477), (101, 116, 459), (59, 71, 338), (42, 46, 264), (2, 4, 16), (17, 18, 171), (82, 97, 413), (60, 73, 341), (71, 72, 370), (6, 9, 77), (72, 73, 372), (44, 51, 279), (97, 107, 444), (126, 127, 507), (120, 121, 498), (40, 41, 247), (2, 5, 17), (100, 113, 455), (41, 44, 248), (69, 70, 367), (104, 120, 466), (44, 53, 281), (47, 55, 296), (68, 69, 366), (93, 94, 441), (100, 114, 456), (107, 126, 475), (55, 56, 329), (53, 62, 314), (57, 68, 333), (86, 87, 424), (83, 84, 420), (22, 23, 178), (107, 127, 476), (12, 13, 114), (9, 10, 110), (105, 106, 471), (18, 19, 173), (30, 40, 214), (83, 98, 418), (56, 67, 331), (82, 95, 411), (111, 112, 484), (8, 12, 82), (117, 118, 494), (31, 32, 233), (87, 88, 425), (50, 58, 304), (122, 123, 502), (65, 79, 360), (23, 24, 179), (58, 59, 337), (19, 27, 172), (103, 104, 465), (76, 77, 379), (91, 104, 434), (77, 82, 380), (127, 128, 509), (61, 62, 345), (51, 52, 312), (15, 21, 144), (85, 86, 422), (113, 114, 488), (38, 39, 244), (28, 35, 207), (29, 38, 211), (79, 86, 391), (95, 96, 444), (15, 22, 145), (26, 31, 201), (27, 34, 205), (67, 68, 364), (88, 100, 424), (52, 53, 313), (66, 67, 363), (116, 117, 492), (7, 11, 80), (59, 72, 339), (36, 37, 241), (45, 46, 296), (84, 85, 421), (115, 116, 491), (57, 58, 335), (35, 36, 240), (6, 10, 78), (110, 111, 483), (44, 52, 280), (20, 21, 175), (43, 50, 273), (60, 74, 342), (102, 103, 463), (78, 84, 388), (79, 87, 392), (103, 119, 464), (19, 20, 174), (118, 119, 495), (124, 125, 505), (26, 32, 202), (3, 4, 47), (40, 41, 246), (37, 38, 242), (31, 42, 232), (99, 111, 452), (28, 37, 209), (70, 80, 368), (78, 85, 389), (79, 88, 393), (53, 61, 312), (25, 30, 182), (48, 49, 303), (54, 64, 326), (81, 93, 408), (90, 91, 433), (99, 112, 453), (89, 90, 432), (56, 66, 330), (80, 89, 399), (85, 99, 420), (68, 69, 365), (5, 8, 50), (108, 129, 479), (71, 72, 371), (14, 17, 139), (15, 20, 143), (81, 94, 409), (125, 126, 506), (86, 87, 423), (106, 125, 473), (83, 84, 419), (30, 41, 215), (62, 76, 346), (96, 97, 445), (9, 10, 109), (22, 28, 176), (8, 13, 83), (73, 74, 374), (123, 124, 503), (43, 48, 271), (92, 93, 440), (117, 118, 493), (100, 101, 457), (109, 110, 482), (122, 123, 501), (29, 30, 213), (14, 18, 140), (34, 35, 238), (58, 70, 336), (97, 108, 446), (21, 22, 177), (33, 34, 237), (94, 106, 440), (109, 129, 480), (105, 123, 470), (78, 83, 387), (76, 77, 378), (80, 91, 401), (48, 57, 302), (16, 24, 148), (26, 27, 203), (28, 36, 208), (29, 39, 212), (46, 47, 297), (62, 77, 347), (65, 66, 361), (113, 114, 487), (98, 99, 451), (38, 39, 243), (43, 49, 272), (81, 92, 407), (111, 112, 485)}
INFO:root: original code baord is  [0 0 0 0 0 0 0 0 0 0 0 0 0 0 0 0 1 0 0 0 0 0 0 0 0 0 0 0 0 0 0 0 0 0 0 0 0
 0 0 0 0 0 0 0 0 0 0 1 1 1 0 0 0 0 0 0 0 0 0 0 0 0 0 0 0 0 0 0 0 0 0 0 0 0
 0 0 0 0 1 0 1 0 1 0 0 0 0 0 0 0 0 0 0 0 0 0 0 0 0 0 0 0 0 0 0 0 0 0 0 1 1
 0 1 0 1 1 0 0 0 0 0 0 0 0 0 0 0 0 0 0 0 0 0 0 0 0 0 0 0 0 1 0 0 0 1 0 0 0
 1 0 0 0 0 0 0 0 0 0 0 0 0 0 0 0 0 0 0 0 0 0 0 1 1 1 0 1 1 1 0 1 1 1 0 0 0
 0 0 0 0 0 0 0 0 0 0 0 0 0 0 0 0 0 1 0 1 0 0 0 1 0 0 0 1 0 1 0 0 0 0 0 0 0
 0 0 0 0 0 0 0 0 0 0 0 1 1 0 1 1 0 1 1 1 0 1 1 0 1 1 0 0 0 0 0 0 0 0 0 0 0
 0 0 0 0 0 1 0 0 0 0 0 0 0 1 0 0 0 0 0 0 0 1 0 0 0 0 0 0 0 0 0 0 0 0 0 0 1
 1 1 0 0 0 0 0 1 1 1 0 0 0 0 0 1 1 1 0 0 0 0 0 0 0 0 0 0 0 0 1 0 1 0 1 0 0
 0 1 0 1 0 1 0 0 0 1 0 1 0 1 0 0 0 0 0 0 0 0 0 0 1 1 0 1 0 1 1 0 1 1 0 1 0
 1 1 0 1 1 0 1 0 1 1 0 0 0 0 0 0 0 0 1 0 0 0 1 0 0 0 0 0 0 0 1 0 0 0 0 0 0
 0 1 0 0 0 1 0 0 0 0 0 0 1 1 1 0 1 1 1 0 0 0 0 0 1 1 1 0 0 0 0 0 1 1 1 0 1
 1 1 0 0 0 0 1 0 1 0 0 0 1 0 1 0 0 0 1 0 1 0 1 0 0 0 1 0 1 0 0 0 1 0 1 0 0
 1 1 0 1 1 0 1 1 0 1 1 0 1 1 0 1 0 1 1 0 1 1 0 1 1 0 1 1 0 1 1]
INFO:root: error board is code [0 0 0 0 0 0 0 0 0 0 0 0 0 0 0 0 1 0 0 0 0 0 0 0 0 0 0 0 0 0 0 0 0 0 0 0 0
 0 0 0 0 0 0 0 0 0 0 1 1 1 0 0 0 0 0 0 0 0 0 0 0 0 0 0 0 0 0 0 0 0 0 0 0 0
 0 0 0 0 1 0 1 0 1 0 0 0 0 0 0 0 0 0 0 0 0 0 0 0 0 0 0 0 0 0 0 0 0 0 0 0 1
 0 1 0 1 1 0 0 0 0 0 0 0 0 0 0 0 0 0 0 0 0 0 0 0 0 0 0 0 0 1 0 0 0 1 0 0 0
 1 0 0 0 0 0 0 0 0 0 0 0 0 0 0 0 0 0 0 0 0 0 0 1 1 1 0 1 1 1 0 1 1 1 0 0 0
 0 0 0 0 0 0 0 0 0 0 0 0 0 0 0 0 0 1 0 1 0 0 0 1 0 0 0 1 0 1 0 0 0 0 0 0 0
 0 0 0 0 0 0 0 0 0 0 0 1 1 0 1 1 0 1 1 1 0 1 1 0 1 1 0 0 0 0 0 0 0 0 0 0 0
 0 0 0 0 0 1 0 0 0 0 0 0 0 1 0 0 0 0 0 0 0 1 0 0 0 0 0 0 0 0 0 0 0 0 0 0 1
 1 1 0 0 0 0 0 1 1 1 0 0 0 0 0 1 1 1 0 0 0 0 0 0 0 0 0 0 0 0 1 0 1 0 1 0 0
 0 1 0 1 0 1 0 0 0 1 0 1 0 1 0 0 0 0 0 0 0 0 0 0 1 1 0 1 0 1 1 0 1 1 0 1 0
 1 1 0 1 1 0 1 0 1 1 0 0 0 0 0 0 0 0 1 0 0 0 1 0 0 0 0 0 0 0 1 0 0 0 0 0 0
 0 1 0 0 0 1 0 0 0 0 0 0 1 1 1 0 1 1 1 0 0 0 0 0 1 1 1 0 0 0 0 0 1 1 1 0 1
 1 1 0 0 0 0 1 0 1 0 0 0 1 0 1 0 0 0 1 0 1 0 1 0 0 0 1 0 1 0 0 0 1 0 1 0 0
 1 1 0 1 1 0 1 1 0 1 1 0 1 1 0 1 0 1 1 0 1 1 0 1 1 0 1 1 0 1 1]
INFO:root: initial symmetry is: [0 0 0 0 0 0 0 0 0 0 0 0 0 0 0 0 1 0 0 0 0 0 0 0 0 0 0 0 0 0 0 0 0 0 0 0 0
 0 0 0 0 0 0 0 0 0 0 1 1 1 0 0 0 0 0 0 0 0 0 0 0 0 0 0 0 0 0 0 0 0 0 0 0 0
 0 0 0 0 1 0 1 0 1 0 0 0 0 0 0 0 0 0 0 0 0 0 0 0 0 0 0 0 0 0 0 0 0 0 0 1 1
 0 1 0 1 1 0 0 0 0 0 0 0 0 0 0 0 0 0 0 0 0 0 0 0 0 0 0 0 0 1 0 0 0 1 0 0 0
 1 0 0 0 0 0 0 0 0 0 0 0 0 0 0 0 0 0 0 0 0 0 0 1 1 1 0 1 1 1 0 1 1 1 0 0 0
 0 0 0 0 0 0 0 0 0 0 0 0 0 0 0 0 0 1 0 1 0 0 0 1 0 0 0 1 0 1 0 0 0 0 0 0 0
 0 0 0 0 0 0 0 0 0 0 0 1 1 0 1 1 0 1 1 1 0 1 1 0 1 1 0 0 0 0 0 0 0 0 0 0 0
 0 0 0 0 0 1 0 0 0 0 0 0 0 1 0 0 0 0 0 0 0 1 0 0 0 0 0 0 0 0 0 0 0 0 0 0 1
 1 1 0 0 0 0 0 1 1 1 0 0 0 0 0 1 1 1 0 0 0 0 0 0 0 0 0 0 0 0 1 0 1 0 1 0 0
 0 1 0 1 0 1 0 0 0 1 0 1 0 1 0 0 0 0 0 0 0 0 0 0 1 1 0 1 0 1 1 0 1 1 0 1 0
 1 1 0 1 1 0 1 0 1 1 0 0 0 0 0 0 0 0 1 0 0 0 1 0 0 0 0 0 0 0 1 0 0 0 0 0 0
 0 1 0 0 0 1 0 0 0 0 0 0 1 1 1 0 1 1 1 0 0 0 0 0 1 1 1 0 0 0 0 0 1 1 1 0 1
 1 1 0 0 0 0 1 0 1 0 0 0 1 0 1 0 0 0 1 0 1 0 1 0 0 0 1 0 1 0 0 0 1 0 1 0 0
 1 1 0 1 1 0 1 1 0 1 1 0 1 1 0 1 0 1 1 0 1 1 0 1 1 0 1 1 0 1 1]
INFO:root:fundamental_stabilizer_parity_check_matrix is : [[0 0 0 ... 0 0 0]
 [0 0 0 ... 0 0 0]
 [0 0 0 ... 0 0 0]
 ...
 [0 0 0 ... 1 0 0]
 [0 0 0 ... 1 1 1]
 [0 0 0 ... 0 1 1]]
INFO:root:fundamental_matching_graph is : {(49, 50, 305), (31, 32, 234), (47, 56, 298), (6, 7, 79), (94, 95, 442), (66, 67, 362), (63, 64, 358), (54, 63, 325), (102, 117, 461), (35, 36, 239), (11, 15, 112), (55, 65, 328), (63, 78, 356), (50, 59, 306), (17, 18, 172), (101, 115, 458), (89, 102, 430), (102, 118, 462), (106, 124, 472), (121, 122, 500), (124, 125, 504), (126, 127, 508), (42, 45, 263), (5, 7, 48), (82, 96, 412), (120, 121, 499), (80, 90, 400), (37, 43, 240), (89, 90, 431), (20, 21, 176), (10, 11, 111), (60, 61, 343), (74, 75, 375), (51, 60, 310), (3, 4, 48), (92, 105, 438), (105, 122, 469), (112, 113, 486), (91, 103, 432), (32, 33, 235), (88, 101, 426), (16, 23, 147), (7, 8, 81), (48, 49, 304), (73, 74, 373), (98, 109, 449), (12, 13, 115), (70, 71, 369), (51, 52, 311), (14, 19, 141), (92, 93, 439), (2, 119, 496), (54, 55, 327), (42, 47, 265), (109, 110, 481), (45, 54, 294), (13, 16, 116), (104, 121, 467), (4, 5, 49), (114, 115, 489), (39, 40, 245), (24, 25, 181), (33, 34, 236), (16, 25, 149), (61, 75, 344), (95, 96, 443), (57, 69, 334), (9, 14, 108), (23, 24, 180), (128, 129, 511), (108, 128, 478), (98, 110, 450), (45, 46, 295), (115, 116, 490), (2, 3, 15), (11, 12, 113), (75, 76, 377), (17, 26, 170), (64, 65, 359), (3, 6, 46), (63, 64, 357), (25, 29, 180), (119, 120, 497), (75, 81, 376), (27, 33, 204), (107, 108, 477), (101, 116, 459), (59, 71, 338), (42, 46, 264), (2, 4, 16), (17, 18, 171), (82, 97, 413), (60, 73, 341), (71, 72, 370), (6, 9, 77), (72, 73, 372), (44, 51, 279), (97, 107, 444), (126, 127, 507), (120, 121, 498), (40, 41, 247), (2, 5, 17), (100, 113, 455), (41, 44, 248), (69, 70, 367), (104, 120, 466), (44, 53, 281), (47, 55, 296), (68, 69, 366), (93, 94, 441), (100, 114, 456), (107, 126, 475), (55, 56, 329), (53, 62, 314), (57, 68, 333), (86, 87, 424), (83, 84, 420), (22, 23, 178), (107, 127, 476), (12, 13, 114), (9, 10, 110), (105, 106, 471), (18, 19, 173), (30, 40, 214), (83, 98, 418), (56, 67, 331), (82, 95, 411), (111, 112, 484), (8, 12, 82), (117, 118, 494), (31, 32, 233), (87, 88, 425), (50, 58, 304), (122, 123, 502), (65, 79, 360), (23, 24, 179), (58, 59, 337), (19, 27, 172), (103, 104, 465), (76, 77, 379), (91, 104, 434), (77, 82, 380), (127, 128, 509), (61, 62, 345), (51, 52, 312), (15, 21, 144), (85, 86, 422), (113, 114, 488), (38, 39, 244), (28, 35, 207), (29, 38, 211), (79, 86, 391), (95, 96, 444), (15, 22, 145), (26, 31, 201), (27, 34, 205), (67, 68, 364), (88, 100, 424), (52, 53, 313), (66, 67, 363), (116, 117, 492), (7, 11, 80), (59, 72, 339), (36, 37, 241), (45, 46, 296), (84, 85, 421), (115, 116, 491), (57, 58, 335), (35, 36, 240), (6, 10, 78), (110, 111, 483), (44, 52, 280), (20, 21, 175), (43, 50, 273), (60, 74, 342), (102, 103, 463), (78, 84, 388), (79, 87, 392), (103, 119, 464), (19, 20, 174), (118, 119, 495), (124, 125, 505), (26, 32, 202), (3, 4, 47), (40, 41, 246), (37, 38, 242), (31, 42, 232), (99, 111, 452), (28, 37, 209), (70, 80, 368), (78, 85, 389), (79, 88, 393), (53, 61, 312), (25, 30, 182), (48, 49, 303), (54, 64, 326), (81, 93, 408), (90, 91, 433), (99, 112, 453), (89, 90, 432), (56, 66, 330), (80, 89, 399), (85, 99, 420), (68, 69, 365), (5, 8, 50), (108, 129, 479), (71, 72, 371), (14, 17, 139), (15, 20, 143), (81, 94, 409), (125, 126, 506), (86, 87, 423), (106, 125, 473), (83, 84, 419), (30, 41, 215), (128, 129, 510), (62, 76, 346), (96, 97, 445), (9, 10, 109), (22, 28, 176), (8, 13, 83), (73, 74, 374), (123, 124, 503), (43, 48, 271), (92, 93, 440), (117, 118, 493), (100, 101, 457), (109, 110, 482), (122, 123, 501), (29, 30, 213), (14, 18, 140), (34, 35, 238), (58, 70, 336), (97, 108, 446), (21, 22, 177), (33, 34, 237), (94, 106, 440), (109, 129, 480), (105, 123, 470), (78, 83, 387), (76, 77, 378), (80, 91, 401), (48, 57, 302), (16, 24, 148), (26, 27, 203), (28, 36, 208), (29, 39, 212), (46, 47, 297), (62, 77, 347), (65, 66, 361), (113, 114, 487), (98, 99, 451), (38, 39, 243), (43, 49, 272), (81, 92, 407), (111, 112, 485)}
INFO:root: Hx [[0 0 0 ... 0 0 0]
 [1 0 0 ... 0 0 0]
 [0 1 0 ... 0 0 0]
 ...
 [0 0 0 ... 0 0 0]
 [0 0 0 ... 1 0 0]
 [0 0 0 ... 0 1 0]]
INFO:root: Hy is code [[0 0 0 ... 0 0 0]
 [0 0 0 ... 0 0 0]
 [0 0 0 ... 0 0 0]
 ...
 [0 0 0 ... 0 0 0]
 [0 0 0 ... 0 0 0]
 [0 0 0 ... 0 0 0]]
INFO:root:bit error in 6 in fundamental symmetry caused 4 errors
INFO:root: original code baord is  [0 0 1 0 0 1 1 1]
INFO:root: error board is code [0 0 1 0 0 1 1 1]
INFO:root: initial symmetry is: [0 0 1 0 0 1 1 1]
INFO:root:fundamental_stabilizer_parity_check_matrix is : [[0 0 0 0 0 0 0 0]
 [0 0 0 0 0 0 0 0]
 [0 1 1 1 0 0 1 0]
 [0 1 0 0 1 1 1 0]
 [0 0 1 0 0 1 1 1]
 [0 0 0 1 1 0 1 1]]
INFO:root:fundamental_matching_graph is : {(2, 3, 6), (4, 5, 7), (3, 4, 5), (4, 5, 6), (2, 3, 1), (2, 5, 3), (3, 5, 4), (2, 4, 2)}
INFO:root: Hx [[0 0 0 1 0 0 0 0]
 [1 0 0 0 0 0 0 0]
 [0 1 0 0 0 0 0 0]
 [0 0 1 0 0 0 0 0]
 [0 0 0 0 0 0 0 1]
 [0 0 0 0 1 0 0 0]
 [0 0 0 0 0 1 0 0]
 [0 0 0 0 0 0 1 0]]
INFO:root: Hy is code [[0 0 0 0 1 0 0 0]
 [0 0 0 0 0 1 0 0]
 [0 0 0 0 0 0 1 0]
 [0 0 0 0 0 0 0 1]
 [1 0 0 0 0 0 0 0]
 [0 1 0 0 0 0 0 0]
 [0 0 1 0 0 0 0 0]
 [0 0 0 1 0 0 0 0]]
INFO:root:on bit: 0 and error set looks like: set()
INFO:root:bit error in 48 in fundamental symmetry caused 4 errors
INFO:root:on bit: 51 and error set looks like: {(3, 4, 48), (4, 5, 49), (5, 8, 50), (2, 3, 15), (2, 5, 17), (3, 4, 47), (2, 4, 16), (3, 6, 46), (5, 7, 48)}
INFO:root:on bit: 102 and error set looks like: {(3, 4, 48), (4, 5, 49), (8, 13, 83), (5, 8, 50), (2, 3, 15), (6, 7, 79), (2, 5, 17), (3, 4, 47), (7, 11, 80), (7, 8, 81), (8, 12, 82), (2, 4, 16), (6, 10, 78), (3, 6, 46), (5, 7, 48), (6, 9, 77)}
INFO:root:on bit: 153 and error set looks like: {(13, 16, 116), (4, 5, 49), (6, 7, 79), (16, 25, 149), (3, 4, 47), (9, 14, 108), (12, 13, 114), (9, 10, 110), (11, 15, 112), (5, 8, 50), (2, 3, 15), (8, 12, 82), (14, 17, 139), (15, 20, 143), (11, 12, 113), (3, 6, 46), (5, 7, 48), (9, 10, 109), (8, 13, 83), (15, 21, 144), (10, 11, 111), (2, 4, 16), (14, 18, 140), (6, 9, 77), (15, 22, 145), (3, 4, 48), (16, 23, 147), (2, 5, 17), (7, 11, 80), (7, 8, 81), (16, 24, 148), (12, 13, 115), (14, 19, 141), (6, 10, 78)}
INFO:root:bit error in 172 in fundamental symmetry caused 4 errors
INFO:root:bit error in 176 in fundamental symmetry caused 4 errors
INFO:root:bit error in 180 in fundamental symmetry caused 4 errors
INFO:root:on bit: 204 and error set looks like: {(13, 16, 116), (4, 5, 49), (19, 20, 174), (24, 25, 181), (6, 7, 79), (16, 25, 149), (26, 32, 202), (3, 4, 47), (9, 14, 108), (23, 24, 180), (22, 23, 178), (12, 13, 114), (25, 30, 182), (9, 10, 110), (18, 19, 173), (11, 15, 112), (5, 8, 50), (2, 3, 15), (8, 12, 82), (14, 17, 139), (15, 20, 143), (17, 18, 172), (11, 12, 113), (17, 26, 170), (23, 24, 179), (19, 27, 172), (3, 6, 46), (5, 7, 48), (25, 29, 180), (9, 10, 109), (22, 28, 176), (8, 13, 83), (15, 21, 144), (20, 21, 176), (10, 11, 111), (2, 4, 16), (17, 18, 171), (14, 18, 140), (6, 9, 77), (15, 22, 145), (3, 4, 48), (21, 22, 177), (26, 31, 201), (16, 23, 147), (2, 5, 17), (7, 11, 80), (7, 8, 81), (16, 24, 148), (26, 27, 203), (12, 13, 115), (14, 19, 141), (6, 10, 78), (20, 21, 175)}
INFO:root:bit error in 240 in fundamental symmetry caused 4 errors
INFO:root:on bit: 255 and error set looks like: {(31, 32, 234), (6, 7, 79), (35, 36, 239), (11, 15, 112), (17, 18, 172), (5, 7, 48), (37, 43, 240), (20, 21, 176), (10, 11, 111), (3, 4, 48), (32, 33, 235), (16, 23, 147), (7, 8, 81), (12, 13, 115), (14, 19, 141), (13, 16, 116), (4, 5, 49), (39, 40, 245), (24, 25, 181), (33, 34, 236), (16, 25, 149), (9, 14, 108), (23, 24, 180), (2, 3, 15), (11, 12, 113), (17, 26, 170), (3, 6, 46), (25, 29, 180), (27, 33, 204), (2, 4, 16), (17, 18, 171), (6, 9, 77), (40, 41, 247), (2, 5, 17), (41, 44, 248), (22, 23, 178), (12, 13, 114), (9, 10, 110), (18, 19, 173), (30, 40, 214), (8, 12, 82), (31, 32, 233), (23, 24, 179), (19, 27, 172), (15, 21, 144), (38, 39, 244), (28, 35, 207), (29, 38, 211), (15, 22, 145), (26, 31, 201), (27, 34, 205), (7, 11, 80), (36, 37, 241), (35, 36, 240), (6, 10, 78), (20, 21, 175), (19, 20, 174), (26, 32, 202), (3, 4, 47), (40, 41, 246), (37, 38, 242), (31, 42, 232), (28, 37, 209), (25, 30, 182), (5, 8, 50), (14, 17, 139), (15, 20, 143), (30, 41, 215), (9, 10, 109), (22, 28, 176), (8, 13, 83), (29, 30, 213), (14, 18, 140), (34, 35, 238), (21, 22, 177), (33, 34, 237), (16, 24, 148), (26, 27, 203), (28, 36, 208), (29, 39, 212), (38, 39, 243)}
INFO:root:bit error in 296 in fundamental symmetry caused 4 errors
INFO:root:bit error in 304 in fundamental symmetry caused 4 errors
INFO:root:on bit: 306 and error set looks like: {(49, 50, 305), (31, 32, 234), (47, 56, 298), (6, 7, 79), (35, 36, 239), (11, 15, 112), (17, 18, 172), (42, 45, 263), (5, 7, 48), (37, 43, 240), (20, 21, 176), (10, 11, 111), (3, 4, 48), (32, 33, 235), (16, 23, 147), (7, 8, 81), (48, 49, 304), (12, 13, 115), (14, 19, 141), (42, 47, 265), (45, 54, 294), (13, 16, 116), (4, 5, 49), (39, 40, 245), (24, 25, 181), (33, 34, 236), (16, 25, 149), (9, 14, 108), (23, 24, 180), (45, 46, 295), (2, 3, 15), (11, 12, 113), (17, 26, 170), (3, 6, 46), (25, 29, 180), (27, 33, 204), (42, 46, 264), (2, 4, 16), (17, 18, 171), (6, 9, 77), (44, 51, 279), (40, 41, 247), (2, 5, 17), (41, 44, 248), (44, 53, 281), (47, 55, 296), (22, 23, 178), (12, 13, 114), (9, 10, 110), (18, 19, 173), (30, 40, 214), (8, 12, 82), (31, 32, 233), (50, 58, 304), (23, 24, 179), (19, 27, 172), (15, 21, 144), (38, 39, 244), (28, 35, 207), (29, 38, 211), (15, 22, 145), (26, 31, 201), (27, 34, 205), (7, 11, 80), (36, 37, 241), (45, 46, 296), (35, 36, 240), (6, 10, 78), (44, 52, 280), (20, 21, 175), (43, 50, 273), (19, 20, 174), (26, 32, 202), (3, 4, 47), (40, 41, 246), (37, 38, 242), (31, 42, 232), (28, 37, 209), (25, 30, 182), (48, 49, 303), (5, 8, 50), (14, 17, 139), (15, 20, 143), (30, 41, 215), (9, 10, 109), (22, 28, 176), (8, 13, 83), (43, 48, 271), (29, 30, 213), (14, 18, 140), (34, 35, 238), (21, 22, 177), (33, 34, 237), (48, 57, 302), (16, 24, 148), (26, 27, 203), (28, 36, 208), (29, 39, 212), (46, 47, 297), (38, 39, 243), (43, 49, 272)}
INFO:root:bit error in 312 in fundamental symmetry caused 4 errors
INFO:root:on bit: 357 and error set looks like: {(49, 50, 305), (31, 32, 234), (47, 56, 298), (6, 7, 79), (54, 63, 325), (35, 36, 239), (11, 15, 112), (55, 65, 328), (63, 78, 356), (50, 59, 306), (17, 18, 172), (42, 45, 263), (5, 7, 48), (37, 43, 240), (20, 21, 176), (10, 11, 111), (60, 61, 343), (51, 60, 310), (3, 4, 48), (32, 33, 235), (16, 23, 147), (7, 8, 81), (48, 49, 304), (12, 13, 115), (51, 52, 311), (14, 19, 141), (54, 55, 327), (42, 47, 265), (45, 54, 294), (13, 16, 116), (4, 5, 49), (39, 40, 245), (24, 25, 181), (33, 34, 236), (16, 25, 149), (61, 75, 344), (57, 69, 334), (9, 14, 108), (23, 24, 180), (45, 46, 295), (2, 3, 15), (11, 12, 113), (17, 26, 170), (3, 6, 46), (25, 29, 180), (27, 33, 204), (59, 71, 338), (42, 46, 264), (2, 4, 16), (17, 18, 171), (60, 73, 341), (6, 9, 77), (44, 51, 279), (40, 41, 247), (2, 5, 17), (41, 44, 248), (44, 53, 281), (47, 55, 296), (55, 56, 329), (53, 62, 314), (57, 68, 333), (22, 23, 178), (12, 13, 114), (9, 10, 110), (18, 19, 173), (30, 40, 214), (56, 67, 331), (8, 12, 82), (31, 32, 233), (50, 58, 304), (23, 24, 179), (58, 59, 337), (19, 27, 172), (61, 62, 345), (51, 52, 312), (15, 21, 144), (38, 39, 244), (28, 35, 207), (29, 38, 211), (15, 22, 145), (26, 31, 201), (27, 34, 205), (52, 53, 313), (7, 11, 80), (59, 72, 339), (36, 37, 241), (45, 46, 296), (57, 58, 335), (35, 36, 240), (6, 10, 78), (44, 52, 280), (20, 21, 175), (43, 50, 273), (60, 74, 342), (19, 20, 174), (26, 32, 202), (3, 4, 47), (40, 41, 246), (37, 38, 242), (31, 42, 232), (28, 37, 209), (53, 61, 312), (25, 30, 182), (48, 49, 303), (54, 64, 326), (56, 66, 330), (5, 8, 50), (14, 17, 139), (15, 20, 143), (30, 41, 215), (62, 76, 346), (9, 10, 109), (22, 28, 176), (8, 13, 83), (43, 48, 271), (29, 30, 213), (14, 18, 140), (34, 35, 238), (58, 70, 336), (21, 22, 177), (33, 34, 237), (48, 57, 302), (16, 24, 148), (26, 27, 203), (28, 36, 208), (29, 39, 212), (46, 47, 297), (62, 77, 347), (38, 39, 243), (43, 49, 272)}
INFO:root:on bit: 408 and error set looks like: {(49, 50, 305), (31, 32, 234), (47, 56, 298), (6, 7, 79), (66, 67, 362), (63, 64, 358), (54, 63, 325), (35, 36, 239), (11, 15, 112), (55, 65, 328), (63, 78, 356), (50, 59, 306), (17, 18, 172), (42, 45, 263), (5, 7, 48), (80, 90, 400), (37, 43, 240), (20, 21, 176), (10, 11, 111), (60, 61, 343), (74, 75, 375), (51, 60, 310), (3, 4, 48), (32, 33, 235), (16, 23, 147), (7, 8, 81), (48, 49, 304), (73, 74, 373), (12, 13, 115), (70, 71, 369), (51, 52, 311), (14, 19, 141), (54, 55, 327), (42, 47, 265), (45, 54, 294), (13, 16, 116), (4, 5, 49), (39, 40, 245), (24, 25, 181), (33, 34, 236), (16, 25, 149), (61, 75, 344), (57, 69, 334), (9, 14, 108), (23, 24, 180), (45, 46, 295), (2, 3, 15), (11, 12, 113), (75, 76, 377), (17, 26, 170), (64, 65, 359), (3, 6, 46), (63, 64, 357), (25, 29, 180), (75, 81, 376), (27, 33, 204), (59, 71, 338), (42, 46, 264), (2, 4, 16), (17, 18, 171), (60, 73, 341), (71, 72, 370), (6, 9, 77), (72, 73, 372), (44, 51, 279), (40, 41, 247), (2, 5, 17), (41, 44, 248), (69, 70, 367), (44, 53, 281), (47, 55, 296), (68, 69, 366), (55, 56, 329), (53, 62, 314), (57, 68, 333), (22, 23, 178), (12, 13, 114), (9, 10, 110), (18, 19, 173), (30, 40, 214), (56, 67, 331), (8, 12, 82), (31, 32, 233), (50, 58, 304), (65, 79, 360), (23, 24, 179), (58, 59, 337), (19, 27, 172), (76, 77, 379), (77, 82, 380), (61, 62, 345), (51, 52, 312), (15, 21, 144), (38, 39, 244), (28, 35, 207), (29, 38, 211), (79, 86, 391), (15, 22, 145), (26, 31, 201), (27, 34, 205), (67, 68, 364), (52, 53, 313), (66, 67, 363), (7, 11, 80), (59, 72, 339), (36, 37, 241), (45, 46, 296), (57, 58, 335), (35, 36, 240), (6, 10, 78), (44, 52, 280), (20, 21, 175), (43, 50, 273), (60, 74, 342), (78, 84, 388), (79, 87, 392), (19, 20, 174), (26, 32, 202), (3, 4, 47), (40, 41, 246), (37, 38, 242), (31, 42, 232), (28, 37, 209), (70, 80, 368), (78, 85, 389), (79, 88, 393), (53, 61, 312), (25, 30, 182), (48, 49, 303), (54, 64, 326), (56, 66, 330), (80, 89, 399), (68, 69, 365), (5, 8, 50), (71, 72, 371), (14, 17, 139), (15, 20, 143), (30, 41, 215), (62, 76, 346), (9, 10, 109), (22, 28, 176), (8, 13, 83), (73, 74, 374), (43, 48, 271), (29, 30, 213), (14, 18, 140), (34, 35, 238), (58, 70, 336), (21, 22, 177), (33, 34, 237), (78, 83, 387), (76, 77, 378), (80, 91, 401), (48, 57, 302), (16, 24, 148), (26, 27, 203), (28, 36, 208), (29, 39, 212), (46, 47, 297), (62, 77, 347), (65, 66, 361), (38, 39, 243), (43, 49, 272), (81, 92, 407)}
INFO:root:bit error in 420 in fundamental symmetry caused 4 errors
INFO:root:bit error in 424 in fundamental symmetry caused 4 errors
INFO:root:bit error in 432 in fundamental symmetry caused 4 errors
INFO:root:bit error in 440 in fundamental symmetry caused 4 errors
INFO:root:bit error in 444 in fundamental symmetry caused 4 errors
INFO:root:on bit: 459 and error set looks like: {(49, 50, 305), (31, 32, 234), (47, 56, 298), (6, 7, 79), (94, 95, 442), (66, 67, 362), (63, 64, 358), (54, 63, 325), (35, 36, 239), (11, 15, 112), (55, 65, 328), (63, 78, 356), (50, 59, 306), (17, 18, 172), (101, 115, 458), (89, 102, 430), (42, 45, 263), (5, 7, 48), (82, 96, 412), (80, 90, 400), (37, 43, 240), (89, 90, 431), (20, 21, 176), (10, 11, 111), (60, 61, 343), (74, 75, 375), (51, 60, 310), (3, 4, 48), (92, 105, 438), (91, 103, 432), (32, 33, 235), (88, 101, 426), (16, 23, 147), (7, 8, 81), (48, 49, 304), (73, 74, 373), (98, 109, 449), (12, 13, 115), (70, 71, 369), (51, 52, 311), (14, 19, 141), (92, 93, 439), (54, 55, 327), (42, 47, 265), (45, 54, 294), (13, 16, 116), (4, 5, 49), (39, 40, 245), (24, 25, 181), (33, 34, 236), (16, 25, 149), (61, 75, 344), (95, 96, 443), (57, 69, 334), (9, 14, 108), (23, 24, 180), (98, 110, 450), (45, 46, 295), (2, 3, 15), (11, 12, 113), (75, 76, 377), (17, 26, 170), (64, 65, 359), (3, 6, 46), (63, 64, 357), (25, 29, 180), (75, 81, 376), (27, 33, 204), (59, 71, 338), (42, 46, 264), (2, 4, 16), (17, 18, 171), (82, 97, 413), (60, 73, 341), (71, 72, 370), (6, 9, 77), (72, 73, 372), (44, 51, 279), (97, 107, 444), (40, 41, 247), (2, 5, 17), (100, 113, 455), (41, 44, 248), (69, 70, 367), (44, 53, 281), (47, 55, 296), (68, 69, 366), (93, 94, 441), (100, 114, 456), (55, 56, 329), (53, 62, 314), (57, 68, 333), (86, 87, 424), (83, 84, 420), (22, 23, 178), (12, 13, 114), (9, 10, 110), (18, 19, 173), (30, 40, 214), (83, 98, 418), (56, 67, 331), (82, 95, 411), (8, 12, 82), (31, 32, 233), (87, 88, 425), (50, 58, 304), (65, 79, 360), (23, 24, 179), (58, 59, 337), (19, 27, 172), (76, 77, 379), (91, 104, 434), (77, 82, 380), (61, 62, 345), (51, 52, 312), (15, 21, 144), (85, 86, 422), (38, 39, 244), (28, 35, 207), (29, 38, 211), (79, 86, 391), (95, 96, 444), (15, 22, 145), (26, 31, 201), (27, 34, 205), (67, 68, 364), (88, 100, 424), (52, 53, 313), (66, 67, 363), (7, 11, 80), (59, 72, 339), (36, 37, 241), (45, 46, 296), (84, 85, 421), (57, 58, 335), (35, 36, 240), (6, 10, 78), (44, 52, 280), (20, 21, 175), (43, 50, 273), (60, 74, 342), (78, 84, 388), (79, 87, 392), (19, 20, 174), (26, 32, 202), (3, 4, 47), (40, 41, 246), (37, 38, 242), (31, 42, 232), (99, 111, 452), (28, 37, 209), (70, 80, 368), (78, 85, 389), (79, 88, 393), (53, 61, 312), (25, 30, 182), (48, 49, 303), (54, 64, 326), (81, 93, 408), (90, 91, 433), (99, 112, 453), (89, 90, 432), (56, 66, 330), (80, 89, 399), (85, 99, 420), (68, 69, 365), (5, 8, 50), (71, 72, 371), (14, 17, 139), (15, 20, 143), (81, 94, 409), (86, 87, 423), (83, 84, 419), (30, 41, 215), (62, 76, 346), (96, 97, 445), (9, 10, 109), (22, 28, 176), (8, 13, 83), (73, 74, 374), (43, 48, 271), (92, 93, 440), (100, 101, 457), (29, 30, 213), (14, 18, 140), (34, 35, 238), (58, 70, 336), (97, 108, 446), (21, 22, 177), (33, 34, 237), (94, 106, 440), (78, 83, 387), (76, 77, 378), (80, 91, 401), (48, 57, 302), (16, 24, 148), (26, 27, 203), (28, 36, 208), (29, 39, 212), (46, 47, 297), (62, 77, 347), (65, 66, 361), (98, 99, 451), (38, 39, 243), (43, 49, 272), (81, 92, 407)}
INFO:root:on bit: 510 and error set looks like: {(49, 50, 305), (31, 32, 234), (47, 56, 298), (6, 7, 79), (94, 95, 442), (66, 67, 362), (63, 64, 358), (54, 63, 325), (102, 117, 461), (35, 36, 239), (11, 15, 112), (55, 65, 328), (63, 78, 356), (50, 59, 306), (17, 18, 172), (101, 115, 458), (89, 102, 430), (102, 118, 462), (106, 124, 472), (121, 122, 500), (124, 125, 504), (126, 127, 508), (42, 45, 263), (5, 7, 48), (82, 96, 412), (120, 121, 499), (80, 90, 400), (37, 43, 240), (89, 90, 431), (20, 21, 176), (10, 11, 111), (60, 61, 343), (74, 75, 375), (51, 60, 310), (3, 4, 48), (92, 105, 438), (105, 122, 469), (112, 113, 486), (91, 103, 432), (32, 33, 235), (88, 101, 426), (16, 23, 147), (7, 8, 81), (48, 49, 304), (73, 74, 373), (98, 109, 449), (12, 13, 115), (70, 71, 369), (51, 52, 311), (14, 19, 141), (92, 93, 439), (2, 119, 496), (54, 55, 327), (42, 47, 265), (109, 110, 481), (45, 54, 294), (13, 16, 116), (104, 121, 467), (4, 5, 49), (114, 115, 489), (39, 40, 245), (24, 25, 181), (33, 34, 236), (16, 25, 149), (61, 75, 344), (95, 96, 443), (57, 69, 334), (9, 14, 108), (23, 24, 180), (108, 128, 478), (98, 110, 450), (45, 46, 295), (115, 116, 490), (2, 3, 15), (11, 12, 113), (75, 76, 377), (17, 26, 170), (64, 65, 359), (3, 6, 46), (63, 64, 357), (25, 29, 180), (119, 120, 497), (75, 81, 376), (27, 33, 204), (107, 108, 477), (101, 116, 459), (59, 71, 338), (42, 46, 264), (2, 4, 16), (17, 18, 171), (82, 97, 413), (60, 73, 341), (71, 72, 370), (6, 9, 77), (72, 73, 372), (44, 51, 279), (97, 107, 444), (126, 127, 507), (120, 121, 498), (40, 41, 247), (2, 5, 17), (100, 113, 455), (41, 44, 248), (69, 70, 367), (104, 120, 466), (44, 53, 281), (47, 55, 296), (68, 69, 366), (93, 94, 441), (100, 114, 456), (107, 126, 475), (55, 56, 329), (53, 62, 314), (57, 68, 333), (86, 87, 424), (83, 84, 420), (22, 23, 178), (107, 127, 476), (12, 13, 114), (9, 10, 110), (105, 106, 471), (18, 19, 173), (30, 40, 214), (83, 98, 418), (56, 67, 331), (82, 95, 411), (111, 112, 484), (8, 12, 82), (117, 118, 494), (31, 32, 233), (87, 88, 425), (50, 58, 304), (122, 123, 502), (65, 79, 360), (23, 24, 179), (58, 59, 337), (19, 27, 172), (103, 104, 465), (76, 77, 379), (91, 104, 434), (77, 82, 380), (127, 128, 509), (61, 62, 345), (51, 52, 312), (15, 21, 144), (85, 86, 422), (113, 114, 488), (38, 39, 244), (28, 35, 207), (29, 38, 211), (79, 86, 391), (95, 96, 444), (15, 22, 145), (26, 31, 201), (27, 34, 205), (67, 68, 364), (88, 100, 424), (52, 53, 313), (66, 67, 363), (116, 117, 492), (7, 11, 80), (59, 72, 339), (36, 37, 241), (45, 46, 296), (84, 85, 421), (115, 116, 491), (57, 58, 335), (35, 36, 240), (6, 10, 78), (110, 111, 483), (44, 52, 280), (20, 21, 175), (43, 50, 273), (60, 74, 342), (102, 103, 463), (78, 84, 388), (79, 87, 392), (103, 119, 464), (19, 20, 174), (118, 119, 495), (124, 125, 505), (26, 32, 202), (3, 4, 47), (40, 41, 246), (37, 38, 242), (31, 42, 232), (99, 111, 452), (28, 37, 209), (70, 80, 368), (78, 85, 389), (79, 88, 393), (53, 61, 312), (25, 30, 182), (48, 49, 303), (54, 64, 326), (81, 93, 408), (90, 91, 433), (99, 112, 453), (89, 90, 432), (56, 66, 330), (80, 89, 399), (85, 99, 420), (68, 69, 365), (5, 8, 50), (108, 129, 479), (71, 72, 371), (14, 17, 139), (15, 20, 143), (81, 94, 409), (125, 126, 506), (86, 87, 423), (106, 125, 473), (83, 84, 419), (30, 41, 215), (62, 76, 346), (96, 97, 445), (9, 10, 109), (22, 28, 176), (8, 13, 83), (73, 74, 374), (123, 124, 503), (43, 48, 271), (92, 93, 440), (117, 118, 493), (100, 101, 457), (109, 110, 482), (122, 123, 501), (29, 30, 213), (14, 18, 140), (34, 35, 238), (58, 70, 336), (97, 108, 446), (21, 22, 177), (33, 34, 237), (94, 106, 440), (109, 129, 480), (105, 123, 470), (78, 83, 387), (76, 77, 378), (80, 91, 401), (48, 57, 302), (16, 24, 148), (26, 27, 203), (28, 36, 208), (29, 39, 212), (46, 47, 297), (62, 77, 347), (65, 66, 361), (113, 114, 487), (98, 99, 451), (38, 39, 243), (43, 49, 272), (81, 92, 407), (111, 112, 485)}
INFO:root: original code baord is  [0 0 0 0 0 0 0 0 0 0 0 0 0 0 0 0 1 0 0 0 0 0 0 0 0 0 0 0 0 0 0 0 0 0 0 0 0
 0 0 0 0 0 0 0 0 0 0 1 1 1 0 0 0 0 0 0 0 0 0 0 0 0 0 0 0 0 0 0 0 0 0 0 0 0
 0 0 0 0 1 0 1 0 1 0 0 0 0 0 0 0 0 0 0 0 0 0 0 0 0 0 0 0 0 0 0 0 0 0 0 1 1
 0 1 0 1 1 0 0 0 0 0 0 0 0 0 0 0 0 0 0 0 0 0 0 0 0 0 0 0 0 1 0 0 0 1 0 0 0
 1 0 0 0 0 0 0 0 0 0 0 0 0 0 0 0 0 0 0 0 0 0 0 1 1 1 0 1 1 1 0 1 1 1 0 0 0
 0 0 0 0 0 0 0 0 0 0 0 0 0 0 0 0 0 1 0 1 0 0 0 1 0 0 0 1 0 1 0 0 0 0 0 0 0
 0 0 0 0 0 0 0 0 0 0 0 1 1 0 1 1 0 1 1 1 0 1 1 0 1 1 0 0 0 0 0 0 0 0 0 0 0
 0 0 0 0 0 1 0 0 0 0 0 0 0 1 0 0 0 0 0 0 0 1 0 0 0 0 0 0 0 0 0 0 0 0 0 0 1
 1 1 0 0 0 0 0 1 1 1 0 0 0 0 0 1 1 1 0 0 0 0 0 0 0 0 0 0 0 0 1 0 1 0 1 0 0
 0 1 0 1 0 1 0 0 0 1 0 1 0 1 0 0 0 0 0 0 0 0 0 0 1 1 0 1 0 1 1 0 1 1 0 1 0
 1 1 0 1 1 0 1 0 1 1 0 0 0 0 0 0 0 0 1 0 0 0 1 0 0 0 0 0 0 0 1 0 0 0 0 0 0
 0 1 0 0 0 1 0 0 0 0 0 0 1 1 1 0 1 1 1 0 0 0 0 0 1 1 1 0 0 0 0 0 1 1 1 0 1
 1 1 0 0 0 0 1 0 1 0 0 0 1 0 1 0 0 0 1 0 1 0 1 0 0 0 1 0 1 0 0 0 1 0 1 0 0
 1 1 0 1 1 0 1 1 0 1 1 0 1 1 0 1 0 1 1 0 1 1 0 1 1 0 1 1 0 1 1]
INFO:root: error board is code [0 0 0 0 0 0 0 0 0 0 0 0 0 0 0 0 1 0 0 0 0 0 0 0 0 0 0 0 0 0 0 0 0 0 0 0 0
 0 0 0 0 0 0 0 0 0 0 1 1 1 0 0 0 0 0 0 0 0 0 0 0 0 0 0 0 0 0 0 0 0 0 0 0 0
 0 0 0 0 1 0 1 0 1 0 0 0 0 0 0 0 0 0 0 0 0 0 0 0 0 0 0 0 0 0 0 0 0 0 0 1 1
 0 1 0 1 1 0 0 0 0 0 0 0 0 0 0 0 0 0 0 0 0 0 0 0 0 0 0 0 1 1 0 0 0 1 0 0 0
 1 0 0 0 0 0 0 0 0 0 0 0 0 0 0 0 0 0 0 0 0 0 0 1 1 1 0 1 1 1 0 1 1 1 0 0 0
 0 0 0 0 0 0 0 0 0 0 0 0 0 0 0 0 0 1 0 1 0 0 0 1 0 0 0 1 0 1 0 0 0 0 0 0 0
 0 0 0 0 0 0 0 0 0 0 0 1 1 0 1 1 0 1 1 1 0 1 1 0 1 1 0 0 0 0 0 0 0 0 0 0 0
 0 0 0 0 0 1 0 0 0 0 0 0 0 1 0 0 0 0 0 0 0 1 0 0 0 0 0 0 0 0 0 0 0 0 0 0 1
 1 1 0 0 0 0 0 1 1 1 0 0 0 0 0 1 1 1 0 0 0 0 0 0 0 0 0 0 0 0 1 0 1 0 1 0 0
 0 1 0 1 0 1 0 0 0 1 0 1 0 1 0 0 0 0 0 0 0 0 0 0 1 1 0 1 0 1 1 0 1 1 0 1 0
 1 1 0 1 1 0 1 0 1 1 0 0 0 0 0 0 0 0 1 0 0 0 1 0 0 0 0 0 0 0 1 0 0 0 0 0 0
 0 1 0 0 0 1 0 0 0 0 0 0 1 1 1 0 1 1 1 0 0 0 0 0 1 1 1 0 0 0 0 0 1 1 1 0 1
 1 1 0 0 0 0 1 0 1 0 0 0 1 0 1 0 0 0 1 0 1 0 1 0 0 0 1 0 1 0 0 0 1 0 1 0 0
 1 1 0 1 1 0 1 1 0 1 1 0 1 1 0 1 0 1 1 0 1 1 0 1 1 0 1 1 0 1 1]
INFO:root: initial symmetry is: [0 0 0 0 0 0 0 0 0 0 0 0 0 0 0 0 1 0 0 0 0 0 0 0 0 0 0 0 0 0 0 0 0 0 0 0 0
 0 0 0 0 0 0 0 0 0 0 1 1 1 0 0 0 0 0 0 0 0 0 0 0 0 0 0 0 0 0 0 0 0 0 0 0 0
 0 0 0 0 1 0 1 0 1 0 0 0 0 0 0 0 0 0 0 0 0 0 0 0 0 0 0 0 0 0 0 0 0 0 0 1 1
 0 1 0 1 1 0 0 0 0 0 0 0 0 0 0 0 0 0 0 0 0 0 0 0 0 0 0 0 0 1 0 0 0 1 0 0 0
 1 0 0 0 0 0 0 0 0 0 0 0 0 0 0 0 0 0 0 0 0 0 0 1 1 1 0 1 1 1 0 1 1 1 0 0 0
 0 0 0 0 0 0 0 0 0 0 0 0 0 0 0 0 0 1 0 1 0 0 0 1 0 0 0 1 0 1 0 0 0 0 0 0 0
 0 0 0 0 0 0 0 0 0 0 0 1 1 0 1 1 0 1 1 1 0 1 1 0 1 1 0 0 0 0 0 0 0 0 0 0 0
 0 0 0 0 0 1 0 0 0 0 0 0 0 1 0 0 0 0 0 0 0 1 0 0 0 0 0 0 0 0 0 0 0 0 0 0 1
 1 1 0 0 0 0 0 1 1 1 0 0 0 0 0 1 1 1 0 0 0 0 0 0 0 0 0 0 0 0 1 0 1 0 1 0 0
 0 1 0 1 0 1 0 0 0 1 0 1 0 1 0 0 0 0 0 0 0 0 0 0 1 1 0 1 0 1 1 0 1 1 0 1 0
 1 1 0 1 1 0 1 0 1 1 0 0 0 0 0 0 0 0 1 0 0 0 1 0 0 0 0 0 0 0 1 0 0 0 0 0 0
 0 1 0 0 0 1 0 0 0 0 0 0 1 1 1 0 1 1 1 0 0 0 0 0 1 1 1 0 0 0 0 0 1 1 1 0 1
 1 1 0 0 0 0 1 0 1 0 0 0 1 0 1 0 0 0 1 0 1 0 1 0 0 0 1 0 1 0 0 0 1 0 1 0 0
 1 1 0 1 1 0 1 1 0 1 1 0 1 1 0 1 0 1 1 0 1 1 0 1 1 0 1 1 0 1 1]
INFO:root:fundamental_stabilizer_parity_check_matrix is : [[0 0 0 ... 0 0 0]
 [0 0 0 ... 0 0 0]
 [0 0 0 ... 0 0 0]
 ...
 [0 0 0 ... 1 0 0]
 [0 0 0 ... 1 1 1]
 [0 0 0 ... 0 1 1]]
INFO:root:fundamental_matching_graph is : {(49, 50, 305), (31, 32, 234), (47, 56, 298), (6, 7, 79), (94, 95, 442), (66, 67, 362), (63, 64, 358), (54, 63, 325), (102, 117, 461), (35, 36, 239), (11, 15, 112), (55, 65, 328), (63, 78, 356), (50, 59, 306), (17, 18, 172), (101, 115, 458), (89, 102, 430), (102, 118, 462), (106, 124, 472), (121, 122, 500), (124, 125, 504), (126, 127, 508), (42, 45, 263), (5, 7, 48), (82, 96, 412), (120, 121, 499), (80, 90, 400), (37, 43, 240), (89, 90, 431), (20, 21, 176), (10, 11, 111), (60, 61, 343), (74, 75, 375), (51, 60, 310), (3, 4, 48), (92, 105, 438), (105, 122, 469), (112, 113, 486), (91, 103, 432), (32, 33, 235), (88, 101, 426), (16, 23, 147), (7, 8, 81), (48, 49, 304), (73, 74, 373), (98, 109, 449), (12, 13, 115), (70, 71, 369), (51, 52, 311), (14, 19, 141), (92, 93, 439), (2, 119, 496), (54, 55, 327), (42, 47, 265), (109, 110, 481), (45, 54, 294), (13, 16, 116), (104, 121, 467), (4, 5, 49), (114, 115, 489), (39, 40, 245), (24, 25, 181), (33, 34, 236), (16, 25, 149), (61, 75, 344), (95, 96, 443), (57, 69, 334), (9, 14, 108), (23, 24, 180), (128, 129, 511), (108, 128, 478), (98, 110, 450), (45, 46, 295), (115, 116, 490), (2, 3, 15), (11, 12, 113), (75, 76, 377), (17, 26, 170), (64, 65, 359), (3, 6, 46), (63, 64, 357), (25, 29, 180), (119, 120, 497), (75, 81, 376), (27, 33, 204), (107, 108, 477), (101, 116, 459), (59, 71, 338), (42, 46, 264), (2, 4, 16), (17, 18, 171), (82, 97, 413), (60, 73, 341), (71, 72, 370), (6, 9, 77), (72, 73, 372), (44, 51, 279), (97, 107, 444), (126, 127, 507), (120, 121, 498), (40, 41, 247), (2, 5, 17), (100, 113, 455), (41, 44, 248), (69, 70, 367), (104, 120, 466), (44, 53, 281), (47, 55, 296), (68, 69, 366), (93, 94, 441), (100, 114, 456), (107, 126, 475), (55, 56, 329), (53, 62, 314), (57, 68, 333), (86, 87, 424), (83, 84, 420), (22, 23, 178), (107, 127, 476), (12, 13, 114), (9, 10, 110), (105, 106, 471), (18, 19, 173), (30, 40, 214), (83, 98, 418), (56, 67, 331), (82, 95, 411), (111, 112, 484), (8, 12, 82), (117, 118, 494), (31, 32, 233), (87, 88, 425), (50, 58, 304), (122, 123, 502), (65, 79, 360), (23, 24, 179), (58, 59, 337), (19, 27, 172), (103, 104, 465), (76, 77, 379), (91, 104, 434), (77, 82, 380), (127, 128, 509), (61, 62, 345), (51, 52, 312), (15, 21, 144), (85, 86, 422), (113, 114, 488), (38, 39, 244), (28, 35, 207), (29, 38, 211), (79, 86, 391), (95, 96, 444), (15, 22, 145), (26, 31, 201), (27, 34, 205), (67, 68, 364), (88, 100, 424), (52, 53, 313), (66, 67, 363), (116, 117, 492), (7, 11, 80), (59, 72, 339), (36, 37, 241), (45, 46, 296), (84, 85, 421), (115, 116, 491), (57, 58, 335), (35, 36, 240), (6, 10, 78), (110, 111, 483), (44, 52, 280), (20, 21, 175), (43, 50, 273), (60, 74, 342), (102, 103, 463), (78, 84, 388), (79, 87, 392), (103, 119, 464), (19, 20, 174), (118, 119, 495), (124, 125, 505), (26, 32, 202), (3, 4, 47), (40, 41, 246), (37, 38, 242), (31, 42, 232), (99, 111, 452), (28, 37, 209), (70, 80, 368), (78, 85, 389), (79, 88, 393), (53, 61, 312), (25, 30, 182), (48, 49, 303), (54, 64, 326), (81, 93, 408), (90, 91, 433), (99, 112, 453), (89, 90, 432), (56, 66, 330), (80, 89, 399), (85, 99, 420), (68, 69, 365), (5, 8, 50), (108, 129, 479), (71, 72, 371), (14, 17, 139), (15, 20, 143), (81, 94, 409), (125, 126, 506), (86, 87, 423), (106, 125, 473), (83, 84, 419), (30, 41, 215), (128, 129, 510), (62, 76, 346), (96, 97, 445), (9, 10, 109), (22, 28, 176), (8, 13, 83), (73, 74, 374), (123, 124, 503), (43, 48, 271), (92, 93, 440), (117, 118, 493), (100, 101, 457), (109, 110, 482), (122, 123, 501), (29, 30, 213), (14, 18, 140), (34, 35, 238), (58, 70, 336), (97, 108, 446), (21, 22, 177), (33, 34, 237), (94, 106, 440), (109, 129, 480), (105, 123, 470), (78, 83, 387), (76, 77, 378), (80, 91, 401), (48, 57, 302), (16, 24, 148), (26, 27, 203), (28, 36, 208), (29, 39, 212), (46, 47, 297), (62, 77, 347), (65, 66, 361), (113, 114, 487), (98, 99, 451), (38, 39, 243), (43, 49, 272), (81, 92, 407), (111, 112, 485)}
INFO:root: Hx [[0 0 0 ... 0 0 0]
 [1 0 0 ... 0 0 0]
 [0 1 0 ... 0 0 0]
 ...
 [0 0 0 ... 0 0 0]
 [0 0 0 ... 1 0 0]
 [0 0 0 ... 0 1 0]]
INFO:root: Hy is code [[0 0 0 ... 0 0 0]
 [0 0 0 ... 0 0 0]
 [0 0 0 ... 0 0 0]
 ...
 [0 0 0 ... 0 0 0]
 [0 0 0 ... 0 0 0]
 [0 0 0 ... 0 0 0]]
INFO:root:bit error in 6 in fundamental symmetry caused 4 errors
INFO:root: original code baord is  [0 0 1 0 0 1 1 1]
INFO:root: error board is code [0 0 1 0 0 1 1 1]
INFO:root: initial symmetry is: [0 0 1 0 0 1 1 1]
INFO:root:fundamental_stabilizer_parity_check_matrix is : [[0 0 0 0 0 0 0 0]
 [0 0 0 0 0 0 0 0]
 [0 1 1 1 0 0 1 0]
 [0 1 0 0 1 1 1 0]
 [0 0 1 0 0 1 1 1]
 [0 0 0 1 1 0 1 1]]
INFO:root:fundamental_matching_graph is : {(2, 3, 6), (4, 5, 7), (3, 4, 5), (4, 5, 6), (2, 3, 1), (2, 5, 3), (3, 5, 4), (2, 4, 2)}
INFO:root: Hx [[0 0 0 1 0 0 0 0]
 [1 0 0 0 0 0 0 0]
 [0 1 0 0 0 0 0 0]
 [0 0 1 0 0 0 0 0]
 [0 0 0 0 0 0 0 1]
 [0 0 0 0 1 0 0 0]
 [0 0 0 0 0 1 0 0]
 [0 0 0 0 0 0 1 0]]
INFO:root: Hy is code [[0 0 0 0 1 0 0 0]
 [0 0 0 0 0 1 0 0]
 [0 0 0 0 0 0 1 0]
 [0 0 0 0 0 0 0 1]
 [1 0 0 0 0 0 0 0]
 [0 1 0 0 0 0 0 0]
 [0 0 1 0 0 0 0 0]
 [0 0 0 1 0 0 0 0]]
INFO:root:on bit: 0 and error set looks like: set()
INFO:root:on bit: 3 and error set looks like: set()
INFO:root:on bit: 6 and error set looks like: {(2, 4, 4), (2, 3, 3), (2, 5, 5)}
INFO:root:on bit: 9 and error set looks like: {(2, 4, 4), (2, 3, 3), (2, 5, 5)}
INFO:root:on bit: 12 and error set looks like: {(3, 6, 10), (2, 3, 3), (2, 5, 5), (2, 4, 4), (3, 4, 11)}
INFO:root:bit error in 12 in fundamental symmetry caused 4 errors
INFO:root:on bit: 15 and error set looks like: {(3, 6, 10), (5, 7, 12), (2, 3, 3), (2, 5, 5), (3, 4, 12), (2, 4, 4), (4, 5, 13), (5, 8, 14), (3, 4, 11)}
INFO:root:on bit: 18 and error set looks like: {(3, 6, 10), (5, 7, 12), (2, 3, 3), (2, 5, 5), (3, 4, 12), (2, 4, 4), (4, 5, 13), (5, 8, 14), (3, 4, 11), (6, 9, 17)}
INFO:root:on bit: 21 and error set looks like: {(3, 6, 10), (5, 7, 12), (2, 3, 3), (2, 5, 5), (7, 11, 20), (3, 4, 12), (6, 10, 18), (2, 4, 4), (4, 5, 13), (5, 8, 14), (3, 4, 11), (6, 9, 17), (6, 7, 19)}
INFO:root:on bit: 24 and error set looks like: {(3, 6, 10), (5, 7, 12), (2, 3, 3), (7, 8, 21), (2, 5, 5), (8, 12, 22), (7, 11, 20), (3, 4, 12), (6, 10, 18), (2, 4, 4), (4, 5, 13), (5, 8, 14), (3, 4, 11), (6, 9, 17), (8, 13, 23), (6, 7, 19)}
INFO:root:on bit: 27 and error set looks like: {(8, 12, 22), (9, 10, 25), (5, 8, 14), (8, 13, 23), (3, 6, 10), (5, 7, 12), (2, 3, 3), (6, 9, 17), (7, 8, 21), (7, 11, 20), (3, 4, 12), (6, 10, 18), (2, 4, 4), (6, 7, 19), (9, 10, 26), (2, 5, 5), (4, 5, 13), (3, 4, 11), (9, 13, 24)}
INFO:root:on bit: 30 and error set looks like: {(8, 12, 22), (9, 10, 25), (5, 8, 14), (10, 11, 27), (8, 13, 23), (3, 6, 10), (5, 7, 12), (2, 3, 3), (6, 9, 17), (2, 11, 28), (7, 8, 21), (7, 11, 20), (3, 4, 12), (6, 10, 18), (2, 4, 4), (6, 7, 19), (9, 10, 26), (2, 5, 5), (4, 5, 13), (3, 4, 11), (11, 12, 29), (9, 13, 24)}
INFO:root: original code baord is  [0 0 0 0 1 0 0 0 0 0 0 1 1 1 0 0 0 0 1 0 1 0 1 0 0 1 1 0 1 0 1 1]
INFO:root: error board is code [0 0 0 0 1 0 0 0 0 0 0 1 1 1 0 0 0 0 1 0 1 0 1 0 0 1 1 0 1 0 1 1]
INFO:root: initial symmetry is: [0 0 0 0 1 0 0 0 0 0 0 1 1 1 0 0 0 0 1 0 1 0 1 0 0 1 1 0 1 0 1 1]
INFO:root:fundamental_stabilizer_parity_check_matrix is : [[0 0 0 0 0 0 0 0 0 0 0 0 0 0 0 0 0 0 0 0 0 0 0 0 0 0 0 0 0 0 0 0]
 [0 0 0 0 0 0 0 0 0 0 0 0 0 0 0 0 0 0 0 0 0 0 0 0 0 0 0 0 0 0 0 0]
 [0 0 0 1 1 1 0 0 0 0 0 0 0 0 0 0 0 0 0 0 0 0 0 0 0 0 0 0 1 0 0 0]
 [0 0 0 1 0 0 0 0 0 0 1 1 1 0 0 0 0 0 0 0 0 0 0 0 0 0 0 0 0 0 0 0]
 [0 0 0 0 1 0 0 0 0 0 0 1 1 1 0 0 0 0 0 0 0 0 0 0 0 0 0 0 0 0 0 0]
 [0 0 0 0 0 1 0 0 0 0 0 0 1 1 1 0 0 0 0 0 0 0 0 0 0 0 0 0 0 0 0 0]
 [0 0 0 0 0 0 0 0 0 0 1 0 0 0 0 0 0 1 1 1 0 0 0 0 0 0 0 0 0 0 0 0]
 [0 0 0 0 0 0 0 0 0 0 0 0 1 0 0 0 0 0 0 1 1 1 0 0 0 0 0 0 0 0 0 0]
 [0 0 0 0 0 0 0 0 0 0 0 0 0 0 1 0 0 0 0 0 0 1 1 1 0 0 0 0 0 0 0 0]
 [0 0 0 0 0 0 0 0 0 0 0 0 0 0 0 0 0 1 0 0 0 0 0 0 1 1 1 0 0 0 0 0]
 [0 0 0 0 0 0 0 0 0 0 0 0 0 0 0 0 0 0 1 0 0 0 0 0 0 1 1 1 0 0 0 0]
 [0 0 0 0 0 0 0 0 0 0 0 0 0 0 0 0 0 0 0 0 1 0 0 0 0 0 0 1 1 1 0 0]
 [0 0 0 0 0 0 0 0 0 0 0 0 0 0 0 0 0 0 0 0 0 0 1 0 0 0 0 0 0 1 1 1]
 [0 0 0 0 0 0 0 0 0 0 0 0 0 0 0 0 0 0 0 0 0 0 0 1 1 0 0 0 0 0 1 1]]
INFO:root:fundamental_matching_graph is : {(8, 12, 22), (9, 10, 25), (5, 8, 14), (10, 11, 27), (8, 13, 23), (3, 6, 10), (5, 7, 12), (2, 3, 3), (12, 13, 31), (6, 9, 17), (2, 11, 28), (7, 8, 21), (7, 11, 20), (3, 4, 12), (6, 10, 18), (2, 4, 4), (12, 13, 30), (6, 7, 19), (9, 10, 26), (2, 5, 5), (4, 5, 13), (3, 4, 11), (11, 12, 29), (9, 13, 24)}
INFO:root: Hx [[0 0 0 ... 0 0 0]
 [1 0 0 ... 0 0 0]
 [0 1 0 ... 0 0 0]
 ...
 [0 0 0 ... 0 0 0]
 [0 0 0 ... 1 0 0]
 [0 0 0 ... 0 1 0]]
INFO:root: Hy is code [[0 0 0 ... 0 0 0]
 [0 0 0 ... 0 0 0]
 [0 0 0 ... 0 0 0]
 ...
 [0 0 0 ... 0 0 0]
 [0 0 0 ... 0 0 0]
 [0 0 0 ... 0 0 0]]
INFO:root:on bit: 0 and error set looks like: set()
INFO:root:on bit: 12 and error set looks like: {(2, 3, 7), (2, 5, 9), (2, 4, 8)}
INFO:root:on bit: 24 and error set looks like: {(2, 4, 8), (3, 6, 22), (2, 3, 7), (2, 5, 9), (3, 4, 23)}
INFO:root:bit error in 24 in fundamental symmetry caused 4 errors
INFO:root:on bit: 36 and error set looks like: {(5, 8, 26), (2, 4, 8), (3, 6, 22), (5, 7, 24), (4, 5, 25), (3, 4, 24), (2, 3, 7), (2, 5, 9), (3, 4, 23)}
INFO:root:on bit: 48 and error set looks like: {(6, 7, 39), (5, 8, 26), (8, 12, 42), (2, 4, 8), (3, 6, 22), (5, 7, 24), (6, 10, 38), (4, 5, 25), (6, 9, 37), (7, 8, 41), (8, 13, 43), (3, 4, 24), (2, 3, 7), (2, 5, 9), (3, 4, 23), (7, 11, 40)}
INFO:root:on bit: 60 and error set looks like: {(6, 10, 38), (5, 8, 26), (7, 11, 40), (6, 7, 39), (12, 13, 59), (2, 4, 8), (3, 6, 22), (5, 7, 24), (9, 14, 52), (2, 5, 9), (8, 12, 42), (9, 10, 54), (12, 13, 58), (8, 13, 43), (11, 15, 56), (3, 4, 24), (11, 12, 57), (2, 3, 7), (6, 9, 37), (9, 10, 53), (4, 5, 25), (10, 11, 55), (3, 4, 23), (7, 8, 41)}
INFO:root:on bit: 72 and error set looks like: {(14, 17, 67), (6, 10, 38), (5, 8, 26), (7, 11, 40), (6, 7, 39), (12, 13, 59), (2, 4, 8), (14, 18, 68), (3, 6, 22), (5, 7, 24), (13, 16, 60), (9, 14, 52), (2, 5, 9), (8, 12, 42), (14, 19, 69), (9, 10, 54), (12, 13, 58), (8, 13, 43), (11, 15, 56), (3, 4, 24), (11, 12, 57), (2, 3, 7), (6, 9, 37), (9, 10, 53), (4, 5, 25), (15, 20, 71), (10, 11, 55), (3, 4, 23), (7, 8, 41)}
INFO:root:on bit: 84 and error set looks like: {(14, 17, 67), (6, 10, 38), (15, 21, 72), (5, 8, 26), (7, 11, 40), (6, 7, 39), (12, 13, 59), (2, 4, 8), (14, 18, 68), (3, 6, 22), (5, 7, 24), (17, 26, 82), (15, 22, 73), (13, 16, 60), (16, 23, 75), (9, 14, 52), (2, 5, 9), (8, 12, 42), (16, 24, 76), (14, 19, 69), (17, 18, 83), (9, 10, 54), (12, 13, 58), (8, 13, 43), (11, 15, 56), (3, 4, 24), (16, 25, 77), (11, 12, 57), (2, 3, 7), (6, 9, 37), (9, 10, 53), (4, 5, 25), (15, 20, 71), (10, 11, 55), (3, 4, 23), (7, 8, 41)}
INFO:root:bit error in 84 in fundamental symmetry caused 4 errors
INFO:root:bit error in 88 in fundamental symmetry caused 4 errors
INFO:root:bit error in 92 in fundamental symmetry caused 4 errors
INFO:root:on bit: 96 and error set looks like: {(14, 17, 67), (22, 23, 90), (25, 30, 94), (6, 10, 38), (18, 19, 85), (15, 21, 72), (5, 8, 26), (7, 11, 40), (6, 7, 39), (12, 13, 59), (17, 18, 84), (23, 24, 91), (19, 27, 84), (2, 4, 8), (14, 18, 68), (3, 6, 22), (5, 7, 24), (17, 26, 82), (15, 22, 73), (13, 16, 60), (25, 29, 92), (22, 28, 88), (16, 23, 75), (9, 14, 52), (2, 5, 9), (8, 12, 42), (16, 24, 76), (14, 19, 69), (20, 21, 88), (17, 18, 83), (9, 10, 54), (12, 13, 58), (21, 22, 89), (8, 13, 43), (11, 15, 56), (3, 4, 24), (16, 25, 77), (11, 12, 57), (2, 3, 7), (20, 21, 87), (6, 9, 37), (19, 20, 86), (24, 25, 93), (9, 10, 53), (4, 5, 25), (15, 20, 71), (10, 11, 55), (23, 24, 92), (3, 4, 23), (7, 8, 41)}
INFO:root:on bit: 108 and error set looks like: {(14, 17, 67), (22, 23, 90), (25, 30, 94), (6, 10, 38), (18, 19, 85), (15, 21, 72), (5, 8, 26), (7, 11, 40), (6, 7, 39), (26, 32, 98), (12, 13, 59), (17, 18, 84), (23, 24, 91), (28, 37, 105), (19, 27, 84), (2, 4, 8), (14, 18, 68), (3, 6, 22), (5, 7, 24), (17, 26, 82), (15, 22, 73), (13, 16, 60), (25, 29, 92), (22, 28, 88), (16, 23, 75), (9, 14, 52), (2, 5, 9), (8, 12, 42), (16, 24, 76), (14, 19, 69), (20, 21, 88), (17, 18, 83), (9, 10, 54), (12, 13, 58), (21, 22, 89), (8, 13, 43), (27, 33, 100), (11, 15, 56), (3, 4, 24), (16, 25, 77), (28, 36, 104), (28, 35, 103), (29, 38, 107), (26, 27, 99), (11, 12, 57), (2, 3, 7), (20, 21, 87), (26, 31, 97), (6, 9, 37), (27, 34, 101), (19, 20, 86), (24, 25, 93), (9, 10, 53), (4, 5, 25), (15, 20, 71), (10, 11, 55), (23, 24, 92), (3, 4, 23), (7, 8, 41)}
INFO:root:on bit: 120 and error set looks like: {(14, 17, 67), (22, 23, 90), (34, 35, 118), (25, 30, 94), (6, 10, 38), (33, 34, 117), (18, 19, 85), (15, 21, 72), (32, 33, 115), (5, 8, 26), (7, 11, 40), (6, 7, 39), (26, 32, 98), (12, 13, 59), (17, 18, 84), (23, 24, 91), (28, 37, 105), (19, 27, 84), (2, 4, 8), (14, 18, 68), (3, 6, 22), (5, 7, 24), (17, 26, 82), (30, 40, 110), (31, 32, 114), (15, 22, 73), (13, 16, 60), (25, 29, 92), (22, 28, 88), (16, 23, 75), (33, 34, 116), (9, 14, 52), (2, 5, 9), (8, 12, 42), (16, 24, 76), (14, 19, 69), (20, 21, 88), (17, 18, 83), (30, 41, 111), (9, 10, 54), (12, 13, 58), (21, 22, 89), (35, 36, 119), (8, 13, 43), (27, 33, 100), (11, 15, 56), (3, 4, 24), (16, 25, 77), (31, 32, 113), (28, 36, 104), (28, 35, 103), (29, 38, 107), (26, 27, 99), (11, 12, 57), (29, 30, 109), (31, 41, 112), (2, 3, 7), (20, 21, 87), (26, 31, 97), (6, 9, 37), (27, 34, 101), (19, 20, 86), (24, 25, 93), (9, 10, 53), (4, 5, 25), (15, 20, 71), (10, 11, 55), (23, 24, 92), (3, 4, 23), (7, 8, 41), (29, 39, 108)}
INFO:root:bit error in 120 in fundamental symmetry caused 4 errors
INFO:root: original code baord is  [0 0 0 0 0 0 0 0 1 0 0 0 0 0 0 0 0 0 0 0 0 0 0 1 1 1 0 0 0 0 0 0 0 0 0 0 0
 0 1 0 1 0 1 0 0 0 0 0 0 0 0 0 0 1 1 0 1 0 1 1 0 0 0 0 0 0 0 0 1 0 0 0 1 0
 0 0 1 0 0 0 0 0 0 1 1 1 0 1 1 1 0 1 1 1 0 0 0 0 1 0 1 0 0 0 1 0 0 0 1 0 1
 0 0 1 1 0 1 1 0 1 1 1 0 1 1 0 1 1]
INFO:root: error board is code [0 0 0 0 0 0 0 0 1 0 0 0 0 0 0 0 0 0 0 0 0 0 0 1 1 1 0 0 0 0 0 0 0 0 0 0 0
 0 1 0 1 0 1 0 0 0 0 0 0 0 0 0 0 1 1 0 1 0 1 1 0 0 0 0 0 0 0 0 1 0 0 0 1 0
 0 0 1 0 0 0 0 0 0 1 1 1 0 1 1 1 0 1 1 1 0 0 0 0 1 0 1 0 0 0 1 0 0 0 1 0 1
 0 0 1 1 0 1 1 0 1 1 1 0 1 1 0 1 1]
INFO:root: initial symmetry is: [0 0 0 0 0 0 0 0 1 0 0 0 0 0 0 0 0 0 0 0 0 0 0 1 1 1 0 0 0 0 0 0 0 0 0 0 0
 0 1 0 1 0 1 0 0 0 0 0 0 0 0 0 0 1 1 0 1 0 1 1 0 0 0 0 0 0 0 0 1 0 0 0 1 0
 0 0 1 0 0 0 0 0 0 1 1 1 0 1 1 1 0 1 1 1 0 0 0 0 1 0 1 0 0 0 1 0 0 0 1 0 1
 0 0 1 1 0 1 1 0 1 1 1 0 1 1 0 1 1]
INFO:root:fundamental_stabilizer_parity_check_matrix is : [[0 0 0 ... 0 0 0]
 [0 0 0 ... 0 0 0]
 [0 0 0 ... 0 0 0]
 ...
 [0 0 0 ... 1 0 0]
 [0 0 0 ... 1 1 1]
 [0 0 0 ... 0 1 1]]
INFO:root:fundamental_matching_graph is : {(22, 23, 90), (18, 19, 85), (15, 21, 72), (40, 41, 127), (23, 24, 91), (19, 27, 84), (17, 26, 82), (30, 40, 110), (2, 35, 120), (25, 29, 92), (8, 12, 42), (30, 41, 111), (12, 13, 58), (8, 13, 43), (28, 35, 103), (29, 38, 107), (20, 21, 87), (26, 31, 97), (27, 34, 101), (19, 20, 86), (15, 20, 71), (3, 4, 23), (7, 11, 40), (34, 35, 118), (25, 30, 94), (6, 10, 38), (33, 34, 117), (5, 8, 26), (26, 32, 98), (36, 37, 121), (28, 37, 105), (14, 18, 68), (15, 22, 73), (22, 28, 88), (40, 41, 126), (37, 38, 122), (21, 22, 89), (29, 30, 109), (9, 10, 53), (10, 11, 55), (26, 27, 99), (28, 36, 104), (29, 39, 108), (14, 17, 67), (6, 7, 39), (12, 13, 59), (17, 18, 84), (38, 39, 123), (5, 7, 24), (39, 40, 125), (31, 32, 114), (16, 23, 75), (9, 14, 52), (16, 24, 76), (14, 19, 69), (36, 37, 120), (35, 36, 119), (11, 15, 56), (16, 25, 77), (31, 41, 112), (24, 25, 93), (2, 3, 7), (23, 24, 92), (7, 8, 41), (4, 5, 25), (32, 33, 115), (2, 4, 8), (3, 6, 22), (13, 16, 60), (33, 34, 116), (2, 5, 9), (20, 21, 88), (17, 18, 83), (9, 10, 54), (27, 33, 100), (3, 4, 24), (31, 32, 113), (11, 12, 57), (6, 9, 37), (38, 39, 124)}
INFO:root: Hx [[0 0 0 ... 0 0 0]
 [1 0 0 ... 0 0 0]
 [0 1 0 ... 0 0 0]
 ...
 [0 0 0 ... 0 0 0]
 [0 0 0 ... 1 0 0]
 [0 0 0 ... 0 1 0]]
INFO:root: Hy is code [[0 0 0 ... 0 0 0]
 [0 0 0 ... 0 0 0]
 [0 0 0 ... 0 0 0]
 ...
 [0 0 0 ... 0 0 0]
 [0 0 0 ... 0 0 0]
 [0 0 0 ... 0 0 0]]
