INFO:root:bit error in 6 in fundamental symmetry caused 4 errors
INFO:root: original code baord is  [0 0 1 0 0 1 1 1]
INFO:root: error board is code [0 0 1 0 0 1 1 1]
INFO:root: initial symmetry is: [0 0 1 0 0 1 1 1]
INFO:root: Hx [[0 0 0 1 0 0 0 0]
 [1 0 0 0 0 0 0 0]
 [0 1 0 0 0 0 0 0]
 [0 0 1 0 0 0 0 0]
 [0 0 0 0 0 0 0 1]
 [0 0 0 0 1 0 0 0]
 [0 0 0 0 0 1 0 0]
 [0 0 0 0 0 0 1 0]]
INFO:root: Hy is code [[0 0 0 0 1 0 0 0]
 [0 0 0 0 0 1 0 0]
 [0 0 0 0 0 0 1 0]
 [0 0 0 0 0 0 0 1]
 [1 0 0 0 0 0 0 0]
 [0 1 0 0 0 0 0 0]
 [0 0 1 0 0 0 0 0]
 [0 0 0 1 0 0 0 0]]
INFO:root:bit error in 6 in fundamental symmetry caused 4 errors
INFO:root: original code baord is  [0 0 1 0 0 1 1 1]
INFO:root: error board is code [0 0 1 0 0 1 1 1]
INFO:root: initial symmetry is: [0 0 1 0 0 1 1 1]
INFO:root: Hx [[0 0 0 1 0 0 0 0]
 [1 0 0 0 0 0 0 0]
 [0 1 0 0 0 0 0 0]
 [0 0 1 0 0 0 0 0]
 [0 0 0 0 0 0 0 1]
 [0 0 0 0 1 0 0 0]
 [0 0 0 0 0 1 0 0]
 [0 0 0 0 0 0 1 0]]
INFO:root: Hy is code [[0 0 0 0 1 0 0 0]
 [0 0 0 0 0 1 0 0]
 [0 0 0 0 0 0 1 0]
 [0 0 0 0 0 0 0 1]
 [1 0 0 0 0 0 0 0]
 [0 1 0 0 0 0 0 0]
 [0 0 1 0 0 0 0 0]
 [0 0 0 1 0 0 0 0]]
INFO:root:bit error in 6 in fundamental symmetry caused 4 errors
INFO:root: original code baord is  [0 0 1 0 0 1 1 1]
INFO:root: error board is code [0 0 1 0 0 1 1 1]
INFO:root: initial symmetry is: [0 0 1 0 0 1 1 1]
INFO:root: Hx [[0 0 0 1 0 0 0 0]
 [1 0 0 0 0 0 0 0]
 [0 1 0 0 0 0 0 0]
 [0 0 1 0 0 0 0 0]
 [0 0 0 0 0 0 0 1]
 [0 0 0 0 1 0 0 0]
 [0 0 0 0 0 1 0 0]
 [0 0 0 0 0 0 1 0]]
INFO:root: Hy is code [[0 0 0 0 1 0 0 0]
 [0 0 0 0 0 1 0 0]
 [0 0 0 0 0 0 1 0]
 [0 0 0 0 0 0 0 1]
 [1 0 0 0 0 0 0 0]
 [0 1 0 0 0 0 0 0]
 [0 0 1 0 0 0 0 0]
 [0 0 0 1 0 0 0 0]]
INFO:root:bit error in 6 in fundamental symmetry caused 4 errors
INFO:root: original code baord is  [0 0 1 0 0 1 1 1]
INFO:root: error board is code [0 0 1 0 0 1 1 1]
INFO:root: initial symmetry is: [0 0 1 0 0 1 1 1]
INFO:root: Hx [[0 0 0 1 0 0 0 0]
 [1 0 0 0 0 0 0 0]
 [0 1 0 0 0 0 0 0]
 [0 0 1 0 0 0 0 0]
 [0 0 0 0 0 0 0 1]
 [0 0 0 0 1 0 0 0]
 [0 0 0 0 0 1 0 0]
 [0 0 0 0 0 0 1 0]]
INFO:root: Hy is code [[0 0 0 0 1 0 0 0]
 [0 0 0 0 0 1 0 0]
 [0 0 0 0 0 0 1 0]
 [0 0 0 0 0 0 0 1]
 [1 0 0 0 0 0 0 0]
 [0 1 0 0 0 0 0 0]
 [0 0 1 0 0 0 0 0]
 [0 0 0 1 0 0 0 0]]
