INFO:root:on bit: 0 and error set looks like: set()
INFO:root: a bit error in 48 in fundamental symmetry caused a 4 stab error: [1 2 3 5] errors
INFO:root:on bit: 51 and error set looks like: {(0, 3, 17), (3, 5, 48), (1, 2, 48), (0, 2, 16), (1, 2, 47), (0, 1, 15), (2, 3, 49), (3, 6, 50), (1, 4, 46)}
INFO:root:on bit: 102 and error set looks like: {(5, 9, 80), (0, 3, 17), (3, 5, 48), (6, 11, 83), (1, 2, 48), (4, 8, 78), (0, 2, 16), (4, 7, 77), (1, 2, 47), (0, 1, 15), (5, 6, 81), (2, 3, 49), (6, 10, 82), (3, 6, 50), (4, 5, 79), (1, 4, 46)}
INFO:root:on bit: 153 and error set looks like: {(1, 2, 48), (4, 8, 78), (5, 6, 81), (9, 13, 112), (0, 1, 15), (14, 22, 148), (2, 3, 49), (13, 18, 143), (5, 9, 80), (3, 6, 50), (9, 10, 113), (12, 15, 139), (4, 5, 79), (7, 12, 108), (3, 5, 48), (8, 9, 111), (10, 11, 115), (0, 2, 16), (7, 8, 110), (12, 16, 140), (1, 2, 47), (13, 19, 144), (14, 21, 147), (14, 23, 149), (0, 3, 17), (12, 17, 141), (13, 20, 145), (11, 14, 116), (6, 10, 82), (10, 11, 114), (7, 8, 109), (1, 4, 46), (4, 7, 77), (6, 11, 83)}
INFO:root: a bit error in 172 in fundamental symmetry caused a 4 stab error: [15 16 17 25] errors
INFO:root: a bit error in 176 in fundamental symmetry caused a 4 stab error: [18 19 20 26] errors
INFO:root: a bit error in 180 in fundamental symmetry caused a 4 stab error: [21 22 23 27] errors
INFO:root:on bit: 204 and error set looks like: {(20, 21, 178), (19, 20, 177), (1, 2, 48), (4, 8, 78), (15, 16, 171), (21, 22, 179), (5, 6, 81), (9, 13, 112), (0, 1, 15), (14, 22, 148), (2, 3, 49), (13, 18, 143), (5, 9, 80), (3, 6, 50), (22, 23, 181), (9, 10, 113), (12, 15, 139), (4, 5, 79), (18, 19, 176), (7, 12, 108), (3, 5, 48), (8, 9, 111), (10, 11, 115), (17, 25, 172), (0, 2, 16), (7, 8, 110), (12, 16, 140), (1, 2, 47), (13, 19, 144), (20, 26, 176), (14, 21, 147), (14, 23, 149), (0, 3, 17), (24, 29, 201), (12, 17, 141), (13, 20, 145), (18, 19, 175), (11, 14, 116), (6, 10, 82), (23, 27, 180), (10, 11, 114), (7, 8, 109), (23, 28, 182), (17, 18, 174), (1, 4, 46), (15, 24, 170), (15, 16, 172), (21, 22, 180), (24, 25, 203), (4, 7, 77), (24, 30, 202), (16, 17, 173), (6, 11, 83)}
INFO:root: a bit error in 240 in fundamental symmetry caused a 4 stab error: [33 34 35 41] errors
INFO:root:on bit: 255 and error set looks like: {(26, 34, 208), (4, 8, 78), (21, 22, 179), (33, 34, 239), (5, 6, 81), (9, 13, 112), (0, 1, 15), (13, 18, 143), (9, 10, 113), (18, 19, 176), (31, 32, 236), (26, 35, 209), (1, 2, 47), (30, 31, 235), (11, 14, 116), (38, 39, 247), (23, 28, 182), (35, 41, 240), (17, 18, 174), (1, 4, 46), (15, 16, 172), (29, 40, 232), (14, 21, 147), (19, 20, 177), (28, 38, 214), (14, 22, 148), (28, 39, 215), (2, 3, 49), (29, 30, 233), (5, 9, 80), (22, 23, 181), (4, 5, 79), (7, 12, 108), (10, 11, 115), (12, 16, 140), (13, 19, 144), (14, 23, 149), (24, 29, 201), (23, 27, 180), (33, 34, 240), (24, 30, 202), (36, 37, 244), (20, 21, 178), (39, 42, 248), (15, 16, 171), (37, 38, 245), (8, 9, 111), (17, 25, 172), (7, 8, 110), (20, 26, 176), (12, 17, 141), (13, 20, 145), (18, 19, 175), (25, 31, 204), (34, 35, 241), (21, 22, 180), (27, 36, 211), (29, 30, 234), (24, 25, 203), (4, 7, 77), (38, 39, 246), (31, 32, 237), (1, 2, 48), (27, 37, 212), (3, 6, 50), (36, 37, 243), (12, 15, 139), (3, 5, 48), (35, 36, 242), (0, 2, 16), (0, 3, 17), (6, 10, 82), (10, 11, 114), (7, 8, 109), (15, 24, 170), (27, 28, 213), (32, 33, 238), (25, 32, 205), (16, 17, 173), (26, 33, 207), (6, 11, 83)}
INFO:root: a bit error in 296 in fundamental symmetry caused a 4 stab error: [43 44 45 53] errors
INFO:root: a bit error in 304 in fundamental symmetry caused a 4 stab error: [46 47 48 56] errors
INFO:root:on bit: 306 and error set looks like: {(26, 34, 208), (4, 8, 78), (21, 22, 179), (33, 34, 239), (5, 6, 81), (9, 13, 112), (0, 1, 15), (13, 18, 143), (9, 10, 113), (18, 19, 176), (31, 32, 236), (43, 44, 296), (26, 35, 209), (1, 2, 47), (30, 31, 235), (11, 14, 116), (38, 39, 247), (42, 50, 280), (23, 28, 182), (35, 41, 240), (17, 18, 174), (1, 4, 46), (15, 16, 172), (42, 51, 281), (29, 40, 232), (45, 53, 296), (46, 47, 303), (14, 21, 147), (19, 20, 177), (28, 38, 214), (40, 45, 265), (14, 22, 148), (28, 39, 215), (2, 3, 49), (29, 30, 233), (5, 9, 80), (22, 23, 181), (4, 5, 79), (7, 12, 108), (41, 46, 271), (47, 48, 305), (10, 11, 115), (12, 16, 140), (13, 19, 144), (14, 23, 149), (24, 29, 201), (41, 47, 272), (23, 27, 180), (48, 56, 304), (43, 44, 295), (40, 43, 263), (33, 34, 240), (24, 30, 202), (36, 37, 244), (20, 21, 178), (39, 42, 248), (40, 44, 264), (15, 16, 171), (37, 38, 245), (8, 9, 111), (17, 25, 172), (7, 8, 110), (20, 26, 176), (12, 17, 141), (13, 20, 145), (18, 19, 175), (25, 31, 204), (45, 54, 298), (34, 35, 241), (21, 22, 180), (27, 36, 211), (29, 30, 234), (41, 48, 273), (24, 25, 203), (4, 7, 77), (38, 39, 246), (31, 32, 237), (1, 2, 48), (27, 37, 212), (3, 6, 50), (36, 37, 243), (12, 15, 139), (3, 5, 48), (35, 36, 242), (43, 52, 294), (0, 2, 16), (42, 49, 279), (44, 45, 297), (0, 3, 17), (46, 47, 304), (6, 10, 82), (10, 11, 114), (7, 8, 109), (46, 55, 302), (15, 24, 170), (27, 28, 213), (32, 33, 238), (25, 32, 205), (16, 17, 173), (26, 33, 207), (6, 11, 83)}
INFO:root: a bit error in 312 in fundamental symmetry caused a 4 stab error: [49 50 51 59] errors
INFO:root:on bit: 357 and error set looks like: {(60, 75, 347), (26, 34, 208), (4, 8, 78), (21, 22, 179), (33, 34, 239), (5, 6, 81), (9, 13, 112), (0, 1, 15), (13, 18, 143), (9, 10, 113), (18, 19, 176), (31, 32, 236), (52, 61, 325), (43, 44, 296), (26, 35, 209), (1, 2, 47), (30, 31, 235), (51, 59, 312), (11, 14, 116), (38, 39, 247), (42, 50, 280), (23, 28, 182), (35, 41, 240), (17, 18, 174), (1, 4, 46), (15, 16, 172), (42, 51, 281), (29, 40, 232), (45, 53, 296), (53, 54, 329), (46, 47, 303), (54, 64, 330), (14, 21, 147), (19, 20, 177), (28, 38, 214), (40, 45, 265), (54, 65, 331), (14, 22, 148), (28, 39, 215), (2, 3, 49), (29, 30, 233), (5, 9, 80), (22, 23, 181), (4, 5, 79), (7, 12, 108), (41, 46, 271), (47, 48, 305), (10, 11, 115), (51, 60, 314), (12, 16, 140), (13, 19, 144), (14, 23, 149), (24, 29, 201), (48, 57, 306), (52, 62, 326), (41, 47, 272), (23, 27, 180), (58, 71, 341), (48, 56, 304), (43, 44, 295), (40, 43, 263), (33, 34, 240), (57, 69, 338), (24, 30, 202), (36, 37, 244), (58, 72, 342), (20, 21, 178), (56, 57, 337), (39, 42, 248), (49, 50, 311), (40, 44, 264), (15, 16, 171), (57, 70, 339), (37, 38, 245), (55, 66, 333), (52, 53, 327), (8, 9, 111), (17, 25, 172), (7, 8, 110), (20, 26, 176), (59, 60, 345), (55, 67, 334), (12, 17, 141), (13, 20, 145), (18, 19, 175), (49, 58, 310), (25, 31, 204), (61, 76, 356), (45, 54, 298), (34, 35, 241), (59, 73, 344), (21, 22, 180), (27, 36, 211), (29, 30, 234), (41, 48, 273), (24, 25, 203), (4, 7, 77), (38, 39, 246), (31, 32, 237), (55, 56, 335), (1, 2, 48), (53, 63, 328), (27, 37, 212), (3, 6, 50), (36, 37, 243), (12, 15, 139), (3, 5, 48), (35, 36, 242), (43, 52, 294), (56, 68, 336), (0, 2, 16), (42, 49, 279), (58, 59, 343), (44, 45, 297), (0, 3, 17), (46, 47, 304), (6, 10, 82), (50, 51, 313), (60, 74, 346), (10, 11, 114), (7, 8, 109), (46, 55, 302), (49, 50, 312), (15, 24, 170), (27, 28, 213), (32, 33, 238), (25, 32, 205), (16, 17, 173), (26, 33, 207), (6, 11, 83)}
INFO:root:on bit: 408 and error set looks like: {(60, 75, 347), (26, 34, 208), (4, 8, 78), (21, 22, 179), (33, 34, 239), (5, 6, 81), (9, 13, 112), (0, 1, 15), (77, 84, 391), (13, 18, 143), (9, 10, 113), (18, 19, 176), (62, 63, 359), (76, 82, 388), (61, 62, 358), (31, 32, 236), (52, 61, 325), (43, 44, 296), (26, 35, 209), (76, 83, 389), (1, 2, 47), (30, 31, 235), (51, 59, 312), (11, 14, 116), (38, 39, 247), (42, 50, 280), (23, 28, 182), (35, 41, 240), (17, 18, 174), (1, 4, 46), (72, 73, 375), (15, 16, 172), (42, 51, 281), (29, 40, 232), (45, 53, 296), (66, 67, 366), (53, 54, 329), (46, 47, 303), (54, 64, 330), (14, 21, 147), (69, 70, 370), (19, 20, 177), (68, 69, 369), (28, 38, 214), (40, 45, 265), (54, 65, 331), (14, 22, 148), (28, 39, 215), (2, 3, 49), (29, 30, 233), (5, 9, 80), (22, 23, 181), (4, 5, 79), (7, 12, 108), (41, 46, 271), (47, 48, 305), (10, 11, 115), (74, 75, 379), (51, 60, 314), (12, 16, 140), (13, 19, 144), (78, 89, 401), (14, 23, 149), (24, 29, 201), (48, 57, 306), (52, 62, 326), (73, 74, 377), (61, 62, 357), (41, 47, 272), (23, 27, 180), (58, 71, 341), (48, 56, 304), (73, 79, 376), (43, 44, 295), (79, 90, 407), (40, 43, 263), (33, 34, 240), (57, 69, 338), (67, 68, 367), (24, 30, 202), (36, 37, 244), (58, 72, 342), (20, 21, 178), (56, 57, 337), (39, 42, 248), (49, 50, 311), (40, 44, 264), (15, 16, 171), (78, 87, 399), (64, 65, 363), (57, 70, 339), (63, 64, 361), (37, 38, 245), (78, 88, 400), (55, 66, 333), (52, 53, 327), (8, 9, 111), (17, 25, 172), (7, 8, 110), (20, 26, 176), (71, 72, 374), (59, 60, 345), (55, 67, 334), (12, 17, 141), (13, 20, 145), (18, 19, 175), (69, 70, 371), (49, 58, 310), (25, 31, 204), (61, 76, 356), (45, 54, 298), (34, 35, 241), (59, 73, 344), (21, 22, 180), (27, 36, 211), (29, 30, 234), (41, 48, 273), (24, 25, 203), (4, 7, 77), (70, 71, 372), (65, 66, 364), (38, 39, 246), (31, 32, 237), (55, 56, 335), (1, 2, 48), (53, 63, 328), (27, 37, 212), (77, 85, 392), (66, 67, 365), (3, 6, 50), (36, 37, 243), (12, 15, 139), (3, 5, 48), (35, 36, 242), (68, 78, 368), (43, 52, 294), (56, 68, 336), (0, 2, 16), (63, 77, 360), (64, 65, 362), (42, 49, 279), (58, 59, 343), (44, 45, 297), (0, 3, 17), (77, 86, 393), (46, 47, 304), (6, 10, 82), (50, 51, 313), (60, 74, 346), (10, 11, 114), (7, 8, 109), (74, 75, 378), (71, 72, 373), (46, 55, 302), (49, 50, 312), (75, 80, 380), (15, 24, 170), (27, 28, 213), (32, 33, 238), (25, 32, 205), (16, 17, 173), (26, 33, 207), (76, 81, 387), (6, 11, 83)}
INFO:root: a bit error in 420 in fundamental symmetry caused a 4 stab error: [81 82 83 97] errors
INFO:root: a bit error in 424 in fundamental symmetry caused a 4 stab error: [84 85 86 98] errors
INFO:root: a bit error in 432 in fundamental symmetry caused a 4 stab error: [ 87  88  89 101] errors
INFO:root: a bit error in 440 in fundamental symmetry caused a 4 stab error: [ 90  91  92 104] errors
INFO:root: a bit error in 444 in fundamental symmetry caused a 4 stab error: [ 93  94  95 105] errors
INFO:root:on bit: 459 and error set looks like: {(60, 75, 347), (26, 34, 208), (93, 94, 444), (96, 108, 450), (4, 8, 78), (21, 22, 179), (33, 34, 239), (5, 6, 81), (9, 13, 112), (0, 1, 15), (77, 84, 391), (13, 18, 143), (90, 91, 439), (9, 10, 113), (18, 19, 176), (62, 63, 359), (99, 113, 458), (87, 100, 430), (76, 82, 388), (61, 62, 358), (31, 32, 236), (52, 61, 325), (43, 44, 296), (26, 35, 209), (76, 83, 389), (1, 2, 47), (30, 31, 235), (51, 59, 312), (11, 14, 116), (38, 39, 247), (81, 96, 418), (42, 50, 280), (23, 28, 182), (35, 41, 240), (17, 18, 174), (1, 4, 46), (96, 107, 449), (72, 73, 375), (15, 16, 172), (42, 51, 281), (29, 40, 232), (45, 53, 296), (66, 67, 366), (53, 54, 329), (46, 47, 303), (84, 85, 424), (98, 99, 457), (86, 99, 426), (54, 64, 330), (14, 21, 147), (69, 70, 370), (19, 20, 177), (68, 69, 369), (28, 38, 214), (90, 103, 438), (40, 45, 265), (54, 65, 331), (14, 22, 148), (28, 39, 215), (2, 3, 49), (29, 30, 233), (5, 9, 80), (22, 23, 181), (4, 5, 79), (7, 12, 108), (41, 46, 271), (47, 48, 305), (10, 11, 115), (74, 75, 379), (51, 60, 314), (12, 16, 140), (13, 19, 144), (78, 89, 401), (14, 23, 149), (24, 29, 201), (48, 57, 306), (52, 62, 326), (73, 74, 377), (80, 93, 411), (96, 97, 451), (61, 62, 357), (41, 47, 272), (23, 27, 180), (58, 71, 341), (48, 56, 304), (73, 79, 376), (43, 44, 295), (79, 90, 407), (85, 86, 425), (40, 43, 263), (33, 34, 240), (57, 69, 338), (67, 68, 367), (24, 30, 202), (36, 37, 244), (58, 72, 342), (79, 91, 408), (88, 89, 433), (20, 21, 178), (56, 57, 337), (39, 42, 248), (49, 50, 311), (87, 88, 432), (40, 44, 264), (15, 16, 171), (78, 87, 399), (64, 65, 363), (86, 98, 424), (89, 102, 434), (57, 70, 339), (63, 64, 361), (37, 38, 245), (78, 88, 400), (55, 66, 333), (52, 53, 327), (81, 82, 420), (8, 9, 111), (17, 25, 172), (7, 8, 110), (20, 26, 176), (71, 72, 374), (93, 94, 443), (59, 60, 345), (83, 84, 422), (82, 83, 421), (95, 106, 446), (55, 67, 334), (12, 17, 141), (13, 20, 145), (18, 19, 175), (69, 70, 371), (49, 58, 310), (25, 31, 204), (61, 76, 356), (45, 54, 298), (34, 35, 241), (59, 73, 344), (21, 22, 180), (27, 36, 211), (29, 30, 234), (80, 94, 412), (41, 48, 273), (24, 25, 203), (4, 7, 77), (70, 71, 372), (90, 91, 440), (65, 66, 364), (80, 95, 413), (38, 39, 246), (31, 32, 237), (55, 56, 335), (1, 2, 48), (98, 111, 455), (53, 63, 328), (94, 95, 445), (27, 37, 212), (77, 85, 392), (83, 97, 420), (66, 67, 365), (3, 6, 50), (36, 37, 243), (12, 15, 139), (79, 92, 409), (84, 85, 423), (89, 101, 432), (3, 5, 48), (35, 36, 242), (97, 109, 452), (68, 78, 368), (43, 52, 294), (56, 68, 336), (0, 2, 16), (63, 77, 360), (87, 88, 431), (64, 65, 362), (42, 49, 279), (58, 59, 343), (98, 112, 456), (44, 45, 297), (0, 3, 17), (77, 86, 393), (81, 82, 419), (46, 47, 304), (6, 10, 82), (50, 51, 313), (92, 104, 440), (97, 110, 453), (60, 74, 346), (10, 11, 114), (7, 8, 109), (74, 75, 378), (71, 72, 373), (46, 55, 302), (49, 50, 312), (75, 80, 380), (91, 92, 441), (95, 105, 444), (15, 24, 170), (27, 28, 213), (32, 33, 238), (25, 32, 205), (16, 17, 173), (26, 33, 207), (76, 81, 387), (92, 93, 442), (6, 11, 83)}
INFO:root:on bit: 510 and error set looks like: {(60, 75, 347), (26, 34, 208), (93, 94, 444), (109, 110, 484), (96, 108, 450), (114, 115, 492), (108, 109, 483), (4, 8, 78), (21, 22, 179), (33, 34, 239), (5, 6, 81), (9, 13, 112), (0, 1, 15), (77, 84, 391), (13, 18, 143), (90, 91, 439), (9, 10, 113), (18, 19, 176), (62, 63, 359), (99, 113, 458), (87, 100, 430), (100, 116, 462), (76, 82, 388), (61, 62, 358), (31, 32, 236), (52, 61, 325), (43, 44, 296), (26, 35, 209), (76, 83, 389), (1, 2, 47), (122, 123, 505), (30, 31, 235), (99, 114, 459), (51, 59, 312), (119, 120, 500), (113, 114, 491), (11, 14, 116), (38, 39, 247), (81, 96, 418), (42, 50, 280), (100, 101, 463), (23, 28, 182), (35, 41, 240), (17, 18, 174), (1, 4, 46), (96, 107, 449), (0, 117, 496), (72, 73, 375), (15, 16, 172), (42, 51, 281), (29, 40, 232), (45, 53, 296), (66, 67, 366), (105, 124, 475), (120, 121, 501), (53, 54, 329), (46, 47, 303), (84, 85, 424), (103, 120, 469), (110, 111, 486), (98, 99, 457), (107, 108, 482), (86, 99, 426), (54, 64, 330), (14, 21, 147), (69, 70, 370), (19, 20, 177), (68, 69, 369), (28, 38, 214), (103, 121, 470), (90, 103, 438), (40, 45, 265), (54, 65, 331), (14, 22, 148), (28, 39, 215), (2, 3, 49), (29, 30, 233), (5, 9, 80), (22, 23, 181), (4, 5, 79), (7, 12, 108), (41, 46, 271), (47, 48, 305), (106, 126, 478), (10, 11, 115), (74, 75, 379), (51, 60, 314), (12, 16, 140), (13, 19, 144), (111, 112, 487), (117, 118, 497), (102, 119, 467), (78, 89, 401), (14, 23, 149), (24, 29, 201), (48, 57, 306), (52, 62, 326), (73, 74, 377), (80, 93, 411), (96, 97, 451), (61, 62, 357), (41, 47, 272), (23, 27, 180), (58, 71, 341), (48, 56, 304), (73, 79, 376), (43, 44, 295), (79, 90, 407), (85, 86, 425), (106, 127, 479), (40, 43, 263), (33, 34, 240), (57, 69, 338), (67, 68, 367), (116, 117, 495), (24, 30, 202), (36, 37, 244), (115, 116, 494), (58, 72, 342), (79, 91, 408), (88, 89, 433), (20, 21, 178), (56, 57, 337), (104, 122, 472), (39, 42, 248), (49, 50, 311), (87, 88, 432), (105, 125, 476), (40, 44, 264), (15, 16, 171), (78, 87, 399), (64, 65, 363), (86, 98, 424), (89, 102, 434), (57, 70, 339), (101, 102, 465), (102, 118, 466), (63, 64, 361), (118, 119, 498), (124, 125, 508), (37, 38, 245), (78, 88, 400), (104, 123, 473), (55, 66, 333), (52, 53, 327), (81, 82, 420), (8, 9, 111), (17, 25, 172), (7, 8, 110), (20, 26, 176), (71, 72, 374), (93, 94, 443), (125, 126, 509), (59, 60, 345), (83, 84, 422), (82, 83, 421), (95, 106, 446), (55, 67, 334), (12, 17, 141), (13, 20, 145), (18, 19, 175), (69, 70, 371), (123, 124, 506), (101, 117, 464), (49, 58, 310), (25, 31, 204), (61, 76, 356), (109, 110, 485), (122, 123, 504), (45, 54, 298), (34, 35, 241), (59, 73, 344), (21, 22, 180), (27, 36, 211), (29, 30, 234), (80, 94, 412), (41, 48, 273), (24, 25, 203), (4, 7, 77), (70, 71, 372), (90, 91, 440), (65, 66, 364), (113, 114, 490), (80, 95, 413), (38, 39, 246), (111, 112, 488), (31, 32, 237), (100, 115, 461), (55, 56, 335), (1, 2, 48), (98, 111, 455), (53, 63, 328), (94, 95, 445), (27, 37, 212), (77, 85, 392), (83, 97, 420), (66, 67, 365), (3, 6, 50), (36, 37, 243), (12, 15, 139), (79, 92, 409), (105, 106, 477), (84, 85, 423), (89, 101, 432), (3, 5, 48), (35, 36, 242), (97, 109, 452), (115, 116, 493), (107, 108, 481), (68, 78, 368), (43, 52, 294), (56, 68, 336), (0, 2, 16), (63, 77, 360), (87, 88, 431), (64, 65, 362), (42, 49, 279), (124, 125, 507), (58, 59, 343), (121, 122, 503), (98, 112, 456), (44, 45, 297), (103, 104, 471), (0, 3, 17), (77, 86, 393), (120, 121, 502), (81, 82, 419), (46, 47, 304), (6, 10, 82), (50, 51, 313), (92, 104, 440), (97, 110, 453), (60, 74, 346), (10, 11, 114), (7, 8, 109), (74, 75, 378), (71, 72, 373), (46, 55, 302), (49, 50, 312), (75, 80, 380), (91, 92, 441), (95, 105, 444), (118, 119, 499), (15, 24, 170), (112, 113, 489), (27, 28, 213), (32, 33, 238), (25, 32, 205), (107, 127, 480), (16, 17, 173), (26, 33, 207), (76, 81, 387), (92, 93, 442), (6, 11, 83)}
INFO:root: original code baord is  [0 0 0 0 0 0 0 0 0 0 0 0 0 0 0 0 1 0 0 0 0 0 0 0 0 0 0 0 0 0 0 0 0 0 0 0 0
 0 0 0 0 0 0 0 0 0 0 1 1 1 0 0 0 0 0 0 0 0 0 0 0 0 0 0 0 0 0 0 0 0 0 0 0 0
 0 0 0 0 1 0 1 0 1 0 0 0 0 0 0 0 0 0 0 0 0 0 0 0 0 0 0 0 0 0 0 0 0 0 0 1 1
 0 1 0 1 1 0 0 0 0 0 0 0 0 0 0 0 0 0 0 0 0 0 0 0 0 0 0 0 0 1 0 0 0 1 0 0 0
 1 0 0 0 0 0 0 0 0 0 0 0 0 0 0 0 0 0 0 0 0 0 0 1 1 1 0 1 1 1 0 1 1 1 0 0 0
 0 0 0 0 0 0 0 0 0 0 0 0 0 0 0 0 0 1 0 1 0 0 0 1 0 0 0 1 0 1 0 0 0 0 0 0 0
 0 0 0 0 0 0 0 0 0 0 0 1 1 0 1 1 0 1 1 1 0 1 1 0 1 1 0 0 0 0 0 0 0 0 0 0 0
 0 0 0 0 0 1 0 0 0 0 0 0 0 1 0 0 0 0 0 0 0 1 0 0 0 0 0 0 0 0 0 0 0 0 0 0 1
 1 1 0 0 0 0 0 1 1 1 0 0 0 0 0 1 1 1 0 0 0 0 0 0 0 0 0 0 0 0 1 0 1 0 1 0 0
 0 1 0 1 0 1 0 0 0 1 0 1 0 1 0 0 0 0 0 0 0 0 0 0 1 1 0 1 0 1 1 0 1 1 0 1 0
 1 1 0 1 1 0 1 0 1 1 0 0 0 0 0 0 0 0 1 0 0 0 1 0 0 0 0 0 0 0 1 0 0 0 0 0 0
 0 1 0 0 0 1 0 0 0 0 0 0 1 1 1 0 1 1 1 0 0 0 0 0 1 1 1 0 0 0 0 0 1 1 1 0 1
 1 1 0 0 0 0 1 0 1 0 0 0 1 0 1 0 0 0 1 0 1 0 1 0 0 0 1 0 1 0 0 0 1 0 1 0 0
 1 1 0 1 1 0 1 1 0 1 1 0 1 1 0 1 0 1 1 0 1 1 0 1 1 0 1 1 0 1 1]
INFO:root: original_errors_board is  [0 0 0 0 0 0 0 0 0 0 0 0 0 0 0 0 1 0 0 0 0 0 0 0 0 0 0 0 0 0 0 0 0 0 0 0 0
 0 0 0 0 0 0 0 0 0 0 1 1 1 0 0 0 0 0 0 0 0 0 0 0 0 0 0 0 0 0 0 0 0 0 0 0 0
 0 0 0 0 1 0 1 0 1 0 0 0 0 0 0 0 0 0 0 0 0 0 0 0 0 0 0 0 0 0 0 0 0 0 0 1 1
 0 1 0 1 1 0 0 0 0 0 0 0 0 0 0 0 0 0 0 0 0 0 0 0 0 0 0 0 0 1 0 0 0 1 0 0 0
 1 0 0 0 0 0 0 0 0 0 0 0 0 0 0 0 0 0 0 0 0 0 0 1 1 1 0 1 1 1 0 1 1 1 0 0 0
 0 0 0 0 0 0 0 0 0 0 0 0 0 0 0 0 0 1 0 1 0 0 0 1 0 0 0 1 0 1 0 0 0 0 0 0 0
 0 0 0 0 0 0 0 0 0 0 0 1 1 0 1 1 0 1 1 1 0 1 1 0 1 1 0 0 0 0 0 0 0 0 0 0 0
 0 0 0 0 0 1 0 0 0 0 0 0 0 1 0 0 0 0 0 0 0 1 0 0 0 0 0 0 0 0 0 0 0 0 0 0 1
 1 1 0 0 0 0 0 1 1 1 0 0 0 0 0 1 1 1 0 0 0 0 0 0 0 0 0 0 0 0 1 0 1 0 1 0 0
 0 1 0 1 0 1 0 0 0 1 0 1 0 1 0 0 0 0 0 0 0 0 0 0 1 1 0 1 0 1 1 0 1 1 0 1 0
 1 1 0 1 1 0 1 0 1 1 0 0 0 0 0 0 0 0 1 0 0 0 1 0 0 0 0 0 0 0 1 0 0 0 0 0 0
 0 1 0 0 0 1 0 0 0 0 0 0 1 1 1 0 1 1 1 0 0 0 0 0 1 1 1 0 0 0 0 0 1 1 1 0 1
 1 1 0 0 0 0 1 0 1 0 0 0 1 0 1 0 0 0 1 0 1 0 1 0 0 0 1 0 1 0 0 0 1 0 1 0 0
 1 1 0 1 1 0 1 1 0 1 1 0 1 1 0 1 0 1 1 0 1 1 0 1 1 0 1 1 0 1 1]
INFO:root: error board is code [0 0 0 0 0 0 0 0 0 0 0 0 0 0 0 0 1 0 0 0 0 0 0 0 0 0 0 0 0 0 0 0 0 0 0 0 0
 0 0 0 0 0 0 0 0 0 0 1 1 1 0 0 0 0 0 0 0 0 0 0 0 0 0 0 0 0 0 0 0 0 0 0 0 0
 0 0 0 0 1 0 1 0 1 0 0 0 0 0 0 0 0 0 0 0 0 0 0 0 0 0 0 0 0 0 0 0 0 0 0 1 1
 0 1 0 1 1 0 0 0 0 0 0 0 0 0 0 0 0 0 0 0 0 0 0 0 0 0 0 0 0 1 0 0 0 1 0 0 0
 1 0 0 0 0 0 0 0 0 0 0 0 0 0 0 0 0 0 0 0 0 0 0 1 1 1 0 1 1 1 0 1 1 1 0 0 0
 0 0 0 0 0 0 0 0 0 0 0 0 0 0 0 0 0 1 0 1 0 0 0 1 0 0 0 1 0 1 0 0 0 0 0 0 0
 0 0 0 0 0 0 0 0 0 0 0 1 1 0 1 1 0 1 1 1 0 1 1 0 1 1 0 0 0 0 0 0 0 0 0 0 0
 0 0 0 0 0 1 0 0 0 0 0 0 0 1 0 0 0 0 0 0 0 1 0 0 0 0 0 0 0 0 0 0 0 0 0 0 1
 1 1 0 0 0 0 0 1 1 1 0 0 0 0 0 1 1 1 0 0 0 0 0 0 0 0 0 0 0 0 1 0 1 0 1 0 0
 0 1 0 1 0 1 0 0 0 1 0 1 0 1 0 0 0 0 0 0 0 0 0 0 1 1 0 1 0 1 1 0 1 1 0 1 0
 1 1 0 1 1 0 1 0 1 1 0 0 0 0 0 0 0 0 1 0 0 0 1 0 0 0 0 0 0 0 1 0 0 0 0 0 0
 0 1 0 0 0 1 0 0 0 0 0 0 1 1 1 0 1 1 1 0 0 0 0 0 1 1 1 0 0 0 0 0 1 1 1 0 1
 1 1 0 0 0 0 1 0 1 0 0 0 1 0 1 0 0 0 1 0 1 0 1 0 0 0 1 0 1 0 0 0 1 0 1 0 0
 1 1 0 1 1 0 1 1 0 1 1 0 1 1 0 1 0 1 1 0 1 1 0 1 1 0 1 1 0 1 1]
INFO:root: initial symmetry is: [0 0 0 0 0 0 0 0 0 0 0 0 0 0 0 0 1 0 0 0 0 0 0 0 0 0 0 0 0 0 0 0 0 0 0 0 0
 0 0 0 0 0 0 0 0 0 0 1 1 1 0 0 0 0 0 0 0 0 0 0 0 0 0 0 0 0 0 0 0 0 0 0 0 0
 0 0 0 0 1 0 1 0 1 0 0 0 0 0 0 0 0 0 0 0 0 0 0 0 0 0 0 0 0 0 0 0 0 0 0 1 1
 0 1 0 1 1 0 0 0 0 0 0 0 0 0 0 0 0 0 0 0 0 0 0 0 0 0 0 0 0 1 0 0 0 1 0 0 0
 1 0 0 0 0 0 0 0 0 0 0 0 0 0 0 0 0 0 0 0 0 0 0 1 1 1 0 1 1 1 0 1 1 1 0 0 0
 0 0 0 0 0 0 0 0 0 0 0 0 0 0 0 0 0 1 0 1 0 0 0 1 0 0 0 1 0 1 0 0 0 0 0 0 0
 0 0 0 0 0 0 0 0 0 0 0 1 1 0 1 1 0 1 1 1 0 1 1 0 1 1 0 0 0 0 0 0 0 0 0 0 0
 0 0 0 0 0 1 0 0 0 0 0 0 0 1 0 0 0 0 0 0 0 1 0 0 0 0 0 0 0 0 0 0 0 0 0 0 1
 1 1 0 0 0 0 0 1 1 1 0 0 0 0 0 1 1 1 0 0 0 0 0 0 0 0 0 0 0 0 1 0 1 0 1 0 0
 0 1 0 1 0 1 0 0 0 1 0 1 0 1 0 0 0 0 0 0 0 0 0 0 1 1 0 1 0 1 1 0 1 1 0 1 0
 1 1 0 1 1 0 1 0 1 1 0 0 0 0 0 0 0 0 1 0 0 0 1 0 0 0 0 0 0 0 1 0 0 0 0 0 0
 0 1 0 0 0 1 0 0 0 0 0 0 1 1 1 0 1 1 1 0 0 0 0 0 1 1 1 0 0 0 0 0 1 1 1 0 1
 1 1 0 0 0 0 1 0 1 0 0 0 1 0 1 0 0 0 1 0 1 0 1 0 0 0 1 0 1 0 0 0 1 0 1 0 0
 1 1 0 1 1 0 1 1 0 1 1 0 1 1 0 1 0 1 1 0 1 1 0 1 1 0 1 1 0 1 1]
INFO:root:fundamental_stabilizer_parity_check_matrix is : [[0 0 0 ... 0 0 0]
 [0 0 0 ... 0 0 0]
 [0 0 0 ... 0 0 0]
 ...
 [0 0 0 ... 1 0 0]
 [0 0 0 ... 1 1 1]
 [0 0 0 ... 0 1 1]]
INFO:root:fundamental_single_error_syndromes is : {(60, 75, 347), (26, 34, 208), (93, 94, 444), (109, 110, 484), (96, 108, 450), (114, 115, 492), (108, 109, 483), (4, 8, 78), (21, 22, 179), (33, 34, 239), (5, 6, 81), (9, 13, 112), (0, 1, 15), (77, 84, 391), (13, 18, 143), (90, 91, 439), (9, 10, 113), (18, 19, 176), (62, 63, 359), (99, 113, 458), (87, 100, 430), (100, 116, 462), (76, 82, 388), (61, 62, 358), (31, 32, 236), (52, 61, 325), (43, 44, 296), (26, 35, 209), (76, 83, 389), (1, 2, 47), (122, 123, 505), (30, 31, 235), (99, 114, 459), (51, 59, 312), (119, 120, 500), (113, 114, 491), (11, 14, 116), (38, 39, 247), (81, 96, 418), (42, 50, 280), (100, 101, 463), (23, 28, 182), (35, 41, 240), (17, 18, 174), (1, 4, 46), (96, 107, 449), (0, 117, 496), (72, 73, 375), (15, 16, 172), (126, 127, 510), (42, 51, 281), (29, 40, 232), (45, 53, 296), (66, 67, 366), (105, 124, 475), (120, 121, 501), (53, 54, 329), (46, 47, 303), (84, 85, 424), (103, 120, 469), (110, 111, 486), (98, 99, 457), (107, 108, 482), (86, 99, 426), (54, 64, 330), (14, 21, 147), (69, 70, 370), (19, 20, 177), (68, 69, 369), (28, 38, 214), (103, 121, 470), (90, 103, 438), (40, 45, 265), (54, 65, 331), (14, 22, 148), (28, 39, 215), (2, 3, 49), (29, 30, 233), (5, 9, 80), (22, 23, 181), (4, 5, 79), (7, 12, 108), (41, 46, 271), (47, 48, 305), (106, 126, 478), (10, 11, 115), (74, 75, 379), (51, 60, 314), (12, 16, 140), (13, 19, 144), (111, 112, 487), (117, 118, 497), (102, 119, 467), (78, 89, 401), (14, 23, 149), (24, 29, 201), (48, 57, 306), (52, 62, 326), (73, 74, 377), (80, 93, 411), (96, 97, 451), (61, 62, 357), (41, 47, 272), (23, 27, 180), (58, 71, 341), (48, 56, 304), (73, 79, 376), (43, 44, 295), (79, 90, 407), (85, 86, 425), (106, 127, 479), (40, 43, 263), (33, 34, 240), (57, 69, 338), (67, 68, 367), (116, 117, 495), (24, 30, 202), (36, 37, 244), (115, 116, 494), (58, 72, 342), (79, 91, 408), (88, 89, 433), (20, 21, 178), (56, 57, 337), (104, 122, 472), (39, 42, 248), (49, 50, 311), (87, 88, 432), (105, 125, 476), (40, 44, 264), (15, 16, 171), (78, 87, 399), (64, 65, 363), (86, 98, 424), (89, 102, 434), (57, 70, 339), (101, 102, 465), (102, 118, 466), (63, 64, 361), (118, 119, 498), (124, 125, 508), (37, 38, 245), (78, 88, 400), (104, 123, 473), (55, 66, 333), (52, 53, 327), (81, 82, 420), (8, 9, 111), (17, 25, 172), (7, 8, 110), (20, 26, 176), (71, 72, 374), (93, 94, 443), (125, 126, 509), (59, 60, 345), (126, 127, 511), (83, 84, 422), (82, 83, 421), (95, 106, 446), (55, 67, 334), (12, 17, 141), (13, 20, 145), (18, 19, 175), (69, 70, 371), (123, 124, 506), (101, 117, 464), (49, 58, 310), (25, 31, 204), (61, 76, 356), (109, 110, 485), (122, 123, 504), (45, 54, 298), (34, 35, 241), (59, 73, 344), (21, 22, 180), (27, 36, 211), (29, 30, 234), (80, 94, 412), (41, 48, 273), (24, 25, 203), (4, 7, 77), (70, 71, 372), (90, 91, 440), (65, 66, 364), (113, 114, 490), (80, 95, 413), (38, 39, 246), (111, 112, 488), (31, 32, 237), (100, 115, 461), (55, 56, 335), (1, 2, 48), (98, 111, 455), (53, 63, 328), (94, 95, 445), (27, 37, 212), (77, 85, 392), (83, 97, 420), (66, 67, 365), (3, 6, 50), (36, 37, 243), (12, 15, 139), (79, 92, 409), (105, 106, 477), (84, 85, 423), (89, 101, 432), (3, 5, 48), (35, 36, 242), (97, 109, 452), (115, 116, 493), (107, 108, 481), (68, 78, 368), (43, 52, 294), (56, 68, 336), (0, 2, 16), (63, 77, 360), (87, 88, 431), (64, 65, 362), (42, 49, 279), (124, 125, 507), (58, 59, 343), (121, 122, 503), (98, 112, 456), (44, 45, 297), (103, 104, 471), (0, 3, 17), (77, 86, 393), (120, 121, 502), (81, 82, 419), (46, 47, 304), (6, 10, 82), (50, 51, 313), (92, 104, 440), (97, 110, 453), (60, 74, 346), (10, 11, 114), (7, 8, 109), (74, 75, 378), (71, 72, 373), (46, 55, 302), (49, 50, 312), (75, 80, 380), (91, 92, 441), (95, 105, 444), (118, 119, 499), (15, 24, 170), (112, 113, 489), (27, 28, 213), (32, 33, 238), (25, 32, 205), (107, 127, 480), (16, 17, 173), (26, 33, 207), (76, 81, 387), (92, 93, 442), (6, 11, 83)}
INFO:root: Hx [[0 0 0 ... 0 0 0]
 [1 0 0 ... 0 0 0]
 [0 1 0 ... 0 0 0]
 ...
 [0 0 0 ... 0 0 0]
 [0 0 0 ... 1 0 0]
 [0 0 0 ... 0 1 0]]
INFO:root: Hy is code [[0 0 0 ... 0 0 0]
 [0 0 0 ... 0 0 0]
 [0 0 0 ... 0 0 0]
 ...
 [0 0 0 ... 0 0 0]
 [0 0 0 ... 0 0 0]
 [0 0 0 ... 0 0 0]]
