INFO:root:on bit: 0 and error set looks like: set()
INFO:root: a bit error in 47 in fundamental symmetry caused a 4 stab error: [0 1 2 3] errors
INFO:root:on bit: 51 and error set looks like: {(1, 2, 46), (2, 3, 48), (2, 3, 47), (0, 117, 15), (0, 1, 47)}
ERROR:root:Minor panic. Error on  bit 78 causes a BAD syndrome: [1 4 5] for lighted: [0 1 0 0 1 1 0 0 0 0 0 0 0 0 0 0 0 0 0 0 0 0 0 0 0 0 0 0 0 0 0 0 0 0 0 0 0
 0 0 0 0 0 0 0 0 0 0 0 0 0 0 0 0 0 0 0 0 0 0 0 0 0 0 0 0 0 0 0 0 0 0 0 0 0
 0 0 0 0 0 0 0 0 0 0 0 0 0 0 0 0 0 0 0 0 0 0 0 0 0 0 0 0 0 0 0 0 0 0 0 0 0
 0 0 0 0 0 0 0 0 0 0 0 0 0 0 0 0 0]
INFO:root:on bit: 0 and error set looks like: set()
INFO:root:on bit: 3 and error set looks like: set()
INFO:root:on bit: 6 and error set looks like: {(0, 9, 3)}
INFO:root:on bit: 9 and error set looks like: {(0, 9, 3)}
INFO:root: a bit error in 11 in fundamental symmetry caused a 4 stab error: [0 1 2 3] errors
INFO:root:on bit: 12 and error set looks like: {(2, 3, 11), (0, 9, 3), (1, 2, 10), (0, 1, 11)}
INFO:root:on bit: 15 and error set looks like: {(0, 9, 3), (1, 2, 10), (2, 3, 12), (2, 3, 11), (0, 1, 11)}
INFO:root:on bit: 18 and error set looks like: {(0, 9, 3), (1, 2, 10), (2, 3, 12), (2, 3, 11), (0, 1, 11)}
ERROR:root:Minor panic. Error on  bit 18 causes a BAD syndrome: [1 4 5] for lighted: [0 1 0 0 1 1 0 0 0 0 0 0]
INFO:root:on bit: 0 and error set looks like: set()
INFO:root: a bit error in 47 in fundamental symmetry caused a 4 stab error: [0 1 2 3] errors
INFO:root:on bit: 51 and error set looks like: {(1, 2, 46), (2, 3, 48), (2, 3, 47), (0, 117, 15), (0, 1, 47)}
ERROR:root:Minor panic. Error on  bit 78 causes a BAD syndrome: [1 4 5] for lighted: [0 1 0 0 1 1 0 0 0 0 0 0 0 0 0 0 0 0 0 0 0 0 0 0 0 0 0 0 0 0 0 0 0 0 0 0 0
 0 0 0 0 0 0 0 0 0 0 0 0 0 0 0 0 0 0 0 0 0 0 0 0 0 0 0 0 0 0 0 0 0 0 0 0 0
 0 0 0 0 0 0 0 0 0 0 0 0 0 0 0 0 0 0 0 0 0 0 0 0 0 0 0 0 0 0 0 0 0 0 0 0 0
 0 0 0 0 0 0 0 0 0 0 0 0 0 0 0 0 0]
INFO:root: a bit error in 5 in fundamental symmetry caused a 4 stab error: [0 1 2 3] errors
INFO:root: original code baord is  [0 1 0 0 1 1 1 0]
INFO:root: original_errors_board is  [0 1 0 0 1 1 1 0]
INFO:root: error board is code [0 1 0 0 1 1 1 0]
INFO:root: initial symmetry is: [0 1 0 0 1 1 1 0]
INFO:root:fundamental_stabilizer_parity_check_matrix is : [[1 1 1 0 0 1 0 0]
 [1 0 0 0 1 1 0 1]
 [0 1 0 0 1 1 1 0]
 [0 0 1 0 0 1 1 1]]
INFO:root: Hx [[0 0 0 1 0 0 0 0]
 [1 0 0 0 0 0 0 0]
 [0 1 0 0 0 0 0 0]
 [0 0 1 0 0 0 0 0]
 [0 0 0 0 0 0 0 1]
 [0 0 0 0 1 0 0 0]
 [0 0 0 0 0 1 0 0]
 [0 0 0 0 0 0 1 0]]
INFO:root: Hy is code [[0 0 0 0 1 0 0 0]
 [0 0 0 0 0 1 0 0]
 [0 0 0 0 0 0 1 0]
 [0 0 0 0 0 0 0 1]
 [1 0 0 0 0 0 0 0]
 [0 1 0 0 0 0 0 0]
 [0 0 1 0 0 0 0 0]
 [0 0 0 1 0 0 0 0]]
INFO:root:on bit: 0 and error set looks like: set()
INFO:root: a bit error in 47 in fundamental symmetry caused a 4 stab error: [0 1 2 3] errors
INFO:root:on bit: 51 and error set looks like: {(1, 2, 46), (2, 3, 48), (2, 3, 47), (0, 117, 15), (0, 1, 47)}
ERROR:root:Minor panic. Error on  bit 78 causes a BAD syndrome: [1 4 5] for lighted: [0 1 0 0 1 1 0 0 0 0 0 0 0 0 0 0 0 0 0 0 0 0 0 0 0 0 0 0 0 0 0 0 0 0 0 0 0
 0 0 0 0 0 0 0 0 0 0 0 0 0 0 0 0 0 0 0 0 0 0 0 0 0 0 0 0 0 0 0 0 0 0 0 0 0
 0 0 0 0 0 0 0 0 0 0 0 0 0 0 0 0 0 0 0 0 0 0 0 0 0 0 0 0 0 0 0 0 0 0 0 0 0
 0 0 0 0 0 0 0 0 0 0 0 0 0 0 0 0 0]
INFO:root: a bit error in 5 in fundamental symmetry caused a 4 stab error: [0 1 2 3] errors
INFO:root: original code baord is  [0 1 0 0 1 1 1 0]
INFO:root: original_errors_board is  [0 1 0 0 1 1 1 0]
INFO:root: error board is code [0 1 0 0 1 1 1 0]
INFO:root: initial symmetry is: [0 1 0 0 1 1 1 0]
INFO:root:fundamental_stabilizer_parity_check_matrix is : [[1 1 1 0 0 1 0 0]
 [1 0 0 0 1 1 0 1]
 [0 1 0 0 1 1 1 0]
 [0 0 1 0 0 1 1 1]]
INFO:root: Hx [[0 0 0 1 0 0 0 0]
 [1 0 0 0 0 0 0 0]
 [0 1 0 0 0 0 0 0]
 [0 0 1 0 0 0 0 0]
 [0 0 0 0 0 0 0 1]
 [0 0 0 0 1 0 0 0]
 [0 0 0 0 0 1 0 0]
 [0 0 0 0 0 0 1 0]]
INFO:root: Hy is code [[0 0 0 0 1 0 0 0]
 [0 0 0 0 0 1 0 0]
 [0 0 0 0 0 0 1 0]
 [0 0 0 0 0 0 0 1]
 [1 0 0 0 0 0 0 0]
 [0 1 0 0 0 0 0 0]
 [0 0 1 0 0 0 0 0]
 [0 0 0 1 0 0 0 0]]
INFO:root:on bit: 0 and error set looks like: set()
INFO:root:on bit: 3 and error set looks like: set()
INFO:root:on bit: 6 and error set looks like: {(0, 9, 3)}
INFO:root:on bit: 9 and error set looks like: {(0, 9, 3)}
INFO:root: a bit error in 11 in fundamental symmetry caused a 4 stab error: [0 1 2 3] errors
INFO:root:on bit: 12 and error set looks like: {(2, 3, 11), (0, 9, 3), (1, 2, 10), (0, 1, 11)}
INFO:root:on bit: 15 and error set looks like: {(0, 9, 3), (1, 2, 10), (2, 3, 12), (2, 3, 11), (0, 1, 11)}
INFO:root:on bit: 18 and error set looks like: {(0, 9, 3), (1, 2, 10), (2, 3, 12), (2, 3, 11), (0, 1, 11)}
ERROR:root:Minor panic. Error on  bit 18 causes a BAD syndrome: [1 4 5] for lighted: [0 1 0 0 1 1 0 0 0 0 0 0]
INFO:root: a bit error in 5 in fundamental symmetry caused a 4 stab error: [0 1 2 3] errors
INFO:root: original code baord is  [0 1 0 0 1 1 1 0]
INFO:root: original_errors_board is  [0 1 0 0 1 1 1 0]
INFO:root: error board is code [0 1 0 0 1 1 1 0]
INFO:root: initial symmetry is: [0 1 0 0 1 1 1 0]
INFO:root:fundamental_stabilizer_parity_check_matrix is : [[1 1 1 0 0 1 0 0]
 [1 0 0 0 1 1 0 1]
 [0 1 0 0 1 1 1 0]
 [0 0 1 0 0 1 1 1]]
INFO:root: Hx [[0 0 0 1 0 0 0 0]
 [1 0 0 0 0 0 0 0]
 [0 1 0 0 0 0 0 0]
 [0 0 1 0 0 0 0 0]
 [0 0 0 0 0 0 0 1]
 [0 0 0 0 1 0 0 0]
 [0 0 0 0 0 1 0 0]
 [0 0 0 0 0 0 1 0]]
INFO:root: Hy is code [[0 0 0 0 1 0 0 0]
 [0 0 0 0 0 1 0 0]
 [0 0 0 0 0 0 1 0]
 [0 0 0 0 0 0 0 1]
 [1 0 0 0 0 0 0 0]
 [0 1 0 0 0 0 0 0]
 [0 0 1 0 0 0 0 0]
 [0 0 0 1 0 0 0 0]]
INFO:root:on bit: 0 and error set looks like: set()
INFO:root:on bit: 3 and error set looks like: set()
INFO:root:on bit: 6 and error set looks like: {(0, 9, 3)}
INFO:root:on bit: 9 and error set looks like: {(0, 9, 3)}
INFO:root: a bit error in 11 in fundamental symmetry caused a 4 stab error: [0 1 2 3] errors
INFO:root:on bit: 12 and error set looks like: {(2, 3, 11), (0, 9, 3), (1, 2, 10), (0, 1, 11)}
INFO:root:on bit: 15 and error set looks like: {(0, 9, 3), (1, 2, 10), (2, 3, 12), (2, 3, 11), (0, 1, 11)}
INFO:root:on bit: 18 and error set looks like: {(0, 9, 3), (1, 2, 10), (2, 3, 12), (2, 3, 11), (0, 1, 11)}
ERROR:root:Minor panic. Error on  bit 18 causes a BAD syndrome: [1 4 5] for lighted: [0 1 0 0 1 1 0 0 0 0 0 0]
