INFO:root:on bit: 0 and error set looks like: set()
INFO:root:on bit: 51 and error set looks like: {(0, 117, 15), (2, 3, 48), (1, 2, 46)}
INFO:root:on bit: 102 and error set looks like: {(0, 117, 15), (2, 3, 48), (1, 2, 46), (2, 5, 79)}
INFO:root:on bit: 153 and error set looks like: {(1, 2, 46), (2, 3, 48), (11, 14, 146), (7, 8, 108), (2, 5, 79), (5, 9, 111), (9, 10, 112), (8, 9, 110), (10, 11, 114), (0, 117, 15), (9, 13, 143), (7, 12, 140)}
INFO:root:on bit: 204 and error set looks like: {(17, 18, 173), (7, 8, 108), (5, 9, 111), (16, 17, 172), (20, 21, 177), (16, 25, 203), (19, 20, 176), (0, 117, 15), (21, 22, 178), (15, 16, 170), (22, 23, 180), (2, 3, 48), (2, 5, 79), (9, 10, 112), (8, 9, 110), (10, 11, 114), (7, 12, 140), (1, 2, 46), (11, 14, 146), (18, 19, 174), (9, 13, 143)}
INFO:root:on bit: 255 and error set looks like: {(17, 18, 173), (7, 8, 108), (5, 9, 111), (34, 35, 240), (32, 33, 237), (18, 26, 206), (16, 17, 172), (20, 21, 177), (31, 32, 236), (16, 25, 203), (19, 20, 176), (33, 34, 238), (0, 117, 15), (21, 22, 178), (15, 16, 170), (29, 30, 232), (37, 38, 244), (22, 23, 180), (19, 26, 207), (2, 3, 48), (2, 5, 79), (22, 27, 211), (9, 10, 112), (36, 37, 242), (8, 9, 110), (38, 39, 246), (35, 36, 241), (10, 11, 114), (21, 27, 210), (30, 31, 234), (7, 12, 140), (1, 2, 46), (11, 14, 146), (17, 25, 204), (18, 19, 174), (20, 26, 208), (9, 13, 143)}
INFO:root:on bit: 306 and error set looks like: {(34, 41, 271), (17, 18, 173), (7, 8, 108), (5, 9, 111), (34, 35, 240), (43, 44, 294), (32, 33, 237), (35, 41, 272), (46, 47, 302), (18, 26, 206), (16, 17, 172), (39, 42, 278), (20, 21, 177), (31, 32, 236), (29, 40, 264), (16, 25, 203), (19, 20, 176), (33, 34, 238), (0, 117, 15), (21, 22, 178), (15, 16, 170), (29, 30, 232), (37, 38, 244), (22, 23, 180), (19, 26, 207), (2, 3, 48), (2, 5, 79), (22, 27, 211), (9, 10, 112), (36, 37, 242), (8, 9, 110), (38, 39, 246), (35, 36, 241), (47, 48, 304), (10, 11, 114), (21, 27, 210), (30, 31, 234), (7, 12, 140), (1, 2, 46), (33, 41, 270), (11, 14, 146), (17, 25, 204), (44, 45, 296), (18, 19, 174), (20, 26, 208), (9, 13, 143)}
INFO:root:on bit: 357 and error set looks like: {(50, 51, 312), (34, 41, 271), (17, 18, 173), (7, 8, 108), (5, 9, 111), (34, 35, 240), (43, 44, 294), (32, 33, 237), (35, 41, 272), (46, 47, 302), (18, 26, 206), (16, 17, 172), (39, 42, 278), (50, 59, 343), (20, 21, 177), (31, 32, 236), (29, 40, 264), (49, 50, 310), (16, 25, 203), (19, 20, 176), (33, 34, 238), (0, 117, 15), (21, 22, 178), (15, 16, 170), (29, 30, 232), (37, 38, 244), (22, 23, 180), (19, 26, 207), (2, 3, 48), (2, 5, 79), (22, 27, 211), (9, 10, 112), (36, 37, 242), (8, 9, 110), (38, 39, 246), (35, 36, 241), (47, 48, 304), (10, 11, 114), (21, 27, 210), (30, 31, 234), (7, 12, 140), (1, 2, 46), (33, 41, 270), (11, 14, 146), (17, 25, 204), (44, 45, 296), (61, 62, 356), (18, 19, 174), (20, 26, 208), (47, 56, 335), (44, 53, 327), (9, 13, 143)}
INFO:root:on bit: 408 and error set looks like: {(50, 51, 312), (34, 41, 271), (17, 18, 173), (7, 8, 108), (5, 9, 111), (34, 35, 240), (43, 44, 294), (71, 72, 372), (53, 63, 359), (69, 70, 370), (67, 68, 366), (32, 33, 237), (72, 73, 374), (68, 78, 399), (61, 76, 388), (35, 41, 272), (56, 68, 367), (46, 47, 302), (65, 66, 363), (18, 26, 206), (16, 17, 172), (63, 77, 391), (70, 71, 371), (39, 42, 278), (50, 59, 343), (20, 21, 177), (31, 32, 236), (68, 69, 368), (29, 40, 264), (49, 50, 310), (16, 25, 203), (19, 20, 176), (33, 34, 238), (64, 65, 362), (0, 117, 15), (21, 22, 178), (15, 16, 170), (29, 30, 232), (37, 38, 244), (22, 23, 180), (19, 26, 207), (66, 67, 364), (2, 3, 48), (63, 64, 360), (73, 79, 407), (2, 5, 79), (62, 63, 358), (22, 27, 211), (9, 10, 112), (36, 37, 242), (59, 73, 375), (8, 9, 110), (38, 39, 246), (35, 36, 241), (47, 48, 304), (10, 11, 114), (21, 27, 210), (74, 75, 378), (30, 31, 234), (7, 12, 140), (1, 2, 46), (33, 41, 270), (11, 14, 146), (17, 25, 204), (44, 45, 296), (61, 62, 356), (18, 19, 174), (20, 26, 208), (47, 56, 335), (73, 74, 376), (44, 53, 327), (9, 13, 143)}
INFO:root:on bit: 459 and error set looks like: {(85, 86, 424), (43, 44, 294), (34, 35, 240), (35, 41, 272), (65, 66, 363), (50, 59, 343), (31, 32, 236), (88, 89, 432), (15, 16, 170), (66, 67, 364), (63, 64, 360), (84, 85, 422), (59, 73, 375), (7, 12, 140), (44, 45, 296), (53, 63, 359), (69, 70, 370), (91, 92, 440), (34, 41, 271), (32, 33, 237), (68, 78, 399), (56, 68, 367), (63, 77, 391), (18, 26, 206), (16, 17, 172), (70, 71, 371), (92, 93, 441), (84, 98, 454), (29, 40, 264), (33, 34, 238), (94, 95, 444), (2, 5, 79), (62, 63, 358), (36, 37, 242), (35, 36, 241), (30, 31, 234), (87, 88, 430), (17, 25, 204), (81, 82, 418), (44, 53, 327), (9, 13, 143), (50, 51, 312), (17, 18, 173), (7, 8, 108), (71, 72, 372), (61, 76, 388), (46, 47, 302), (39, 42, 278), (68, 69, 368), (16, 25, 203), (0, 117, 15), (21, 22, 178), (29, 30, 232), (22, 23, 180), (90, 91, 438), (9, 10, 112), (83, 97, 452), (33, 41, 270), (1, 2, 46), (75, 80, 410), (20, 26, 208), (38, 39, 246), (5, 9, 111), (67, 68, 366), (72, 73, 374), (82, 97, 451), (85, 98, 455), (20, 21, 177), (49, 50, 310), (19, 20, 176), (64, 65, 362), (37, 38, 244), (19, 26, 207), (73, 79, 407), (2, 3, 48), (22, 27, 211), (8, 9, 110), (47, 48, 304), (10, 11, 114), (93, 94, 442), (21, 27, 210), (74, 75, 378), (11, 14, 146), (83, 84, 421), (82, 83, 420), (18, 19, 174), (47, 56, 335), (73, 74, 376), (61, 62, 356)}
INFO:root:on bit: 510 and error set looks like: {(85, 86, 424), (109, 110, 484), (43, 44, 294), (34, 35, 240), (35, 41, 272), (65, 66, 363), (93, 105, 474), (116, 117, 494), (50, 59, 343), (31, 32, 236), (88, 89, 432), (15, 16, 170), (101, 117, 495), (66, 67, 364), (63, 64, 360), (84, 85, 422), (59, 73, 375), (107, 108, 480), (7, 12, 140), (121, 122, 502), (44, 45, 296), (53, 63, 359), (69, 70, 370), (123, 124, 505), (91, 92, 440), (34, 41, 271), (32, 33, 237), (68, 78, 399), (56, 68, 367), (63, 77, 391), (18, 26, 206), (16, 17, 172), (70, 71, 371), (92, 93, 441), (84, 98, 454), (114, 115, 491), (29, 40, 264), (91, 104, 471), (108, 109, 482), (33, 34, 238), (94, 95, 444), (2, 5, 79), (62, 63, 358), (36, 37, 242), (115, 116, 492), (35, 36, 241), (30, 31, 234), (87, 88, 430), (124, 125, 506), (17, 25, 204), (81, 82, 418), (44, 53, 327), (94, 105, 475), (9, 13, 143), (50, 51, 312), (17, 18, 173), (7, 8, 108), (71, 72, 372), (118, 119, 498), (120, 121, 500), (61, 76, 388), (112, 113, 488), (46, 47, 302), (39, 42, 278), (68, 69, 368), (16, 25, 203), (0, 117, 15), (21, 22, 178), (29, 30, 232), (22, 23, 180), (90, 91, 438), (9, 10, 112), (83, 97, 452), (111, 112, 486), (117, 118, 496), (122, 123, 504), (33, 41, 270), (1, 2, 46), (75, 80, 410), (20, 26, 208), (119, 120, 499), (113, 114, 490), (38, 39, 246), (5, 9, 111), (67, 68, 366), (92, 104, 472), (72, 73, 374), (82, 97, 451), (110, 111, 485), (85, 98, 455), (20, 21, 177), (49, 50, 310), (19, 20, 176), (64, 65, 362), (37, 38, 244), (19, 26, 207), (73, 79, 407), (2, 3, 48), (22, 27, 211), (8, 9, 110), (47, 48, 304), (10, 11, 114), (93, 94, 442), (21, 27, 210), (74, 75, 378), (88, 101, 463), (125, 126, 508), (11, 14, 146), (83, 84, 421), (82, 83, 420), (18, 19, 174), (47, 56, 335), (73, 74, 376), (61, 62, 356)}
INFO:root: original code baord is  [0 0 0 0 0 0 0 0 0 0 0 0 0 0 0 1 0 0 0 0 0 0 0 0 0 0 0 0 0 0 0 0 0 0 0 0 0
 0 0 0 0 0 0 0 0 0 1 1 1 0 0 0 0 0 0 0 0 0 0 0 0 0 0 0 0 0 0 0 0 0 0 0 0 0
 0 0 0 1 0 1 0 1 0 0 0 0 0 0 0 0 0 0 0 0 0 0 0 0 0 0 0 0 0 0 0 0 0 0 1 1 0
 1 0 1 1 0 0 0 0 0 0 0 0 0 0 0 0 0 0 0 0 0 0 0 0 0 0 0 0 1 0 0 0 1 0 0 0 1
 0 0 0 0 0 0 0 0 0 0 0 0 0 0 0 0 0 0 0 0 0 0 1 1 1 0 1 1 1 0 1 1 1 0 0 0 0
 0 0 0 0 0 0 0 0 0 0 0 0 0 0 0 0 1 0 1 0 0 0 1 0 0 0 1 0 1 0 0 0 0 0 0 0 0
 0 0 0 0 0 0 0 0 0 0 1 1 0 1 1 0 1 1 1 0 1 1 0 1 1 0 0 0 0 0 0 0 0 0 0 0 0
 0 0 0 0 1 0 0 0 0 0 0 0 1 0 0 0 0 0 0 0 1 0 0 0 0 0 0 0 0 0 0 0 0 0 0 1 1
 1 0 0 0 0 0 1 1 1 0 0 0 0 0 1 1 1 0 0 0 0 0 0 0 0 0 0 0 0 1 0 1 0 1 0 0 0
 1 0 1 0 1 0 0 0 1 0 1 0 1 0 0 0 0 0 0 0 0 0 0 1 1 0 1 0 1 1 0 1 1 0 1 0 1
 1 0 1 1 0 1 0 1 1 0 0 0 0 0 0 0 0 1 0 0 0 1 0 0 0 0 0 0 0 1 0 0 0 0 0 0 0
 1 0 0 0 1 0 0 0 0 0 0 1 1 1 0 1 1 1 0 0 0 0 0 1 1 1 0 0 0 0 0 1 1 1 0 1 1
 1 0 0 0 0 1 0 1 0 0 0 1 0 1 0 0 0 1 0 1 0 1 0 0 0 1 0 1 0 0 0 1 0 1 0 0 1
 1 0 1 1 0 1 1 0 1 1 0 1 1 0 1 0 1 1 0 1 1 0 1 1 0 1 1 0 1 1 0]
INFO:root: original_errors_board is  [0 0 0 0 0 0 0 0 0 0 0 0 0 0 0 1 0 0 0 0 0 0 0 0 0 0 0 0 0 0 0 0 0 0 0 0 0
 0 0 0 0 0 0 0 0 0 0 1 1 0 0 1 0 0 0 1 0 0 0 0 0 0 0 0 0 0 1 0 1 0 0 0 0 0
 0 0 0 1 0 1 0 1 0 0 1 1 0 0 0 0 0 1 0 0 0 0 0 0 0 0 0 0 0 0 0 0 0 0 1 1 0
 1 0 1 1 0 0 0 0 0 0 0 0 1 0 0 1 0 0 0 0 0 0 0 0 0 0 0 0 1 0 0 0 1 1 0 0 1
 0 0 0 0 0 0 0 0 0 0 0 0 0 0 1 0 0 0 0 0 0 0 1 1 1 0 1 1 0 0 1 1 1 0 0 0 0
 0 0 0 0 0 0 1 0 0 0 0 0 0 0 0 0 1 0 1 0 1 0 1 0 0 0 1 0 1 0 0 0 0 0 0 0 0
 0 0 0 0 0 0 0 0 0 0 1 1 0 1 1 0 1 1 1 0 1 1 0 1 1 0 0 0 0 0 0 0 0 0 0 0 0
 0 0 0 0 1 0 0 0 0 0 0 0 1 0 0 0 0 0 0 0 1 0 0 0 0 0 0 0 0 0 0 0 0 0 0 1 1
 1 0 0 0 0 0 1 1 1 0 0 0 0 0 1 1 0 0 0 0 0 0 0 0 0 0 0 0 0 1 0 1 0 1 0 1 0
 1 0 1 0 0 0 0 0 1 0 1 0 1 0 1 0 0 0 0 0 0 0 0 0 1 0 1 0 1 1 1 1 1 0 1 0 1
 1 0 1 1 0 1 0 1 0 0 0 0 0 0 0 0 0 1 0 0 0 1 0 0 0 0 0 0 0 1 0 0 0 0 1 0 1
 1 0 0 0 1 0 0 0 0 0 0 1 1 1 1 1 1 1 0 0 0 0 0 1 1 1 0 0 0 0 0 0 1 0 0 1 1
 1 0 0 1 0 1 0 1 0 0 0 1 1 1 0 0 0 1 0 1 1 1 0 0 0 1 0 1 1 0 0 1 0 1 0 1 1
 1 0 1 1 0 1 1 0 1 1 0 1 1 0 1 0 1 1 0 1 1 0 1 1 0 1 1 0 1 1 0]
INFO:root: error board is code [0 0 0 0 0 0 0 0 0 0 0 0 0 0 0 1 0 0 0 0 0 0 0 0 0 0 0 0 0 0 0 0 0 0 0 0 0
 0 0 0 0 0 0 0 0 0 0 1 1 0 0 1 0 0 0 1 0 0 0 0 0 0 0 0 0 0 1 0 1 0 0 0 0 0
 0 0 0 1 0 1 0 1 0 0 1 1 0 0 0 0 0 1 0 0 0 0 0 0 0 0 0 0 0 0 0 0 0 0 1 1 0
 1 0 1 1 0 0 0 0 0 0 0 0 1 0 0 1 0 0 0 0 0 0 0 0 0 0 0 0 1 0 0 0 1 1 0 0 1
 0 0 0 0 0 0 0 0 0 0 0 0 0 0 1 0 0 0 0 0 0 0 1 1 1 0 1 1 0 0 1 1 1 0 0 0 0
 0 0 0 0 0 0 1 0 0 0 0 0 0 0 0 0 1 0 1 0 1 0 1 0 0 0 1 0 1 0 0 0 0 0 0 0 0
 0 0 0 0 0 0 0 0 0 0 1 1 0 1 1 0 1 1 1 0 1 1 0 1 1 0 0 0 0 0 0 0 0 0 0 0 0
 0 0 0 0 1 0 0 0 0 0 0 0 1 0 0 0 0 0 0 0 1 0 0 0 0 0 0 0 0 0 0 0 0 0 0 1 1
 1 0 0 0 0 0 1 1 1 0 0 0 0 0 1 1 0 0 0 0 0 0 0 0 0 0 0 0 0 1 0 1 0 1 0 1 0
 1 0 1 0 0 0 0 0 1 0 1 0 1 0 1 0 0 0 0 0 0 0 0 0 1 0 1 0 1 1 1 1 1 0 1 0 1
 1 0 1 1 0 1 0 1 0 0 0 0 0 0 0 0 0 1 0 0 0 1 0 0 0 0 0 0 0 1 0 0 0 0 1 0 1
 1 0 0 0 1 0 0 0 0 0 0 1 1 1 1 1 1 1 0 0 0 0 0 1 1 1 0 0 0 0 0 0 1 0 0 1 1
 1 0 0 1 0 1 0 1 0 0 0 1 1 1 0 0 0 1 0 1 1 1 0 0 0 1 0 1 1 0 0 1 0 1 0 1 1
 1 0 1 1 0 1 1 0 1 1 0 1 1 0 1 0 1 1 0 1 1 0 1 1 0 1 1 0 1 1 0]
INFO:root: initial symmetry is: [0 0 0 0 0 0 0 0 0 0 0 0 0 0 0 1 0 0 0 0 0 0 0 0 0 0 0 0 0 0 0 0 0 0 0 0 0
 0 0 0 0 0 0 0 0 0 1 1 1 0 0 0 0 0 0 0 0 0 0 0 0 0 0 0 0 0 0 0 0 0 0 0 0 0
 0 0 0 1 0 1 0 1 0 0 0 0 0 0 0 0 0 0 0 0 0 0 0 0 0 0 0 0 0 0 0 0 0 0 1 1 0
 1 0 1 1 0 0 0 0 0 0 0 0 0 0 0 0 0 0 0 0 0 0 0 0 0 0 0 0 1 0 0 0 1 0 0 0 1
 0 0 0 0 0 0 0 0 0 0 0 0 0 0 0 0 0 0 0 0 0 0 1 1 1 0 1 1 1 0 1 1 1 0 0 0 0
 0 0 0 0 0 0 0 0 0 0 0 0 0 0 0 0 1 0 1 0 0 0 1 0 0 0 1 0 1 0 0 0 0 0 0 0 0
 0 0 0 0 0 0 0 0 0 0 1 1 0 1 1 0 1 1 1 0 1 1 0 1 1 0 0 0 0 0 0 0 0 0 0 0 0
 0 0 0 0 1 0 0 0 0 0 0 0 1 0 0 0 0 0 0 0 1 0 0 0 0 0 0 0 0 0 0 0 0 0 0 1 1
 1 0 0 0 0 0 1 1 1 0 0 0 0 0 1 1 1 0 0 0 0 0 0 0 0 0 0 0 0 1 0 1 0 1 0 0 0
 1 0 1 0 1 0 0 0 1 0 1 0 1 0 0 0 0 0 0 0 0 0 0 1 1 0 1 0 1 1 0 1 1 0 1 0 1
 1 0 1 1 0 1 0 1 1 0 0 0 0 0 0 0 0 1 0 0 0 1 0 0 0 0 0 0 0 1 0 0 0 0 0 0 0
 1 0 0 0 1 0 0 0 0 0 0 1 1 1 0 1 1 1 0 0 0 0 0 1 1 1 0 0 0 0 0 1 1 1 0 1 1
 1 0 0 0 0 1 0 1 0 0 0 1 0 1 0 0 0 1 0 1 0 1 0 0 0 1 0 1 0 0 0 1 0 1 0 0 1
 1 0 1 1 0 1 1 0 1 1 0 1 1 0 1 0 1 1 0 1 1 0 1 1 0 1 1 0 1 1 0]
INFO:root:fundamental_stabilizer_parity_check_matrix is : [[0 0 0 ... 0 0 0]
 [0 0 0 ... 0 0 0]
 [0 0 0 ... 0 0 0]
 ...
 [0 0 0 ... 0 0 0]
 [0 0 0 ... 1 1 0]
 [0 0 0 ... 1 1 1]]
INFO:root: Hx [[0 0 0 ... 0 0 0]
 [1 0 0 ... 0 0 0]
 [0 1 0 ... 0 0 0]
 ...
 [0 0 0 ... 0 0 0]
 [0 0 0 ... 1 0 0]
 [0 0 0 ... 0 1 0]]
INFO:root: Hy is code [[0 0 0 ... 0 0 0]
 [0 0 0 ... 0 0 0]
 [0 0 0 ... 0 0 0]
 ...
 [0 0 0 ... 0 0 0]
 [0 0 0 ... 0 0 0]
 [0 0 0 ... 0 0 0]]
INFO:root:on bit: 0 and error set looks like: set()
INFO:root:on bit: 51 and error set looks like: {(8, 123, 24), (12, 13, 35), (9, 125, 27), (16, 17, 41), (5, 21, 48), (8, 124, 25), (19, 20, 45), (9, 126, 28), (15, 16, 39), (11, 31, 32), (14, 15, 38), (18, 19, 44), (1, 114, 4), (11, 12, 33), (17, 18, 43), (5, 120, 16), (2, 116, 7), (1, 115, 5), (13, 14, 37), (21, 22, 49), (2, 117, 8), (20, 21, 47)}
INFO:root:on bit: 102 and error set looks like: {(24, 25, 53), (8, 123, 24), (21, 32, 80), (12, 13, 35), (23, 24, 52), (9, 125, 27), (16, 17, 41), (5, 21, 48), (8, 124, 25), (19, 20, 45), (9, 126, 28), (15, 16, 39), (11, 31, 32), (14, 15, 38), (18, 19, 44), (1, 114, 4), (29, 30, 61), (11, 12, 33), (17, 18, 43), (5, 120, 16), (2, 116, 7), (27, 28, 58), (1, 115, 5), (13, 14, 37), (21, 22, 49), (26, 27, 57), (25, 26, 55), (22, 23, 51), (30, 31, 63), (2, 117, 8), (20, 21, 47), (28, 29, 59)}
INFO:root:on bit: 153 and error set looks like: {(24, 25, 53), (8, 123, 24), (21, 32, 80), (33, 34, 111), (12, 13, 35), (23, 24, 52), (9, 125, 27), (16, 17, 41), (5, 21, 48), (8, 124, 25), (19, 20, 45), (9, 126, 28), (15, 16, 39), (11, 31, 32), (14, 15, 38), (18, 19, 44), (34, 37, 144), (1, 114, 4), (29, 30, 61), (11, 12, 33), (17, 18, 43), (5, 120, 16), (2, 116, 7), (27, 28, 58), (34, 35, 113), (1, 115, 5), (13, 14, 37), (21, 22, 49), (26, 27, 57), (25, 26, 55), (22, 23, 51), (30, 31, 63), (2, 117, 8), (20, 21, 47), (28, 29, 59)}
INFO:root:on bit: 204 and error set looks like: {(24, 25, 53), (41, 42, 177), (8, 123, 24), (21, 32, 80), (33, 34, 111), (12, 13, 35), (23, 24, 52), (9, 125, 27), (16, 17, 41), (5, 21, 48), (8, 124, 25), (19, 20, 45), (37, 41, 176), (9, 126, 28), (15, 16, 39), (11, 31, 32), (40, 41, 175), (14, 15, 38), (18, 19, 44), (34, 37, 144), (1, 114, 4), (29, 30, 61), (39, 40, 173), (11, 12, 33), (17, 18, 43), (5, 120, 16), (2, 116, 7), (27, 28, 58), (34, 35, 113), (1, 115, 5), (13, 14, 37), (21, 22, 49), (26, 27, 57), (25, 26, 55), (22, 23, 51), (30, 31, 63), (2, 117, 8), (20, 21, 47), (28, 29, 59), (42, 43, 179)}
INFO:root:on bit: 255 and error set looks like: {(24, 25, 53), (41, 42, 177), (8, 123, 24), (21, 32, 80), (53, 54, 243), (33, 34, 111), (12, 13, 35), (23, 24, 52), (52, 53, 242), (9, 125, 27), (16, 17, 41), (5, 21, 48), (8, 124, 25), (47, 48, 235), (43, 46, 211), (19, 20, 45), (37, 41, 176), (9, 126, 28), (15, 16, 39), (39, 44, 205), (11, 31, 32), (40, 41, 175), (14, 15, 38), (18, 19, 44), (34, 37, 144), (1, 114, 4), (41, 45, 208), (29, 30, 61), (39, 40, 173), (11, 12, 33), (17, 18, 43), (5, 120, 16), (2, 116, 7), (27, 28, 58), (34, 35, 113), (1, 115, 5), (13, 14, 37), (21, 22, 49), (26, 27, 57), (25, 26, 55), (49, 50, 238), (22, 23, 51), (30, 31, 63), (54, 55, 245), (2, 117, 8), (51, 52, 241), (48, 49, 237), (50, 51, 239), (20, 21, 47), (28, 29, 59), (42, 43, 179)}
INFO:root:on bit: 306 and error set looks like: {(24, 25, 53), (41, 42, 177), (8, 123, 24), (48, 57, 268), (21, 32, 80), (53, 54, 243), (33, 34, 111), (12, 13, 35), (23, 24, 52), (51, 58, 272), (52, 53, 242), (64, 65, 302), (9, 125, 27), (16, 17, 41), (5, 21, 48), (50, 58, 271), (8, 124, 25), (47, 48, 235), (43, 46, 211), (61, 62, 297), (19, 20, 45), (53, 59, 275), (37, 41, 176), (9, 126, 28), (15, 16, 39), (39, 44, 205), (11, 31, 32), (40, 41, 175), (14, 15, 38), (18, 19, 44), (34, 37, 144), (1, 114, 4), (41, 45, 208), (29, 30, 61), (39, 40, 173), (11, 12, 33), (17, 18, 43), (5, 120, 16), (2, 116, 7), (27, 28, 58), (34, 35, 113), (1, 115, 5), (13, 14, 37), (21, 22, 49), (49, 57, 269), (26, 27, 57), (25, 26, 55), (49, 50, 238), (22, 23, 51), (30, 31, 63), (54, 55, 245), (2, 117, 8), (51, 52, 241), (52, 58, 273), (66, 67, 305), (63, 64, 301), (48, 49, 237), (54, 59, 276), (62, 63, 299), (65, 66, 303), (50, 51, 239), (20, 21, 47), (28, 29, 59), (42, 43, 179)}
INFO:root:on bit: 357 and error set looks like: {(24, 25, 53), (41, 42, 177), (8, 123, 24), (48, 57, 268), (21, 32, 80), (53, 54, 243), (33, 34, 111), (66, 73, 336), (12, 13, 35), (23, 24, 52), (51, 58, 272), (52, 53, 242), (64, 65, 302), (9, 125, 27), (16, 17, 41), (5, 21, 48), (50, 58, 271), (69, 70, 309), (8, 124, 25), (47, 48, 235), (43, 46, 211), (61, 62, 297), (61, 72, 329), (19, 20, 45), (53, 59, 275), (65, 73, 335), (67, 73, 337), (37, 41, 176), (68, 69, 307), (9, 126, 28), (15, 16, 39), (39, 44, 205), (11, 31, 32), (40, 41, 175), (14, 15, 38), (18, 19, 44), (34, 37, 144), (1, 114, 4), (41, 45, 208), (29, 30, 61), (39, 40, 173), (11, 12, 33), (17, 18, 43), (5, 120, 16), (2, 116, 7), (27, 28, 58), (34, 35, 113), (1, 115, 5), (13, 14, 37), (21, 22, 49), (49, 57, 269), (71, 74, 343), (26, 27, 57), (67, 68, 306), (25, 26, 55), (49, 50, 238), (22, 23, 51), (30, 31, 63), (54, 55, 245), (2, 117, 8), (51, 52, 241), (52, 58, 273), (66, 67, 305), (63, 64, 301), (48, 49, 237), (54, 59, 276), (62, 63, 299), (70, 71, 311), (65, 66, 303), (50, 51, 239), (20, 21, 47), (28, 29, 59), (42, 43, 179)}
INFO:root:on bit: 408 and error set looks like: {(48, 57, 268), (33, 34, 111), (12, 13, 35), (51, 58, 272), (78, 79, 367), (50, 58, 271), (47, 48, 235), (43, 46, 211), (19, 20, 45), (37, 41, 176), (5, 120, 16), (1, 115, 5), (49, 57, 269), (71, 74, 343), (22, 23, 51), (54, 59, 276), (62, 63, 299), (49, 50, 238), (42, 43, 179), (24, 25, 53), (81, 82, 375), (8, 123, 24), (21, 32, 80), (66, 73, 336), (23, 24, 52), (64, 65, 302), (53, 59, 275), (75, 76, 359), (68, 69, 307), (15, 16, 39), (14, 15, 38), (11, 12, 33), (17, 18, 43), (25, 26, 55), (30, 31, 63), (52, 58, 273), (70, 71, 311), (65, 66, 303), (50, 51, 239), (41, 42, 177), (9, 125, 27), (16, 17, 41), (8, 124, 25), (61, 62, 297), (61, 72, 329), (39, 44, 205), (76, 77, 361), (34, 37, 144), (76, 85, 392), (1, 114, 4), (41, 45, 208), (29, 30, 61), (39, 40, 173), (34, 35, 113), (13, 14, 37), (79, 80, 369), (51, 52, 241), (48, 49, 237), (79, 88, 400), (82, 83, 377), (20, 21, 47), (53, 54, 243), (52, 53, 242), (5, 21, 48), (65, 73, 335), (67, 73, 337), (9, 126, 28), (11, 31, 32), (40, 41, 175), (18, 19, 44), (2, 116, 7), (27, 28, 58), (21, 22, 49), (26, 27, 57), (67, 68, 306), (54, 55, 245), (2, 117, 8), (66, 67, 305), (63, 64, 301), (28, 29, 59), (69, 70, 309)}
INFO:root:on bit: 459 and error set looks like: {(48, 57, 268), (33, 34, 111), (12, 13, 35), (51, 58, 272), (88, 100, 432), (78, 79, 367), (50, 58, 271), (47, 48, 235), (43, 46, 211), (19, 20, 45), (37, 41, 176), (104, 105, 439), (93, 94, 421), (5, 120, 16), (1, 115, 5), (49, 57, 269), (71, 74, 343), (85, 95, 424), (22, 23, 51), (54, 59, 276), (62, 63, 299), (49, 50, 238), (42, 43, 179), (24, 25, 53), (81, 82, 375), (8, 123, 24), (21, 32, 80), (66, 73, 336), (23, 24, 52), (64, 65, 302), (91, 105, 440), (53, 59, 275), (97, 98, 428), (94, 95, 423), (75, 76, 359), (68, 69, 307), (15, 16, 39), (14, 15, 38), (100, 101, 433), (11, 12, 33), (17, 18, 43), (25, 26, 55), (30, 31, 63), (52, 58, 273), (102, 103, 436), (70, 71, 311), (101, 102, 435), (65, 66, 303), (50, 51, 239), (41, 42, 177), (98, 99, 429), (9, 125, 27), (16, 17, 41), (8, 124, 25), (61, 62, 297), (61, 72, 329), (39, 44, 205), (76, 77, 361), (34, 37, 144), (76, 85, 392), (1, 114, 4), (41, 45, 208), (29, 30, 61), (39, 40, 173), (103, 104, 437), (93, 108, 453), (34, 35, 113), (13, 14, 37), (79, 80, 369), (51, 52, 241), (95, 109, 456), (48, 49, 237), (79, 88, 400), (99, 100, 431), (82, 83, 377), (20, 21, 47), (53, 54, 243), (105, 106, 441), (52, 53, 242), (5, 21, 48), (82, 91, 408), (65, 73, 335), (67, 73, 337), (9, 126, 28), (11, 31, 32), (40, 41, 175), (96, 97, 427), (106, 107, 443), (18, 19, 44), (2, 116, 7), (27, 28, 58), (21, 22, 49), (26, 27, 57), (67, 68, 306), (54, 55, 245), (2, 117, 8), (66, 67, 305), (63, 64, 301), (28, 29, 59), (95, 96, 425), (69, 70, 309)}
INFO:root:on bit: 510 and error set looks like: {(48, 57, 268), (122, 123, 503), (33, 34, 111), (12, 13, 35), (51, 58, 272), (120, 121, 497), (88, 100, 432), (78, 79, 367), (50, 58, 271), (47, 48, 235), (43, 46, 211), (19, 20, 45), (100, 110, 464), (37, 41, 176), (104, 105, 439), (107, 112, 475), (116, 117, 487), (93, 94, 421), (5, 120, 16), (1, 115, 5), (49, 57, 269), (71, 74, 343), (85, 95, 424), (22, 23, 51), (54, 59, 276), (62, 63, 299), (49, 50, 238), (123, 124, 505), (42, 43, 179), (24, 25, 53), (81, 82, 375), (8, 123, 24), (21, 32, 80), (66, 73, 336), (23, 24, 52), (64, 65, 302), (91, 105, 440), (119, 120, 495), (53, 59, 275), (97, 98, 428), (94, 95, 423), (75, 76, 359), (68, 69, 307), (15, 16, 39), (14, 15, 38), (100, 101, 433), (105, 111, 472), (11, 12, 33), (17, 18, 43), (124, 125, 506), (25, 26, 55), (30, 31, 63), (52, 58, 273), (102, 103, 436), (70, 71, 311), (101, 102, 435), (65, 66, 303), (50, 51, 239), (41, 42, 177), (125, 126, 507), (126, 127, 509), (98, 99, 429), (9, 125, 27), (16, 17, 41), (8, 124, 25), (61, 62, 297), (61, 72, 329), (39, 44, 205), (76, 77, 361), (34, 37, 144), (76, 85, 392), (1, 114, 4), (41, 45, 208), (29, 30, 61), (39, 40, 173), (103, 104, 437), (93, 108, 453), (34, 35, 113), (13, 14, 37), (79, 80, 369), (51, 52, 241), (95, 109, 456), (48, 49, 237), (79, 88, 400), (99, 100, 431), (82, 83, 377), (20, 21, 47), (117, 118, 489), (53, 54, 243), (105, 106, 441), (52, 53, 242), (5, 21, 48), (82, 91, 408), (113, 114, 483), (114, 115, 485), (65, 73, 335), (67, 73, 337), (9, 126, 28), (11, 31, 32), (40, 41, 175), (96, 97, 427), (106, 107, 443), (18, 19, 44), (115, 116, 486), (2, 116, 7), (27, 28, 58), (21, 22, 49), (26, 27, 57), (67, 68, 306), (54, 55, 245), (2, 117, 8), (66, 67, 305), (63, 64, 301), (28, 29, 59), (95, 96, 425), (69, 70, 309)}
INFO:root:on bit: 0 and error set looks like: set()
INFO:root:on bit: 51 and error set looks like: {(10, 11, 22), (4, 18, 41), (6, 19, 44), (3, 4, 9), (0, 14, 31), (4, 5, 10), (5, 6, 11), (3, 18, 40), (9, 10, 21), (5, 19, 43), (0, 15, 32), (12, 13, 25), (11, 12, 23), (2, 3, 7), (8, 9, 19), (6, 7, 13), (0, 1, 1)}
INFO:root:on bit: 102 and error set looks like: {(6, 19, 44), (0, 14, 31), (26, 27, 65), (5, 6, 11), (3, 18, 40), (0, 15, 32), (30, 31, 71), (9, 10, 21), (11, 23, 55), (12, 13, 25), (38, 39, 83), (39, 40, 85), (8, 9, 19), (45, 46, 93), (34, 35, 77), (10, 22, 53), (42, 43, 89), (15, 26, 64), (41, 42, 87), (43, 44, 91), (4, 18, 41), (3, 4, 9), (32, 33, 74), (40, 41, 86), (5, 19, 43), (36, 37, 80), (44, 45, 92), (27, 28, 67), (35, 36, 79), (6, 7, 13), (0, 1, 1), (9, 22, 52), (10, 11, 22), (31, 32, 73), (4, 5, 10), (33, 34, 75), (12, 23, 56), (26, 46, 95), (26, 47, 96), (11, 12, 23), (29, 30, 69), (37, 38, 81), (2, 3, 7), (28, 29, 68)}
INFO:root:on bit: 153 and error set looks like: {(6, 19, 44), (0, 14, 31), (26, 27, 65), (5, 6, 11), (3, 18, 40), (0, 15, 32), (30, 31, 71), (48, 49, 129), (9, 10, 21), (11, 23, 55), (12, 13, 25), (38, 39, 83), (39, 40, 85), (8, 9, 19), (45, 46, 93), (34, 35, 77), (10, 22, 53), (42, 43, 89), (15, 26, 64), (41, 42, 87), (43, 44, 91), (4, 18, 41), (3, 4, 9), (32, 33, 74), (40, 41, 86), (5, 19, 43), (36, 37, 80), (44, 45, 92), (27, 28, 67), (35, 36, 79), (6, 7, 13), (0, 1, 1), (9, 22, 52), (10, 11, 22), (31, 32, 73), (4, 5, 10), (33, 34, 75), (12, 23, 56), (26, 46, 95), (26, 47, 96), (11, 12, 23), (29, 30, 69), (37, 38, 81), (2, 3, 7), (28, 29, 68)}
INFO:root:on bit: 204 and error set looks like: {(6, 19, 44), (0, 14, 31), (26, 27, 65), (5, 6, 11), (51, 54, 192), (3, 18, 40), (48, 51, 160), (0, 15, 32), (30, 31, 71), (48, 49, 129), (9, 10, 21), (11, 23, 55), (12, 13, 25), (38, 39, 83), (39, 40, 85), (8, 9, 19), (45, 46, 93), (34, 35, 77), (10, 22, 53), (42, 43, 89), (15, 26, 64), (41, 42, 87), (43, 44, 91), (4, 18, 41), (3, 4, 9), (32, 33, 74), (40, 41, 86), (5, 19, 43), (36, 37, 80), (44, 45, 92), (27, 28, 67), (35, 36, 79), (6, 7, 13), (0, 1, 1), (9, 22, 52), (10, 11, 22), (31, 32, 73), (4, 5, 10), (33, 34, 75), (12, 23, 56), (26, 46, 95), (54, 55, 193), (26, 47, 96), (11, 12, 23), (29, 30, 69), (37, 38, 81), (2, 3, 7), (55, 56, 195), (48, 50, 159), (28, 29, 68)}
INFO:root:on bit: 255 and error set looks like: {(6, 19, 44), (0, 14, 31), (26, 27, 65), (5, 6, 11), (51, 54, 192), (3, 18, 40), (48, 51, 160), (0, 15, 32), (30, 31, 71), (48, 49, 129), (57, 58, 221), (9, 10, 21), (11, 23, 55), (12, 13, 25), (57, 61, 253), (38, 39, 83), (39, 40, 85), (8, 9, 19), (45, 46, 93), (34, 35, 77), (10, 22, 53), (42, 43, 89), (15, 26, 64), (41, 42, 87), (43, 44, 91), (4, 18, 41), (3, 4, 9), (32, 33, 74), (40, 41, 86), (5, 19, 43), (56, 60, 227), (54, 59, 224), (36, 37, 80), (44, 45, 92), (27, 28, 67), (35, 36, 79), (6, 7, 13), (0, 1, 1), (9, 22, 52), (54, 58, 223), (10, 11, 22), (31, 32, 73), (4, 5, 10), (33, 34, 75), (12, 23, 56), (26, 46, 95), (54, 55, 193), (26, 47, 96), (11, 12, 23), (29, 30, 69), (37, 38, 81), (2, 3, 7), (55, 56, 195), (48, 50, 159), (28, 29, 68)}
INFO:root:on bit: 306 and error set looks like: {(6, 19, 44), (0, 14, 31), (26, 27, 65), (5, 6, 11), (51, 54, 192), (3, 18, 40), (48, 51, 160), (0, 15, 32), (30, 31, 71), (64, 65, 259), (48, 49, 129), (57, 58, 221), (67, 68, 283), (9, 10, 21), (11, 23, 55), (12, 13, 25), (57, 61, 253), (38, 39, 83), (39, 40, 85), (8, 9, 19), (45, 46, 93), (34, 35, 77), (10, 22, 53), (42, 43, 89), (15, 26, 64), (69, 70, 286), (41, 42, 87), (43, 44, 91), (4, 18, 41), (68, 69, 285), (3, 4, 9), (63, 71, 289), (32, 33, 74), (40, 41, 86), (62, 70, 287), (64, 72, 291), (5, 19, 43), (56, 60, 227), (54, 59, 224), (36, 37, 80), (44, 45, 92), (65, 66, 261), (62, 63, 257), (27, 28, 67), (35, 36, 79), (6, 7, 13), (0, 1, 1), (9, 22, 52), (54, 58, 223), (10, 11, 22), (31, 32, 73), (62, 71, 288), (4, 5, 10), (33, 34, 75), (12, 23, 56), (26, 46, 95), (54, 55, 193), (65, 72, 292), (26, 47, 96), (11, 12, 23), (29, 30, 69), (37, 38, 81), (2, 3, 7), (63, 64, 258), (55, 56, 195), (48, 50, 159), (28, 29, 68)}
INFO:root:on bit: 357 and error set looks like: {(0, 14, 31), (48, 51, 160), (0, 15, 32), (64, 65, 259), (70, 71, 319), (77, 78, 322), (67, 68, 283), (57, 61, 253), (38, 39, 83), (39, 40, 85), (84, 85, 349), (78, 79, 323), (36, 37, 80), (76, 86, 351), (35, 36, 79), (0, 1, 1), (68, 75, 316), (76, 87, 352), (26, 46, 95), (37, 38, 81), (26, 27, 65), (51, 54, 192), (85, 86, 350), (9, 10, 21), (34, 35, 77), (3, 4, 9), (63, 71, 289), (64, 72, 291), (44, 45, 92), (9, 22, 52), (54, 58, 223), (31, 32, 73), (4, 5, 10), (48, 50, 159), (83, 84, 347), (3, 18, 40), (57, 58, 221), (11, 23, 55), (12, 13, 25), (80, 81, 327), (45, 46, 93), (10, 22, 53), (42, 43, 89), (43, 44, 91), (4, 18, 41), (32, 33, 74), (62, 70, 287), (65, 66, 261), (62, 63, 257), (33, 34, 75), (12, 23, 56), (54, 55, 193), (11, 12, 23), (2, 3, 7), (63, 64, 258), (6, 19, 44), (69, 75, 317), (5, 6, 11), (77, 87, 353), (30, 31, 71), (79, 80, 325), (48, 49, 129), (82, 83, 345), (8, 9, 19), (69, 70, 286), (15, 26, 64), (76, 77, 321), (41, 42, 87), (68, 69, 285), (40, 41, 86), (5, 19, 43), (56, 60, 227), (27, 28, 67), (6, 7, 13), (10, 11, 22), (62, 71, 288), (65, 72, 292), (26, 47, 96), (29, 30, 69), (54, 59, 224), (55, 56, 195), (28, 29, 68)}
INFO:root:on bit: 408 and error set looks like: {(0, 14, 31), (48, 51, 160), (0, 15, 32), (64, 65, 259), (70, 71, 319), (77, 78, 322), (67, 68, 283), (57, 61, 253), (38, 39, 83), (39, 40, 85), (81, 88, 359), (84, 85, 349), (78, 79, 323), (36, 37, 80), (92, 93, 391), (76, 86, 351), (35, 36, 79), (0, 1, 1), (68, 75, 316), (76, 87, 352), (26, 46, 95), (37, 38, 81), (26, 27, 65), (51, 54, 192), (82, 89, 377), (85, 86, 350), (9, 10, 21), (34, 35, 77), (86, 87, 383), (3, 4, 9), (63, 71, 289), (64, 72, 291), (44, 45, 92), (9, 22, 52), (93, 94, 393), (54, 58, 223), (31, 32, 73), (4, 5, 10), (48, 50, 159), (83, 84, 347), (3, 18, 40), (57, 58, 221), (11, 23, 55), (12, 13, 25), (80, 81, 327), (45, 46, 93), (10, 22, 53), (42, 43, 89), (43, 44, 91), (4, 18, 41), (32, 33, 74), (62, 70, 287), (65, 66, 261), (62, 63, 257), (33, 34, 75), (12, 23, 56), (54, 55, 193), (11, 12, 23), (90, 91, 385), (2, 3, 7), (63, 64, 258), (6, 19, 44), (69, 75, 317), (5, 6, 11), (77, 87, 353), (30, 31, 71), (79, 80, 325), (48, 49, 129), (82, 83, 345), (8, 9, 19), (69, 70, 286), (15, 26, 64), (76, 77, 321), (41, 42, 87), (68, 69, 285), (40, 41, 86), (5, 19, 43), (56, 60, 227), (27, 28, 67), (6, 7, 13), (10, 11, 22), (62, 71, 288), (65, 72, 292), (26, 47, 96), (95, 96, 407), (29, 30, 69), (54, 59, 224), (55, 56, 195), (28, 29, 68)}
INFO:root:on bit: 459 and error set looks like: {(112, 113, 455), (0, 14, 31), (90, 99, 416), (48, 51, 160), (0, 15, 32), (64, 65, 259), (70, 71, 319), (77, 78, 322), (67, 68, 283), (57, 61, 253), (38, 39, 83), (39, 40, 85), (81, 88, 359), (84, 85, 349), (111, 112, 453), (78, 79, 323), (36, 37, 80), (92, 93, 391), (76, 86, 351), (35, 36, 79), (0, 1, 1), (113, 114, 457), (68, 75, 316), (76, 87, 352), (26, 46, 95), (37, 38, 81), (26, 27, 65), (51, 54, 192), (110, 111, 452), (82, 89, 377), (85, 86, 350), (9, 10, 21), (34, 35, 77), (86, 87, 383), (3, 4, 9), (63, 71, 289), (64, 72, 291), (102, 113, 456), (44, 45, 92), (9, 22, 52), (93, 94, 393), (54, 58, 223), (31, 32, 73), (109, 110, 451), (4, 5, 10), (48, 50, 159), (83, 84, 347), (3, 18, 40), (57, 58, 221), (96, 97, 409), (11, 23, 55), (12, 13, 25), (80, 81, 327), (45, 46, 93), (10, 22, 53), (42, 43, 89), (43, 44, 91), (4, 18, 41), (32, 33, 74), (62, 70, 287), (96, 105, 440), (65, 66, 261), (62, 63, 257), (90, 98, 415), (33, 34, 75), (12, 23, 56), (54, 55, 193), (93, 102, 424), (11, 12, 23), (90, 91, 385), (2, 3, 7), (63, 64, 258), (6, 19, 44), (69, 75, 317), (5, 6, 11), (77, 87, 353), (30, 31, 71), (79, 80, 325), (108, 109, 449), (48, 49, 129), (82, 83, 345), (8, 9, 19), (69, 70, 286), (15, 26, 64), (76, 77, 321), (41, 42, 87), (68, 69, 285), (40, 41, 86), (5, 19, 43), (56, 60, 227), (27, 28, 67), (6, 7, 13), (10, 11, 22), (99, 108, 448), (62, 71, 288), (65, 72, 292), (26, 47, 96), (95, 96, 407), (29, 30, 69), (54, 59, 224), (55, 56, 195), (28, 29, 68)}
INFO:root:on bit: 510 and error set looks like: {(112, 113, 455), (0, 14, 31), (90, 99, 416), (48, 51, 160), (0, 15, 32), (64, 65, 259), (70, 71, 319), (77, 78, 322), (67, 68, 283), (57, 61, 253), (38, 39, 83), (39, 40, 85), (81, 88, 359), (84, 85, 349), (111, 112, 453), (78, 79, 323), (105, 118, 472), (36, 37, 80), (92, 93, 391), (76, 86, 351), (35, 36, 79), (0, 1, 1), (113, 114, 457), (119, 120, 475), (68, 75, 316), (114, 115, 459), (76, 87, 352), (26, 46, 95), (37, 38, 81), (121, 122, 477), (120, 121, 476), (26, 27, 65), (51, 54, 192), (110, 111, 452), (82, 89, 377), (85, 86, 350), (118, 119, 473), (9, 10, 21), (34, 35, 77), (86, 87, 383), (3, 4, 9), (63, 71, 289), (64, 72, 291), (102, 113, 456), (44, 45, 92), (9, 22, 52), (93, 94, 393), (54, 58, 223), (116, 126, 501), (31, 32, 73), (109, 110, 451), (4, 5, 10), (48, 50, 159), (83, 84, 347), (113, 124, 488), (3, 18, 40), (57, 58, 221), (96, 97, 409), (11, 23, 55), (12, 13, 25), (118, 127, 504), (80, 81, 327), (45, 46, 93), (10, 22, 53), (42, 43, 89), (43, 44, 91), (4, 18, 41), (32, 33, 74), (62, 70, 287), (96, 105, 440), (65, 66, 261), (62, 63, 257), (90, 98, 415), (33, 34, 75), (12, 23, 56), (54, 55, 193), (93, 102, 424), (11, 12, 23), (90, 91, 385), (117, 118, 471), (2, 3, 7), (63, 64, 258), (6, 19, 44), (69, 75, 317), (5, 6, 11), (77, 87, 353), (30, 31, 71), (79, 80, 325), (108, 109, 449), (48, 49, 129), (116, 117, 469), (82, 83, 345), (8, 9, 19), (69, 70, 286), (15, 26, 64), (76, 77, 321), (41, 42, 87), (68, 69, 285), (40, 41, 86), (108, 122, 479), (5, 19, 43), (56, 60, 227), (27, 28, 67), (6, 7, 13), (108, 123, 480), (10, 11, 22), (99, 108, 448), (62, 71, 288), (65, 72, 292), (26, 47, 96), (95, 96, 407), (115, 125, 491), (29, 30, 69), (54, 59, 224), (55, 56, 195), (28, 29, 68)}
