INFO:root:on bit: 0 and error set looks like: set()
INFO:root:on bit: 3 and error set looks like: set()
INFO:root:on bit: 6 and error set looks like: {(0, 9, 3)}
INFO:root:on bit: 9 and error set looks like: {(0, 9, 3)}
INFO:root:on bit: 12 and error set looks like: {(0, 9, 3), (1, 2, 10)}
INFO:root:on bit: 15 and error set looks like: {(2, 3, 12), (0, 9, 3), (1, 2, 10)}
INFO:root:on bit: 18 and error set looks like: {(2, 3, 12), (0, 9, 3), (1, 2, 10)}
INFO:root:on bit: 21 and error set looks like: {(2, 3, 12), (2, 5, 19), (0, 9, 3), (1, 2, 10)}
INFO:root:on bit: 24 and error set looks like: {(2, 3, 12), (2, 5, 19), (0, 9, 3), (1, 2, 10)}
INFO:root:on bit: 27 and error set looks like: {(0, 9, 3), (1, 2, 10), (7, 8, 24), (2, 3, 12), (8, 9, 26), (2, 5, 19)}
INFO:root:on bit: 30 and error set looks like: {(0, 9, 3), (1, 2, 10), (7, 8, 24), (5, 9, 27), (2, 3, 12), (9, 10, 28), (8, 9, 26), (2, 5, 19)}
INFO:root: original code baord is  [0 0 0 1 0 0 0 0 0 0 1 1 1 0 0 0 0 1 0 1 0 1 0 0 1 1 0 1 0 1 1 0]
INFO:root: original_errors_board is  [0 0 0 1 0 0 0 0 0 0 1 1 1 0 0 0 0 1 0 1 0 1 0 0 1 1 0 1 0 1 1 0]
INFO:root: error board is code [0 0 0 1 0 0 0 0 0 0 1 1 1 0 0 0 0 1 0 1 0 1 0 0 1 1 0 1 0 1 1 0]
INFO:root: initial symmetry is: [0 0 0 1 0 0 0 0 0 0 1 1 1 0 0 0 0 1 0 1 0 1 0 0 1 1 0 1 0 1 1 0]
INFO:root:fundamental_stabilizer_parity_check_matrix is : [[0 0 1 1 1 0 0 0 0 0 0 1 0 0 0 0 0 0 0 0 0 0 0 0 0 0 0 0 0 0 0 0]
 [0 0 0 0 0 0 0 0 0 1 1 1 0 0 0 0 0 0 1 0 0 0 0 0 0 0 0 0 0 0 0 0]
 [0 0 0 0 0 0 0 0 0 0 1 1 1 0 0 0 0 0 0 1 0 0 0 0 0 0 0 0 0 0 0 0]
 [0 0 0 0 0 0 0 0 0 0 0 1 1 1 0 0 0 0 0 0 1 0 0 0 0 0 0 0 0 0 0 0]
 [0 0 0 0 0 0 0 0 0 0 0 0 0 0 0 0 1 1 1 0 0 0 0 0 0 1 0 0 0 0 0 0]
 [0 0 0 0 0 0 0 0 0 0 0 0 0 0 0 0 0 0 1 1 1 0 0 0 0 0 0 1 0 0 0 0]
 [0 0 0 0 0 0 0 0 0 0 0 0 0 0 0 0 0 0 0 0 1 1 1 0 0 0 0 0 0 1 0 0]
 [1 0 0 0 0 0 0 0 0 0 0 0 0 0 0 0 0 0 0 0 0 0 0 0 1 1 0 0 0 0 0 1]
 [0 1 0 0 0 0 0 0 0 0 0 0 0 0 0 0 0 0 0 0 0 0 0 0 1 1 1 0 0 0 0 0]
 [0 0 0 1 0 0 0 0 0 0 0 0 0 0 0 0 0 0 0 0 0 0 0 0 0 0 1 1 1 0 0 0]
 [0 0 0 0 0 1 0 0 0 0 0 0 0 0 0 0 0 0 0 0 0 0 0 0 0 0 0 0 1 1 1 0]
 [0 0 0 0 0 0 1 0 0 0 0 0 0 0 0 0 0 0 0 0 0 0 0 0 0 0 0 0 0 1 1 1]]
INFO:root: Hx [[0 0 0 ... 0 0 0]
 [1 0 0 ... 0 0 0]
 [0 1 0 ... 0 0 0]
 ...
 [0 0 0 ... 0 0 0]
 [0 0 0 ... 1 0 0]
 [0 0 0 ... 0 1 0]]
INFO:root: Hy is code [[0 0 0 ... 0 0 0]
 [0 0 0 ... 0 0 0]
 [0 0 0 ... 0 0 0]
 ...
 [0 0 0 ... 0 0 0]
 [0 0 0 ... 0 0 0]
 [0 0 0 ... 0 0 0]]
INFO:root:on bit: 0 and error set looks like: set()
INFO:root:on bit: 3 and error set looks like: set()
INFO:root:on bit: 6 and error set looks like: {(1, 10, 4)}
INFO:root:on bit: 9 and error set looks like: {(3, 7, 8), (1, 10, 4)}
INFO:root:on bit: 12 and error set looks like: {(3, 7, 8), (3, 4, 9), (1, 10, 4), (4, 5, 11)}
INFO:root:on bit: 15 and error set looks like: {(1, 10, 4), (1, 5, 12), (5, 6, 13), (3, 4, 9), (3, 7, 8), (4, 5, 11)}
INFO:root:on bit: 18 and error set looks like: {(1, 10, 4), (1, 5, 12), (5, 6, 13), (3, 4, 9), (6, 7, 15), (3, 7, 8), (4, 5, 11)}
INFO:root:on bit: 21 and error set looks like: {(1, 10, 4), (1, 5, 12), (5, 6, 13), (3, 4, 9), (6, 7, 15), (3, 7, 8), (5, 8, 20), (4, 5, 11)}
INFO:root:on bit: 24 and error set looks like: {(1, 10, 4), (1, 5, 12), (5, 6, 13), (3, 4, 9), (6, 7, 15), (3, 7, 8), (5, 8, 20), (4, 5, 11)}
INFO:root:on bit: 27 and error set looks like: {(1, 10, 4), (1, 5, 12), (5, 6, 13), (3, 4, 9), (6, 7, 15), (3, 7, 8), (5, 8, 20), (4, 5, 11)}
INFO:root:on bit: 30 and error set looks like: {(1, 10, 4), (10, 11, 29), (1, 5, 12), (5, 6, 13), (3, 4, 9), (6, 7, 15), (9, 10, 27), (3, 7, 8), (5, 8, 20), (4, 5, 11)}
